2006.02.17 12:08 B d:\eclipseProjects\Lemu2p0\APIs\jm\music\tools\ga\BestNSurvivorSelector.java --> ftphome.ci.qut.edu.au /20060216Bkup/APIs/jm/music/tools/ga BestNSurvivorSelector.java
2006.02.17 12:08 B d:\eclipseProjects\Lemu2p0\APIs\jm\music\tools\ga\ClimaticPopInitialiser.java --> ftphome.ci.qut.edu.au /20060216Bkup/APIs/jm/music/tools/ga ClimaticPopInitialiser.java
2006.02.17 12:08 B d:\eclipseProjects\Lemu2p0\APIs\jm\music\tools\ga\ComplexMutater.java --> ftphome.ci.qut.edu.au /20060216Bkup/APIs/jm/music/tools/ga ComplexMutater.java
2006.02.17 12:08 B d:\eclipseProjects\Lemu2p0\APIs\jm\music\tools\ga\ElitismSurvivorSelector.java --> ftphome.ci.qut.edu.au /20060216Bkup/APIs/jm/music/tools/ga ElitismSurvivorSelector.java
2006.02.17 12:08 B d:\eclipseProjects\Lemu2p0\APIs\jm\music\tools\ga\FitnessEvaluater.java --> ftphome.ci.qut.edu.au /20060216Bkup/APIs/jm/music/tools/ga FitnessEvaluater.java
2006.02.17 12:08 B d:\eclipseProjects\Lemu2p0\APIs\jm\music\tools\ga\GAComponent.java --> ftphome.ci.qut.edu.au /20060216Bkup/APIs/jm/music/tools/ga GAComponent.java
2006.02.17 12:08 B d:\eclipseProjects\Lemu2p0\APIs\jm\music\tools\ga\Mutater.java --> ftphome.ci.qut.edu.au /20060216Bkup/APIs/jm/music/tools/ga Mutater.java
2006.02.17 12:08 B d:\eclipseProjects\Lemu2p0\APIs\jm\music\tools\ga\NormalDistributionFE.java --> ftphome.ci.qut.edu.au /20060216Bkup/APIs/jm/music/tools/ga NormalDistributionFE.java
2006.02.17 12:08 B d:\eclipseProjects\Lemu2p0\APIs\jm\music\tools\ga\NoTerminationCriteria.java --> ftphome.ci.qut.edu.au /20060216Bkup/APIs/jm/music/tools/ga NoTerminationCriteria.java
2006.02.17 12:08 B d:\eclipseProjects\Lemu2p0\APIs\jm\music\tools\ga\OnePointCrossover.java --> ftphome.ci.qut.edu.au /20060216Bkup/APIs/jm/music/tools/ga OnePointCrossover.java
2006.02.17 12:08 B d:\eclipseProjects\Lemu2p0\APIs\jm\music\tools\ga\ParentSelector.java --> ftphome.ci.qut.edu.au /20060216Bkup/APIs/jm/music/tools/ga ParentSelector.java
2006.02.17 12:08 B d:\eclipseProjects\Lemu2p0\APIs\jm\music\tools\ga\PhrGeneticAlgorithm.java --> ftphome.ci.qut.edu.au /20060216Bkup/APIs/jm/music/tools/ga PhrGeneticAlgorithm.java
2006.02.17 12:08 B d:\eclipseProjects\Lemu2p0\APIs\jm\music\tools\ga\PopulationInitialiser.java --> ftphome.ci.qut.edu.au /20060216Bkup/APIs/jm/music/tools/ga PopulationInitialiser.java
2006.02.17 12:08 B d:\eclipseProjects\Lemu2p0\APIs\jm\music\tools\ga\Recombiner.java --> ftphome.ci.qut.edu.au /20060216Bkup/APIs/jm/music/tools/ga Recombiner.java
2006.02.17 12:08 B d:\eclipseProjects\Lemu2p0\APIs\jm\music\tools\ga\SimpleParentSelector.java --> ftphome.ci.qut.edu.au /20060216Bkup/APIs/jm/music/tools/ga SimpleParentSelector.java
2006.02.17 12:08 B d:\eclipseProjects\Lemu2p0\APIs\jm\music\tools\ga\SurvivorSelector.java --> ftphome.ci.qut.edu.au /20060216Bkup/APIs/jm/music/tools/ga SurvivorSelector.java
2006.02.17 12:08 B d:\eclipseProjects\Lemu2p0\APIs\jm\music\tools\ga\TerminationCriteria.java --> ftphome.ci.qut.edu.au /20060216Bkup/APIs/jm/music/tools/ga TerminationCriteria.java
2006.02.20 21:28 B D:\eclipseProjects\Lemu2p0\APIs\jm\music\tools\ga\BestNSurvivorSelector.java --> ftphome.ci.qut.edu.au /20060220bkup/APIs/jm/music/tools/ga BestNSurvivorSelector.java
2006.02.20 21:28 B D:\eclipseProjects\Lemu2p0\APIs\jm\music\tools\ga\ClimaticPopInitialiser.java --> ftphome.ci.qut.edu.au /20060220bkup/APIs/jm/music/tools/ga ClimaticPopInitialiser.java
2006.02.20 21:28 B D:\eclipseProjects\Lemu2p0\APIs\jm\music\tools\ga\ComplexMutater.java --> ftphome.ci.qut.edu.au /20060220bkup/APIs/jm/music/tools/ga ComplexMutater.java
2006.02.20 21:28 B D:\eclipseProjects\Lemu2p0\APIs\jm\music\tools\ga\ElitismSurvivorSelector.java --> ftphome.ci.qut.edu.au /20060220bkup/APIs/jm/music/tools/ga ElitismSurvivorSelector.java
2006.02.20 21:28 B D:\eclipseProjects\Lemu2p0\APIs\jm\music\tools\ga\FitnessEvaluater.java --> ftphome.ci.qut.edu.au /20060220bkup/APIs/jm/music/tools/ga FitnessEvaluater.java
2006.02.20 21:28 B D:\eclipseProjects\Lemu2p0\APIs\jm\music\tools\ga\GAComponent.java --> ftphome.ci.qut.edu.au /20060220bkup/APIs/jm/music/tools/ga GAComponent.java
2006.02.20 21:28 B D:\eclipseProjects\Lemu2p0\APIs\jm\music\tools\ga\Mutater.java --> ftphome.ci.qut.edu.au /20060220bkup/APIs/jm/music/tools/ga Mutater.java
2006.02.20 21:28 B D:\eclipseProjects\Lemu2p0\APIs\jm\music\tools\ga\NormalDistributionFE.java --> ftphome.ci.qut.edu.au /20060220bkup/APIs/jm/music/tools/ga NormalDistributionFE.java
2006.02.20 21:28 B D:\eclipseProjects\Lemu2p0\APIs\jm\music\tools\ga\NoTerminationCriteria.java --> ftphome.ci.qut.edu.au /20060220bkup/APIs/jm/music/tools/ga NoTerminationCriteria.java
2006.02.20 21:29 B D:\eclipseProjects\Lemu2p0\APIs\jm\music\tools\ga\OnePointCrossover.java --> ftphome.ci.qut.edu.au /20060220bkup/APIs/jm/music/tools/ga OnePointCrossover.java
2006.02.20 21:29 B D:\eclipseProjects\Lemu2p0\APIs\jm\music\tools\ga\ParentSelector.java --> ftphome.ci.qut.edu.au /20060220bkup/APIs/jm/music/tools/ga ParentSelector.java
2006.02.20 21:29 B D:\eclipseProjects\Lemu2p0\APIs\jm\music\tools\ga\PhrGeneticAlgorithm.java --> ftphome.ci.qut.edu.au /20060220bkup/APIs/jm/music/tools/ga PhrGeneticAlgorithm.java
2006.02.20 21:29 B D:\eclipseProjects\Lemu2p0\APIs\jm\music\tools\ga\PopulationInitialiser.java --> ftphome.ci.qut.edu.au /20060220bkup/APIs/jm/music/tools/ga PopulationInitialiser.java
2006.02.20 21:29 B D:\eclipseProjects\Lemu2p0\APIs\jm\music\tools\ga\Recombiner.java --> ftphome.ci.qut.edu.au /20060220bkup/APIs/jm/music/tools/ga Recombiner.java
2006.02.20 21:29 B D:\eclipseProjects\Lemu2p0\APIs\jm\music\tools\ga\SimpleParentSelector.java --> ftphome.ci.qut.edu.au /20060220bkup/APIs/jm/music/tools/ga SimpleParentSelector.java
2006.02.20 21:29 B D:\eclipseProjects\Lemu2p0\APIs\jm\music\tools\ga\SurvivorSelector.java --> ftphome.ci.qut.edu.au /20060220bkup/APIs/jm/music/tools/ga SurvivorSelector.java
2006.02.20 21:29 B D:\eclipseProjects\Lemu2p0\APIs\jm\music\tools\ga\TerminationCriteria.java --> ftphome.ci.qut.edu.au /20060220bkup/APIs/jm/music/tools/ga TerminationCriteria.java
2006.02.20 21:29 B D:\eclipseProjects\Lemu2p0\APIs\jm\music\tools\ga\WS_FTP.LOG --> ftphome.ci.qut.edu.au /20060220bkup/APIs/jm/music/tools/ga WS_FTP.LOG
2006.04.27 12:02 B D:\eclipseProjects\LEMu2p0j14\APIs\jm\music\tools\ga\BestNSurvivorSelector.java --> ftphome.ci.qut.edu.au /20060427bkupBeforesmoothing/APIs/jm/music/tools/ga BestNSurvivorSelector.java
2006.04.27 12:02 B D:\eclipseProjects\LEMu2p0j14\APIs\jm\music\tools\ga\ClimaticPopInitialiser.java --> ftphome.ci.qut.edu.au /20060427bkupBeforesmoothing/APIs/jm/music/tools/ga ClimaticPopInitialiser.java
2006.04.27 12:02 B D:\eclipseProjects\LEMu2p0j14\APIs\jm\music\tools\ga\ComplexMutater.java --> ftphome.ci.qut.edu.au /20060427bkupBeforesmoothing/APIs/jm/music/tools/ga ComplexMutater.java
2006.04.27 12:02 B D:\eclipseProjects\LEMu2p0j14\APIs\jm\music\tools\ga\ElitismSurvivorSelector.java --> ftphome.ci.qut.edu.au /20060427bkupBeforesmoothing/APIs/jm/music/tools/ga ElitismSurvivorSelector.java
2006.04.27 12:02 B D:\eclipseProjects\LEMu2p0j14\APIs\jm\music\tools\ga\FitnessEvaluater.java --> ftphome.ci.qut.edu.au /20060427bkupBeforesmoothing/APIs/jm/music/tools/ga FitnessEvaluater.java
2006.04.27 12:02 B D:\eclipseProjects\LEMu2p0j14\APIs\jm\music\tools\ga\GAComponent.java --> ftphome.ci.qut.edu.au /20060427bkupBeforesmoothing/APIs/jm/music/tools/ga GAComponent.java
2006.04.27 12:02 B D:\eclipseProjects\LEMu2p0j14\APIs\jm\music\tools\ga\Mutater.java --> ftphome.ci.qut.edu.au /20060427bkupBeforesmoothing/APIs/jm/music/tools/ga Mutater.java
2006.04.27 12:02 B D:\eclipseProjects\LEMu2p0j14\APIs\jm\music\tools\ga\NormalDistributionFE.java --> ftphome.ci.qut.edu.au /20060427bkupBeforesmoothing/APIs/jm/music/tools/ga NormalDistributionFE.java
2006.04.27 12:02 B D:\eclipseProjects\LEMu2p0j14\APIs\jm\music\tools\ga\NoTerminationCriteria.java --> ftphome.ci.qut.edu.au /20060427bkupBeforesmoothing/APIs/jm/music/tools/ga NoTerminationCriteria.java
2006.04.27 12:02 B D:\eclipseProjects\LEMu2p0j14\APIs\jm\music\tools\ga\OnePointCrossover.java --> ftphome.ci.qut.edu.au /20060427bkupBeforesmoothing/APIs/jm/music/tools/ga OnePointCrossover.java
2006.04.27 12:02 B D:\eclipseProjects\LEMu2p0j14\APIs\jm\music\tools\ga\ParentSelector.java --> ftphome.ci.qut.edu.au /20060427bkupBeforesmoothing/APIs/jm/music/tools/ga ParentSelector.java
2006.04.27 12:02 B D:\eclipseProjects\LEMu2p0j14\APIs\jm\music\tools\ga\PhrGeneticAlgorithm.java --> ftphome.ci.qut.edu.au /20060427bkupBeforesmoothing/APIs/jm/music/tools/ga PhrGeneticAlgorithm.java
2006.04.27 12:02 B D:\eclipseProjects\LEMu2p0j14\APIs\jm\music\tools\ga\PopulationInitialiser.java --> ftphome.ci.qut.edu.au /20060427bkupBeforesmoothing/APIs/jm/music/tools/ga PopulationInitialiser.java
2006.04.27 12:02 B D:\eclipseProjects\LEMu2p0j14\APIs\jm\music\tools\ga\Recombiner.java --> ftphome.ci.qut.edu.au /20060427bkupBeforesmoothing/APIs/jm/music/tools/ga Recombiner.java
2006.04.27 12:02 B D:\eclipseProjects\LEMu2p0j14\APIs\jm\music\tools\ga\SimpleParentSelector.java --> ftphome.ci.qut.edu.au /20060427bkupBeforesmoothing/APIs/jm/music/tools/ga SimpleParentSelector.java
2006.04.27 12:02 B D:\eclipseProjects\LEMu2p0j14\APIs\jm\music\tools\ga\SurvivorSelector.java --> ftphome.ci.qut.edu.au /20060427bkupBeforesmoothing/APIs/jm/music/tools/ga SurvivorSelector.java
2006.04.27 12:02 B D:\eclipseProjects\LEMu2p0j14\APIs\jm\music\tools\ga\TerminationCriteria.java --> ftphome.ci.qut.edu.au /20060427bkupBeforesmoothing/APIs/jm/music/tools/ga TerminationCriteria.java
2006.04.27 12:02 B D:\eclipseProjects\LEMu2p0j14\APIs\jm\music\tools\ga\WS_FTP.LOG --> ftphome.ci.qut.edu.au /20060427bkupBeforesmoothing/APIs/jm/music/tools/ga WS_FTP.LOG
