2006.02.17 12:12 B d:\eclipseProjects\Lemu2p0\APIs\ren\gui\seqEdit\BeatListener.java --> ftphome.ci.qut.edu.au /20060216Bkup/APIs/ren/gui/seqEdit BeatListener.java
2006.02.17 12:12 B d:\eclipseProjects\Lemu2p0\APIs\ren\gui\seqEdit\BeatTracker.java --> ftphome.ci.qut.edu.au /20060216Bkup/APIs/ren/gui/seqEdit BeatTracker.java
2006.02.17 12:12 B d:\eclipseProjects\Lemu2p0\APIs\ren\gui\seqEdit\DraggableBTracker.java --> ftphome.ci.qut.edu.au /20060216Bkup/APIs/ren/gui/seqEdit DraggableBTracker.java
2006.02.17 12:12 B d:\eclipseProjects\Lemu2p0\APIs\ren\gui\seqEdit\DraggableNote.java --> ftphome.ci.qut.edu.au /20060216Bkup/APIs/ren/gui/seqEdit DraggableNote.java
2006.02.17 12:12 B d:\eclipseProjects\Lemu2p0\APIs\ren\gui\seqEdit\DragTab.java --> ftphome.ci.qut.edu.au /20060216Bkup/APIs/ren/gui/seqEdit DragTab.java
2006.02.17 12:12 B d:\eclipseProjects\Lemu2p0\APIs\ren\gui\seqEdit\NoteDragTab.java --> ftphome.ci.qut.edu.au /20060216Bkup/APIs/ren/gui/seqEdit NoteDragTab.java
2006.02.17 12:12 B d:\eclipseProjects\Lemu2p0\APIs\ren\gui\seqEdit\NotePanel.java --> ftphome.ci.qut.edu.au /20060216Bkup/APIs/ren/gui/seqEdit NotePanel.java
2006.02.17 12:12 B d:\eclipseProjects\Lemu2p0\APIs\ren\gui\seqEdit\NotePanelEditor.java --> ftphome.ci.qut.edu.au /20060216Bkup/APIs/ren/gui/seqEdit NotePanelEditor.java
2006.02.17 12:12 B d:\eclipseProjects\Lemu2p0\APIs\ren\gui\seqEdit\NoteToGraphicsConverter.java --> ftphome.ci.qut.edu.au /20060216Bkup/APIs/ren/gui/seqEdit NoteToGraphicsConverter.java
2006.02.17 12:12 B d:\eclipseProjects\Lemu2p0\APIs\ren\gui\seqEdit\ParamModelNTGC.java --> ftphome.ci.qut.edu.au /20060216Bkup/APIs/ren/gui/seqEdit ParamModelNTGC.java
2006.02.17 12:12 B d:\eclipseProjects\Lemu2p0\APIs\ren\gui\seqEdit\ParamNotePanel.java --> ftphome.ci.qut.edu.au /20060216Bkup/APIs/ren/gui/seqEdit ParamNotePanel.java
2006.02.17 12:12 B d:\eclipseProjects\Lemu2p0\APIs\ren\gui\seqEdit\ParamNTGC.java --> ftphome.ci.qut.edu.au /20060216Bkup/APIs/ren/gui/seqEdit ParamNTGC.java
2006.02.17 12:12 B d:\eclipseProjects\Lemu2p0\APIs\ren\gui\seqEdit\PartEditor.java --> ftphome.ci.qut.edu.au /20060216Bkup/APIs/ren/gui/seqEdit PartEditor.java
2006.02.17 12:12 B d:\eclipseProjects\Lemu2p0\APIs\ren\gui\seqEdit\PitchLighter.java --> ftphome.ci.qut.edu.au /20060216Bkup/APIs/ren/gui/seqEdit PitchLighter.java
2006.02.17 12:12 B d:\eclipseProjects\Lemu2p0\APIs\ren\gui\seqEdit\ScaleEditor.java --> ftphome.ci.qut.edu.au /20060216Bkup/APIs/ren/gui/seqEdit ScaleEditor.java
2006.02.17 12:12 B d:\eclipseProjects\Lemu2p0\APIs\ren\gui\seqEdit\ScoreEditor.java --> ftphome.ci.qut.edu.au /20060216Bkup/APIs/ren/gui/seqEdit ScoreEditor.java
2006.02.17 12:12 B d:\eclipseProjects\Lemu2p0\APIs\ren\gui\seqEdit\TonalNTGC.java --> ftphome.ci.qut.edu.au /20060216Bkup/APIs/ren/gui/seqEdit TonalNTGC.java
2006.04.27 12:02 B D:\eclipseProjects\LEMu2p0j14\APIs\ren\gui\seqEdit\BeatListener.java --> ftphome.ci.qut.edu.au /20060427bkupBeforesmoothing/APIs/ren/gui/seqEdit BeatListener.java
2006.04.27 12:02 B D:\eclipseProjects\LEMu2p0j14\APIs\ren\gui\seqEdit\BeatTracker.java --> ftphome.ci.qut.edu.au /20060427bkupBeforesmoothing/APIs/ren/gui/seqEdit BeatTracker.java
2006.04.27 12:02 B D:\eclipseProjects\LEMu2p0j14\APIs\ren\gui\seqEdit\DraggableBTracker.java --> ftphome.ci.qut.edu.au /20060427bkupBeforesmoothing/APIs/ren/gui/seqEdit DraggableBTracker.java
2006.04.27 12:02 B D:\eclipseProjects\LEMu2p0j14\APIs\ren\gui\seqEdit\DraggableNote.java --> ftphome.ci.qut.edu.au /20060427bkupBeforesmoothing/APIs/ren/gui/seqEdit DraggableNote.java
2006.04.27 12:02 B D:\eclipseProjects\LEMu2p0j14\APIs\ren\gui\seqEdit\DragTab.java --> ftphome.ci.qut.edu.au /20060427bkupBeforesmoothing/APIs/ren/gui/seqEdit DragTab.java
2006.04.27 12:02 B D:\eclipseProjects\LEMu2p0j14\APIs\ren\gui\seqEdit\NoteDragTab.java --> ftphome.ci.qut.edu.au /20060427bkupBeforesmoothing/APIs/ren/gui/seqEdit NoteDragTab.java
2006.04.27 12:02 B D:\eclipseProjects\LEMu2p0j14\APIs\ren\gui\seqEdit\NotePanel.java --> ftphome.ci.qut.edu.au /20060427bkupBeforesmoothing/APIs/ren/gui/seqEdit NotePanel.java
2006.04.27 12:02 B D:\eclipseProjects\LEMu2p0j14\APIs\ren\gui\seqEdit\NotePanelEditor.java --> ftphome.ci.qut.edu.au /20060427bkupBeforesmoothing/APIs/ren/gui/seqEdit NotePanelEditor.java
2006.04.27 12:02 B D:\eclipseProjects\LEMu2p0j14\APIs\ren\gui\seqEdit\NoteToGraphicsConverter.java --> ftphome.ci.qut.edu.au /20060427bkupBeforesmoothing/APIs/ren/gui/seqEdit NoteToGraphicsConverter.java
2006.04.27 12:02 B D:\eclipseProjects\LEMu2p0j14\APIs\ren\gui\seqEdit\ParamModelNTGC.java --> ftphome.ci.qut.edu.au /20060427bkupBeforesmoothing/APIs/ren/gui/seqEdit ParamModelNTGC.java
2006.04.27 12:02 B D:\eclipseProjects\LEMu2p0j14\APIs\ren\gui\seqEdit\ParamNotePanel.java --> ftphome.ci.qut.edu.au /20060427bkupBeforesmoothing/APIs/ren/gui/seqEdit ParamNotePanel.java
2006.04.27 12:02 B D:\eclipseProjects\LEMu2p0j14\APIs\ren\gui\seqEdit\ParamNTGC.java --> ftphome.ci.qut.edu.au /20060427bkupBeforesmoothing/APIs/ren/gui/seqEdit ParamNTGC.java
2006.04.27 12:02 B D:\eclipseProjects\LEMu2p0j14\APIs\ren\gui\seqEdit\PartEditor.java --> ftphome.ci.qut.edu.au /20060427bkupBeforesmoothing/APIs/ren/gui/seqEdit PartEditor.java
2006.04.27 12:02 B D:\eclipseProjects\LEMu2p0j14\APIs\ren\gui\seqEdit\PitchLighter.java --> ftphome.ci.qut.edu.au /20060427bkupBeforesmoothing/APIs/ren/gui/seqEdit PitchLighter.java
2006.04.27 12:02 B D:\eclipseProjects\LEMu2p0j14\APIs\ren\gui\seqEdit\ScaleEditor.java --> ftphome.ci.qut.edu.au /20060427bkupBeforesmoothing/APIs/ren/gui/seqEdit ScaleEditor.java
2006.04.27 12:02 B D:\eclipseProjects\LEMu2p0j14\APIs\ren\gui\seqEdit\ScoreEditor.java --> ftphome.ci.qut.edu.au /20060427bkupBeforesmoothing/APIs/ren/gui/seqEdit ScoreEditor.java
2006.04.27 12:02 B D:\eclipseProjects\LEMu2p0j14\APIs\ren\gui\seqEdit\TonalNTGC.java --> ftphome.ci.qut.edu.au /20060427bkupBeforesmoothing/APIs/ren/gui/seqEdit TonalNTGC.java
2006.04.27 12:02 B D:\eclipseProjects\LEMu2p0j14\APIs\ren\gui\seqEdit\WS_FTP.LOG --> ftphome.ci.qut.edu.au /20060427bkupBeforesmoothing/APIs/ren/gui/seqEdit WS_FTP.LOG
