2006.02.17 12:03 B d:\eclipseProjects\Lemu2p0\APIs\jm\audio\io\AudioFileIn.java --> ftphome.ci.qut.edu.au /20060216Bkup/APIs/jm/audio/io AudioFileIn.java
2006.02.17 12:03 B d:\eclipseProjects\Lemu2p0\APIs\jm\audio\io\AudioFileOut.java --> ftphome.ci.qut.edu.au /20060216Bkup/APIs/jm/audio/io AudioFileOut.java
2006.02.17 12:03 B d:\eclipseProjects\Lemu2p0\APIs\jm\audio\io\PrintOut.java --> ftphome.ci.qut.edu.au /20060216Bkup/APIs/jm/audio/io PrintOut.java
2006.02.17 12:03 B d:\eclipseProjects\Lemu2p0\APIs\jm\audio\io\RTIn.java --> ftphome.ci.qut.edu.au /20060216Bkup/APIs/jm/audio/io RTIn.java
2006.02.17 12:03 B d:\eclipseProjects\Lemu2p0\APIs\jm\audio\io\SampleIn.java --> ftphome.ci.qut.edu.au /20060216Bkup/APIs/jm/audio/io SampleIn.java
2006.02.17 12:03 B d:\eclipseProjects\Lemu2p0\APIs\jm\audio\io\SampleOut.java --> ftphome.ci.qut.edu.au /20060216Bkup/APIs/jm/audio/io SampleOut.java
2006.02.17 12:03 B d:\eclipseProjects\Lemu2p0\APIs\jm\audio\io\TextIn.java --> ftphome.ci.qut.edu.au /20060216Bkup/APIs/jm/audio/io TextIn.java
2006.02.20 21:23 B D:\eclipseProjects\Lemu2p0\APIs\jm\audio\io\AudioFileIn.java --> ftphome.ci.qut.edu.au /20060220bkup/APIs/jm/audio/io AudioFileIn.java
2006.02.20 21:23 B D:\eclipseProjects\Lemu2p0\APIs\jm\audio\io\AudioFileOut.java --> ftphome.ci.qut.edu.au /20060220bkup/APIs/jm/audio/io AudioFileOut.java
2006.02.20 21:23 B D:\eclipseProjects\Lemu2p0\APIs\jm\audio\io\PrintOut.java --> ftphome.ci.qut.edu.au /20060220bkup/APIs/jm/audio/io PrintOut.java
2006.02.20 21:23 B D:\eclipseProjects\Lemu2p0\APIs\jm\audio\io\RTIn.java --> ftphome.ci.qut.edu.au /20060220bkup/APIs/jm/audio/io RTIn.java
2006.02.20 21:23 B D:\eclipseProjects\Lemu2p0\APIs\jm\audio\io\SampleIn.java --> ftphome.ci.qut.edu.au /20060220bkup/APIs/jm/audio/io SampleIn.java
2006.02.20 21:23 B D:\eclipseProjects\Lemu2p0\APIs\jm\audio\io\SampleOut.java --> ftphome.ci.qut.edu.au /20060220bkup/APIs/jm/audio/io SampleOut.java
2006.02.20 21:23 B D:\eclipseProjects\Lemu2p0\APIs\jm\audio\io\TextIn.java --> ftphome.ci.qut.edu.au /20060220bkup/APIs/jm/audio/io TextIn.java
2006.02.20 21:23 B D:\eclipseProjects\Lemu2p0\APIs\jm\audio\io\WS_FTP.LOG --> ftphome.ci.qut.edu.au /20060220bkup/APIs/jm/audio/io WS_FTP.LOG
2006.04.27 12:02 B D:\eclipseProjects\LEMu2p0j14\APIs\jm\audio\io\AudioFileIn.java --> ftphome.ci.qut.edu.au /20060427bkupBeforesmoothing/APIs/jm/audio/io AudioFileIn.java
2006.04.27 12:02 B D:\eclipseProjects\LEMu2p0j14\APIs\jm\audio\io\AudioFileOut.java --> ftphome.ci.qut.edu.au /20060427bkupBeforesmoothing/APIs/jm/audio/io AudioFileOut.java
2006.04.27 12:02 B D:\eclipseProjects\LEMu2p0j14\APIs\jm\audio\io\PrintOut.java --> ftphome.ci.qut.edu.au /20060427bkupBeforesmoothing/APIs/jm/audio/io PrintOut.java
2006.04.27 12:02 B D:\eclipseProjects\LEMu2p0j14\APIs\jm\audio\io\RTIn.java --> ftphome.ci.qut.edu.au /20060427bkupBeforesmoothing/APIs/jm/audio/io RTIn.java
2006.04.27 12:02 B D:\eclipseProjects\LEMu2p0j14\APIs\jm\audio\io\SampleIn.java --> ftphome.ci.qut.edu.au /20060427bkupBeforesmoothing/APIs/jm/audio/io SampleIn.java
2006.04.27 12:02 B D:\eclipseProjects\LEMu2p0j14\APIs\jm\audio\io\SampleOut.java --> ftphome.ci.qut.edu.au /20060427bkupBeforesmoothing/APIs/jm/audio/io SampleOut.java
2006.04.27 12:02 B D:\eclipseProjects\LEMu2p0j14\APIs\jm\audio\io\TextIn.java --> ftphome.ci.qut.edu.au /20060427bkupBeforesmoothing/APIs/jm/audio/io TextIn.java
2006.04.27 12:02 B D:\eclipseProjects\LEMu2p0j14\APIs\jm\audio\io\WS_FTP.LOG --> ftphome.ci.qut.edu.au /20060427bkupBeforesmoothing/APIs/jm/audio/io WS_FTP.LOG
