2006.02.17 12:06 B d:\eclipseProjects\Lemu2p0\APIs\jm\midi\event\ATouch.java --> ftphome.ci.qut.edu.au /20060216Bkup/APIs/jm/midi/event ATouch.java
2006.02.17 12:06 B d:\eclipseProjects\Lemu2p0\APIs\jm\midi\event\CChange.java --> ftphome.ci.qut.edu.au /20060216Bkup/APIs/jm/midi/event CChange.java
2006.02.17 12:06 B d:\eclipseProjects\Lemu2p0\APIs\jm\midi\event\CPres.java --> ftphome.ci.qut.edu.au /20060216Bkup/APIs/jm/midi/event CPres.java
2006.02.17 12:06 B d:\eclipseProjects\Lemu2p0\APIs\jm\midi\event\EndTrack.java --> ftphome.ci.qut.edu.au /20060216Bkup/APIs/jm/midi/event EndTrack.java
2006.02.17 12:07 B d:\eclipseProjects\Lemu2p0\APIs\jm\midi\event\Event.java --> ftphome.ci.qut.edu.au /20060216Bkup/APIs/jm/midi/event Event.java
2006.02.17 12:07 B d:\eclipseProjects\Lemu2p0\APIs\jm\midi\event\KeySig.java --> ftphome.ci.qut.edu.au /20060216Bkup/APIs/jm/midi/event KeySig.java
2006.02.17 12:07 B d:\eclipseProjects\Lemu2p0\APIs\jm\midi\event\NoteOff.java --> ftphome.ci.qut.edu.au /20060216Bkup/APIs/jm/midi/event NoteOff.java
2006.02.17 12:07 B d:\eclipseProjects\Lemu2p0\APIs\jm\midi\event\NoteOn.java --> ftphome.ci.qut.edu.au /20060216Bkup/APIs/jm/midi/event NoteOn.java
2006.02.17 12:07 B d:\eclipseProjects\Lemu2p0\APIs\jm\midi\event\PChange.java --> ftphome.ci.qut.edu.au /20060216Bkup/APIs/jm/midi/event PChange.java
2006.02.17 12:07 B d:\eclipseProjects\Lemu2p0\APIs\jm\midi\event\PWheel.java --> ftphome.ci.qut.edu.au /20060216Bkup/APIs/jm/midi/event PWheel.java
2006.02.17 12:07 B d:\eclipseProjects\Lemu2p0\APIs\jm\midi\event\SysComEvt.java --> ftphome.ci.qut.edu.au /20060216Bkup/APIs/jm/midi/event SysComEvt.java
2006.02.17 12:07 B d:\eclipseProjects\Lemu2p0\APIs\jm\midi\event\SysEx.java --> ftphome.ci.qut.edu.au /20060216Bkup/APIs/jm/midi/event SysEx.java
2006.02.17 12:07 B d:\eclipseProjects\Lemu2p0\APIs\jm\midi\event\TempoEvent.java --> ftphome.ci.qut.edu.au /20060216Bkup/APIs/jm/midi/event TempoEvent.java
2006.02.17 12:07 B d:\eclipseProjects\Lemu2p0\APIs\jm\midi\event\TimeSig.java --> ftphome.ci.qut.edu.au /20060216Bkup/APIs/jm/midi/event TimeSig.java
2006.02.17 12:07 B d:\eclipseProjects\Lemu2p0\APIs\jm\midi\event\VoiceEvt.java --> ftphome.ci.qut.edu.au /20060216Bkup/APIs/jm/midi/event VoiceEvt.java
2006.02.20 21:27 B D:\eclipseProjects\Lemu2p0\APIs\jm\midi\event\ATouch.java --> ftphome.ci.qut.edu.au /20060220bkup/APIs/jm/midi/event ATouch.java
2006.02.20 21:27 B D:\eclipseProjects\Lemu2p0\APIs\jm\midi\event\CChange.java --> ftphome.ci.qut.edu.au /20060220bkup/APIs/jm/midi/event CChange.java
2006.02.20 21:27 B D:\eclipseProjects\Lemu2p0\APIs\jm\midi\event\CPres.java --> ftphome.ci.qut.edu.au /20060220bkup/APIs/jm/midi/event CPres.java
2006.02.20 21:27 B D:\eclipseProjects\Lemu2p0\APIs\jm\midi\event\EndTrack.java --> ftphome.ci.qut.edu.au /20060220bkup/APIs/jm/midi/event EndTrack.java
2006.02.20 21:27 B D:\eclipseProjects\Lemu2p0\APIs\jm\midi\event\Event.java --> ftphome.ci.qut.edu.au /20060220bkup/APIs/jm/midi/event Event.java
2006.02.20 21:27 B D:\eclipseProjects\Lemu2p0\APIs\jm\midi\event\KeySig.java --> ftphome.ci.qut.edu.au /20060220bkup/APIs/jm/midi/event KeySig.java
2006.02.20 21:27 B D:\eclipseProjects\Lemu2p0\APIs\jm\midi\event\NoteOff.java --> ftphome.ci.qut.edu.au /20060220bkup/APIs/jm/midi/event NoteOff.java
2006.02.20 21:27 B D:\eclipseProjects\Lemu2p0\APIs\jm\midi\event\NoteOn.java --> ftphome.ci.qut.edu.au /20060220bkup/APIs/jm/midi/event NoteOn.java
2006.02.20 21:27 B D:\eclipseProjects\Lemu2p0\APIs\jm\midi\event\PChange.java --> ftphome.ci.qut.edu.au /20060220bkup/APIs/jm/midi/event PChange.java
2006.02.20 21:27 B D:\eclipseProjects\Lemu2p0\APIs\jm\midi\event\PWheel.java --> ftphome.ci.qut.edu.au /20060220bkup/APIs/jm/midi/event PWheel.java
2006.02.20 21:27 B D:\eclipseProjects\Lemu2p0\APIs\jm\midi\event\SysComEvt.java --> ftphome.ci.qut.edu.au /20060220bkup/APIs/jm/midi/event SysComEvt.java
2006.02.20 21:27 B D:\eclipseProjects\Lemu2p0\APIs\jm\midi\event\SysEx.java --> ftphome.ci.qut.edu.au /20060220bkup/APIs/jm/midi/event SysEx.java
2006.02.20 21:27 B D:\eclipseProjects\Lemu2p0\APIs\jm\midi\event\TempoEvent.java --> ftphome.ci.qut.edu.au /20060220bkup/APIs/jm/midi/event TempoEvent.java
2006.02.20 21:27 B D:\eclipseProjects\Lemu2p0\APIs\jm\midi\event\TimeSig.java --> ftphome.ci.qut.edu.au /20060220bkup/APIs/jm/midi/event TimeSig.java
2006.02.20 21:27 B D:\eclipseProjects\Lemu2p0\APIs\jm\midi\event\VoiceEvt.java --> ftphome.ci.qut.edu.au /20060220bkup/APIs/jm/midi/event VoiceEvt.java
2006.02.20 21:27 B D:\eclipseProjects\Lemu2p0\APIs\jm\midi\event\WS_FTP.LOG --> ftphome.ci.qut.edu.au /20060220bkup/APIs/jm/midi/event WS_FTP.LOG
2006.04.27 12:02 B D:\eclipseProjects\LEMu2p0j14\APIs\jm\midi\event\ATouch.java --> ftphome.ci.qut.edu.au /20060427bkupBeforesmoothing/APIs/jm/midi/event ATouch.java
2006.04.27 12:02 B D:\eclipseProjects\LEMu2p0j14\APIs\jm\midi\event\CChange.java --> ftphome.ci.qut.edu.au /20060427bkupBeforesmoothing/APIs/jm/midi/event CChange.java
2006.04.27 12:02 B D:\eclipseProjects\LEMu2p0j14\APIs\jm\midi\event\CPres.java --> ftphome.ci.qut.edu.au /20060427bkupBeforesmoothing/APIs/jm/midi/event CPres.java
2006.04.27 12:02 B D:\eclipseProjects\LEMu2p0j14\APIs\jm\midi\event\EndTrack.java --> ftphome.ci.qut.edu.au /20060427bkupBeforesmoothing/APIs/jm/midi/event EndTrack.java
2006.04.27 12:02 B D:\eclipseProjects\LEMu2p0j14\APIs\jm\midi\event\Event.java --> ftphome.ci.qut.edu.au /20060427bkupBeforesmoothing/APIs/jm/midi/event Event.java
2006.04.27 12:02 B D:\eclipseProjects\LEMu2p0j14\APIs\jm\midi\event\KeySig.java --> ftphome.ci.qut.edu.au /20060427bkupBeforesmoothing/APIs/jm/midi/event KeySig.java
2006.04.27 12:02 B D:\eclipseProjects\LEMu2p0j14\APIs\jm\midi\event\NoteOff.java --> ftphome.ci.qut.edu.au /20060427bkupBeforesmoothing/APIs/jm/midi/event NoteOff.java
2006.04.27 12:02 B D:\eclipseProjects\LEMu2p0j14\APIs\jm\midi\event\NoteOn.java --> ftphome.ci.qut.edu.au /20060427bkupBeforesmoothing/APIs/jm/midi/event NoteOn.java
2006.04.27 12:02 B D:\eclipseProjects\LEMu2p0j14\APIs\jm\midi\event\PChange.java --> ftphome.ci.qut.edu.au /20060427bkupBeforesmoothing/APIs/jm/midi/event PChange.java
2006.04.27 12:02 B D:\eclipseProjects\LEMu2p0j14\APIs\jm\midi\event\PWheel.java --> ftphome.ci.qut.edu.au /20060427bkupBeforesmoothing/APIs/jm/midi/event PWheel.java
2006.04.27 12:02 B D:\eclipseProjects\LEMu2p0j14\APIs\jm\midi\event\SysComEvt.java --> ftphome.ci.qut.edu.au /20060427bkupBeforesmoothing/APIs/jm/midi/event SysComEvt.java
2006.04.27 12:02 B D:\eclipseProjects\LEMu2p0j14\APIs\jm\midi\event\SysEx.java --> ftphome.ci.qut.edu.au /20060427bkupBeforesmoothing/APIs/jm/midi/event SysEx.java
2006.04.27 12:02 B D:\eclipseProjects\LEMu2p0j14\APIs\jm\midi\event\TempoEvent.java --> ftphome.ci.qut.edu.au /20060427bkupBeforesmoothing/APIs/jm/midi/event TempoEvent.java
2006.04.27 12:02 B D:\eclipseProjects\LEMu2p0j14\APIs\jm\midi\event\TimeSig.java --> ftphome.ci.qut.edu.au /20060427bkupBeforesmoothing/APIs/jm/midi/event TimeSig.java
2006.04.27 12:02 B D:\eclipseProjects\LEMu2p0j14\APIs\jm\midi\event\VoiceEvt.java --> ftphome.ci.qut.edu.au /20060427bkupBeforesmoothing/APIs/jm/midi/event VoiceEvt.java
2006.04.27 12:02 B D:\eclipseProjects\LEMu2p0j14\APIs\jm\midi\event\WS_FTP.LOG --> ftphome.ci.qut.edu.au /20060427bkupBeforesmoothing/APIs/jm/midi/event WS_FTP.LOG
