2006.02.17 11:59 B d:\eclipseProjects\Lemu2p0\src\music\morph\rt\CrossFadeRT.java --> ftphome.ci.qut.edu.au /20060216Bkup/src/music/morph/rt CrossFadeRT.java
2006.02.17 11:59 B d:\eclipseProjects\Lemu2p0\src\music\morph\rt\MarkovMorph2RT.java --> ftphome.ci.qut.edu.au /20060216Bkup/src/music/morph/rt MarkovMorph2RT.java
2006.02.17 11:59 B d:\eclipseProjects\Lemu2p0\src\music\morph\rt\MorpherRT.java --> ftphome.ci.qut.edu.au /20060216Bkup/src/music/morph/rt MorpherRT.java
2006.02.17 11:59 B d:\eclipseProjects\Lemu2p0\src\music\morph\rt\MorphRTFactory.java --> ftphome.ci.qut.edu.au /20060216Bkup/src/music/morph/rt MorphRTFactory.java
2006.02.17 11:59 B d:\eclipseProjects\Lemu2p0\src\music\morph\rt\MTransMorph.java --> ftphome.ci.qut.edu.au /20060216Bkup/src/music/morph/rt MTransMorph.java
2006.02.17 11:59 B d:\eclipseProjects\Lemu2p0\src\music\morph\rt\PriorityMorph.java --> ftphome.ci.qut.edu.au /20060216Bkup/src/music/morph/rt PriorityMorph.java
2006.02.17 11:59 B d:\eclipseProjects\Lemu2p0\src\music\morph\rt\WeightedMorphRT.java --> ftphome.ci.qut.edu.au /20060216Bkup/src/music/morph/rt WeightedMorphRT.java
2006.02.20 21:32 B D:\eclipseProjects\Lemu2p0\src\music\morph\rt\CrossFadeRT.java --> ftphome.ci.qut.edu.au /20060220bkup/src/music/morph/rt CrossFadeRT.java
2006.02.20 21:32 B D:\eclipseProjects\Lemu2p0\src\music\morph\rt\MarkovMorph2RT.java --> ftphome.ci.qut.edu.au /20060220bkup/src/music/morph/rt MarkovMorph2RT.java
2006.02.20 21:32 B D:\eclipseProjects\Lemu2p0\src\music\morph\rt\MorpherRT.java --> ftphome.ci.qut.edu.au /20060220bkup/src/music/morph/rt MorpherRT.java
2006.02.20 21:32 B D:\eclipseProjects\Lemu2p0\src\music\morph\rt\MorphRTFactory.java --> ftphome.ci.qut.edu.au /20060220bkup/src/music/morph/rt MorphRTFactory.java
2006.02.20 21:32 B D:\eclipseProjects\Lemu2p0\src\music\morph\rt\MTransMorph.java --> ftphome.ci.qut.edu.au /20060220bkup/src/music/morph/rt MTransMorph.java
2006.02.20 21:32 B D:\eclipseProjects\Lemu2p0\src\music\morph\rt\PriorityMorph.java --> ftphome.ci.qut.edu.au /20060220bkup/src/music/morph/rt PriorityMorph.java
2006.02.20 21:32 B D:\eclipseProjects\Lemu2p0\src\music\morph\rt\WeightedMorphRT.java --> ftphome.ci.qut.edu.au /20060220bkup/src/music/morph/rt WeightedMorphRT.java
2006.02.20 21:32 B D:\eclipseProjects\Lemu2p0\src\music\morph\rt\WS_FTP.LOG --> ftphome.ci.qut.edu.au /20060220bkup/src/music/morph/rt WS_FTP.LOG
2006.04.27 12:02 B D:\eclipseProjects\LEMu2p0j14\src\music\morph\rt\CrossFadeRT.java --> ftphome.ci.qut.edu.au /20060427bkupBeforesmoothing/src/music/morph/rt CrossFadeRT.java
2006.04.27 12:02 B D:\eclipseProjects\LEMu2p0j14\src\music\morph\rt\MarkovMorph2RT.java --> ftphome.ci.qut.edu.au /20060427bkupBeforesmoothing/src/music/morph/rt MarkovMorph2RT.java
2006.04.27 12:02 B D:\eclipseProjects\LEMu2p0j14\src\music\morph\rt\MorpherRT.java --> ftphome.ci.qut.edu.au /20060427bkupBeforesmoothing/src/music/morph/rt MorpherRT.java
2006.04.27 12:02 B D:\eclipseProjects\LEMu2p0j14\src\music\morph\rt\MorphRTFactory.java --> ftphome.ci.qut.edu.au /20060427bkupBeforesmoothing/src/music/morph/rt MorphRTFactory.java
2006.04.27 12:02 B D:\eclipseProjects\LEMu2p0j14\src\music\morph\rt\MTransMorph.java --> ftphome.ci.qut.edu.au /20060427bkupBeforesmoothing/src/music/morph/rt MTransMorph.java
2006.04.27 12:02 B D:\eclipseProjects\LEMu2p0j14\src\music\morph\rt\PriorityMorph.java --> ftphome.ci.qut.edu.au /20060427bkupBeforesmoothing/src/music/morph/rt PriorityMorph.java
2006.04.27 12:02 B D:\eclipseProjects\LEMu2p0j14\src\music\morph\rt\WeightedMorphRT.java --> ftphome.ci.qut.edu.au /20060427bkupBeforesmoothing/src/music/morph/rt WeightedMorphRT.java
2006.04.27 12:02 B D:\eclipseProjects\LEMu2p0j14\src\music\morph\rt\WS_FTP.LOG --> ftphome.ci.qut.edu.au /20060427bkupBeforesmoothing/src/music/morph/rt WS_FTP.LOG
2006.06.22 18:55 B d:\eclipseProjects\LEMu2p0j14\src\music\morph\rt\CrossFadeRT.java --> ftphome.ci.qut.edu.au /20060622Bkup/src/ai/lplay/music/morph/rt CrossFadeRT.java
2006.06.22 18:55 B d:\eclipseProjects\LEMu2p0j14\src\music\morph\rt\MarkovMorph2RT.java --> ftphome.ci.qut.edu.au /20060622Bkup/src/ai/lplay/music/morph/rt MarkovMorph2RT.java
2006.06.22 18:55 B d:\eclipseProjects\LEMu2p0j14\src\music\morph\rt\MorpherRT.java --> ftphome.ci.qut.edu.au /20060622Bkup/src/ai/lplay/music/morph/rt MorpherRT.java
2006.06.22 18:55 B d:\eclipseProjects\LEMu2p0j14\src\music\morph\rt\MorphRTFactory.java --> ftphome.ci.qut.edu.au /20060622Bkup/src/ai/lplay/music/morph/rt MorphRTFactory.java
2006.06.22 18:55 B d:\eclipseProjects\LEMu2p0j14\src\music\morph\rt\MTransMorph.java --> ftphome.ci.qut.edu.au /20060622Bkup/src/ai/lplay/music/morph/rt MTransMorph.java
2006.06.22 18:55 B d:\eclipseProjects\LEMu2p0j14\src\music\morph\rt\PriorityMorph.java --> ftphome.ci.qut.edu.au /20060622Bkup/src/ai/lplay/music/morph/rt PriorityMorph.java
2006.06.22 18:56 B d:\eclipseProjects\LEMu2p0j14\src\music\morph\rt\WeightedMorphRT.java --> ftphome.ci.qut.edu.au /20060622Bkup/src/ai/lplay/music/morph/rt WeightedMorphRT.java
2006.06.22 18:56 B d:\eclipseProjects\LEMu2p0j14\src\music\morph\rt\WS_FTP.LOG --> ftphome.ci.qut.edu.au /20060622Bkup/src/ai/lplay/music/morph/rt WS_FTP.LOG
