2006.02.17 12:07 B d:\eclipseProjects\Lemu2p0\APIs\jm\midi\MidiInputListener.java --> ftphome.ci.qut.edu.au /20060216Bkup/APIs/jm/midi MidiInputListener.java
2006.02.17 12:07 B d:\eclipseProjects\Lemu2p0\APIs\jm\midi\MidiParser.java --> ftphome.ci.qut.edu.au /20060216Bkup/APIs/jm/midi MidiParser.java
2006.02.17 12:07 B d:\eclipseProjects\Lemu2p0\APIs\jm\midi\MidiSynth.java --> ftphome.ci.qut.edu.au /20060216Bkup/APIs/jm/midi MidiSynth.java
2006.02.17 12:07 B d:\eclipseProjects\Lemu2p0\APIs\jm\midi\MidiUtil.java --> ftphome.ci.qut.edu.au /20060216Bkup/APIs/jm/midi MidiUtil.java
2006.02.17 12:07 B d:\eclipseProjects\Lemu2p0\APIs\jm\midi\RTMidiIn.java --> ftphome.ci.qut.edu.au /20060216Bkup/APIs/jm/midi RTMidiIn.java
2006.02.17 12:07 B d:\eclipseProjects\Lemu2p0\APIs\jm\midi\SMF.java --> ftphome.ci.qut.edu.au /20060216Bkup/APIs/jm/midi SMF.java
2006.02.17 12:07 B d:\eclipseProjects\Lemu2p0\APIs\jm\midi\Track.java --> ftphome.ci.qut.edu.au /20060216Bkup/APIs/jm/midi Track.java
2006.02.20 21:27 B D:\eclipseProjects\Lemu2p0\APIs\jm\midi\MidiInputListener.java --> ftphome.ci.qut.edu.au /20060220bkup/APIs/jm/midi MidiInputListener.java
2006.02.20 21:27 B D:\eclipseProjects\Lemu2p0\APIs\jm\midi\MidiParser.java --> ftphome.ci.qut.edu.au /20060220bkup/APIs/jm/midi MidiParser.java
2006.02.20 21:27 B D:\eclipseProjects\Lemu2p0\APIs\jm\midi\MidiSynth.java --> ftphome.ci.qut.edu.au /20060220bkup/APIs/jm/midi MidiSynth.java
2006.02.20 21:27 B D:\eclipseProjects\Lemu2p0\APIs\jm\midi\MidiUtil.java --> ftphome.ci.qut.edu.au /20060220bkup/APIs/jm/midi MidiUtil.java
2006.02.20 21:27 B D:\eclipseProjects\Lemu2p0\APIs\jm\midi\RTMidiIn.java --> ftphome.ci.qut.edu.au /20060220bkup/APIs/jm/midi RTMidiIn.java
2006.02.20 21:27 B D:\eclipseProjects\Lemu2p0\APIs\jm\midi\SMF.java --> ftphome.ci.qut.edu.au /20060220bkup/APIs/jm/midi SMF.java
2006.02.20 21:27 B D:\eclipseProjects\Lemu2p0\APIs\jm\midi\Track.java --> ftphome.ci.qut.edu.au /20060220bkup/APIs/jm/midi Track.java
2006.02.20 21:27 B D:\eclipseProjects\Lemu2p0\APIs\jm\midi\WS_FTP.LOG --> ftphome.ci.qut.edu.au /20060220bkup/APIs/jm/midi WS_FTP.LOG
2006.04.27 12:02 B D:\eclipseProjects\LEMu2p0j14\APIs\jm\midi\MidiInputListener.java --> ftphome.ci.qut.edu.au /20060427bkupBeforesmoothing/APIs/jm/midi MidiInputListener.java
2006.04.27 12:02 B D:\eclipseProjects\LEMu2p0j14\APIs\jm\midi\MidiParser.java --> ftphome.ci.qut.edu.au /20060427bkupBeforesmoothing/APIs/jm/midi MidiParser.java
2006.04.27 12:02 B D:\eclipseProjects\LEMu2p0j14\APIs\jm\midi\MidiSynth.java --> ftphome.ci.qut.edu.au /20060427bkupBeforesmoothing/APIs/jm/midi MidiSynth.java
2006.04.27 12:02 B D:\eclipseProjects\LEMu2p0j14\APIs\jm\midi\MidiUtil.java --> ftphome.ci.qut.edu.au /20060427bkupBeforesmoothing/APIs/jm/midi MidiUtil.java
2006.04.27 12:02 B D:\eclipseProjects\LEMu2p0j14\APIs\jm\midi\RTMidiIn.java --> ftphome.ci.qut.edu.au /20060427bkupBeforesmoothing/APIs/jm/midi RTMidiIn.java
2006.04.27 12:02 B D:\eclipseProjects\LEMu2p0j14\APIs\jm\midi\SMF.java --> ftphome.ci.qut.edu.au /20060427bkupBeforesmoothing/APIs/jm/midi SMF.java
2006.04.27 12:02 B D:\eclipseProjects\LEMu2p0j14\APIs\jm\midi\Track.java --> ftphome.ci.qut.edu.au /20060427bkupBeforesmoothing/APIs/jm/midi Track.java
2006.04.27 12:02 B D:\eclipseProjects\LEMu2p0j14\APIs\jm\midi\WS_FTP.LOG --> ftphome.ci.qut.edu.au /20060427bkupBeforesmoothing/APIs/jm/midi WS_FTP.LOG
