2006.02.17 11:59 B d:\eclipseProjects\Lemu2p0\src\gui\BasicMorphEditor.java --> ftphome.ci.qut.edu.au /20060216Bkup/src/gui BasicMorphEditor.java
2006.02.17 11:59 B d:\eclipseProjects\Lemu2p0\src\gui\CCEditor.java --> ftphome.ci.qut.edu.au /20060216Bkup/src/gui CCEditor.java
2006.02.17 11:59 B d:\eclipseProjects\Lemu2p0\src\gui\Dim.java --> ftphome.ci.qut.edu.au /20060216Bkup/src/gui Dim.java
2006.02.17 11:59 B d:\eclipseProjects\Lemu2p0\src\gui\LFrame.java --> ftphome.ci.qut.edu.au /20060216Bkup/src/gui LFrame.java
2006.02.17 11:59 B d:\eclipseProjects\Lemu2p0\src\gui\LPartEditor.java --> ftphome.ci.qut.edu.au /20060216Bkup/src/gui LPartEditor.java
2006.02.17 11:59 B d:\eclipseProjects\Lemu2p0\src\gui\LPButton.java --> ftphome.ci.qut.edu.au /20060216Bkup/src/gui LPButton.java
2006.02.17 11:59 B d:\eclipseProjects\Lemu2p0\src\gui\LScoreTransEditor.java --> ftphome.ci.qut.edu.au /20060216Bkup/src/gui LScoreTransEditor.java
2006.02.17 11:59 B d:\eclipseProjects\Lemu2p0\src\gui\MorphEditor.java --> ftphome.ci.qut.edu.au /20060216Bkup/src/gui MorphEditor.java
2006.02.17 11:59 B d:\eclipseProjects\Lemu2p0\src\gui\MultiMorphEditor.java --> ftphome.ci.qut.edu.au /20060216Bkup/src/gui MultiMorphEditor.java
2006.02.17 11:59 B d:\eclipseProjects\Lemu2p0\src\gui\PartMorphPanel.java --> ftphome.ci.qut.edu.au /20060216Bkup/src/gui PartMorphPanel.java
2006.02.17 11:59 B d:\eclipseProjects\Lemu2p0\src\gui\PMGEditor.java --> ftphome.ci.qut.edu.au /20060216Bkup/src/gui PMGEditor.java
2006.02.17 11:59 B d:\eclipseProjects\Lemu2p0\src\gui\TransformEditor.java --> ftphome.ci.qut.edu.au /20060216Bkup/src/gui TransformEditor.java
2006.02.20 21:32 B D:\eclipseProjects\Lemu2p0\src\gui\BasicMorphEditor.java --> ftphome.ci.qut.edu.au /20060220bkup/src/gui BasicMorphEditor.java
2006.02.20 21:32 B D:\eclipseProjects\Lemu2p0\src\gui\CCEditor.java --> ftphome.ci.qut.edu.au /20060220bkup/src/gui CCEditor.java
2006.02.20 21:32 B D:\eclipseProjects\Lemu2p0\src\gui\Dim.java --> ftphome.ci.qut.edu.au /20060220bkup/src/gui Dim.java
2006.02.20 21:32 B D:\eclipseProjects\Lemu2p0\src\gui\LFrame.java --> ftphome.ci.qut.edu.au /20060220bkup/src/gui LFrame.java
2006.02.20 21:32 B D:\eclipseProjects\Lemu2p0\src\gui\LPartEditor.java --> ftphome.ci.qut.edu.au /20060220bkup/src/gui LPartEditor.java
2006.02.20 21:32 B D:\eclipseProjects\Lemu2p0\src\gui\LPButton.java --> ftphome.ci.qut.edu.au /20060220bkup/src/gui LPButton.java
2006.02.20 21:32 B D:\eclipseProjects\Lemu2p0\src\gui\LScoreTransEditor.java --> ftphome.ci.qut.edu.au /20060220bkup/src/gui LScoreTransEditor.java
2006.02.20 21:32 B D:\eclipseProjects\Lemu2p0\src\gui\MorphEditor.java --> ftphome.ci.qut.edu.au /20060220bkup/src/gui MorphEditor.java
2006.02.20 21:32 B D:\eclipseProjects\Lemu2p0\src\gui\MultiMorphEditor.java --> ftphome.ci.qut.edu.au /20060220bkup/src/gui MultiMorphEditor.java
2006.02.20 21:32 B D:\eclipseProjects\Lemu2p0\src\gui\PartMorphPanel.java --> ftphome.ci.qut.edu.au /20060220bkup/src/gui PartMorphPanel.java
2006.02.20 21:32 B D:\eclipseProjects\Lemu2p0\src\gui\PMGEditor.java --> ftphome.ci.qut.edu.au /20060220bkup/src/gui PMGEditor.java
2006.02.20 21:32 B D:\eclipseProjects\Lemu2p0\src\gui\TransformEditor.java --> ftphome.ci.qut.edu.au /20060220bkup/src/gui TransformEditor.java
2006.02.20 21:32 B D:\eclipseProjects\Lemu2p0\src\gui\WS_FTP.LOG --> ftphome.ci.qut.edu.au /20060220bkup/src/gui WS_FTP.LOG
2006.04.27 12:02 B D:\eclipseProjects\LEMu2p0j14\src\gui\BasicMorphEditor.java --> ftphome.ci.qut.edu.au /20060427bkupBeforesmoothing/src/gui BasicMorphEditor.java
2006.04.27 12:02 B D:\eclipseProjects\LEMu2p0j14\src\gui\CCEditor.java --> ftphome.ci.qut.edu.au /20060427bkupBeforesmoothing/src/gui CCEditor.java
2006.04.27 12:02 B D:\eclipseProjects\LEMu2p0j14\src\gui\Dim.java --> ftphome.ci.qut.edu.au /20060427bkupBeforesmoothing/src/gui Dim.java
2006.04.27 12:02 B D:\eclipseProjects\LEMu2p0j14\src\gui\LFrame.java --> ftphome.ci.qut.edu.au /20060427bkupBeforesmoothing/src/gui LFrame.java
2006.04.27 12:02 B D:\eclipseProjects\LEMu2p0j14\src\gui\LPartEditor.java --> ftphome.ci.qut.edu.au /20060427bkupBeforesmoothing/src/gui LPartEditor.java
2006.04.27 12:02 B D:\eclipseProjects\LEMu2p0j14\src\gui\LPButton.java --> ftphome.ci.qut.edu.au /20060427bkupBeforesmoothing/src/gui LPButton.java
2006.04.27 12:02 B D:\eclipseProjects\LEMu2p0j14\src\gui\LScoreTransEditor.java --> ftphome.ci.qut.edu.au /20060427bkupBeforesmoothing/src/gui LScoreTransEditor.java
2006.04.27 12:02 B D:\eclipseProjects\LEMu2p0j14\src\gui\MorphEditor.java --> ftphome.ci.qut.edu.au /20060427bkupBeforesmoothing/src/gui MorphEditor.java
2006.04.27 12:02 B D:\eclipseProjects\LEMu2p0j14\src\gui\MultiMorphEditor.java --> ftphome.ci.qut.edu.au /20060427bkupBeforesmoothing/src/gui MultiMorphEditor.java
2006.04.27 12:02 B D:\eclipseProjects\LEMu2p0j14\src\gui\PartMorphPanel.java --> ftphome.ci.qut.edu.au /20060427bkupBeforesmoothing/src/gui PartMorphPanel.java
2006.04.27 12:02 B D:\eclipseProjects\LEMu2p0j14\src\gui\PMGEditor.java --> ftphome.ci.qut.edu.au /20060427bkupBeforesmoothing/src/gui PMGEditor.java
2006.04.27 12:02 B D:\eclipseProjects\LEMu2p0j14\src\gui\TransformEditor.java --> ftphome.ci.qut.edu.au /20060427bkupBeforesmoothing/src/gui TransformEditor.java
2006.04.27 12:02 B D:\eclipseProjects\LEMu2p0j14\src\gui\TraseMorphPanel.java --> ftphome.ci.qut.edu.au /20060427bkupBeforesmoothing/src/gui TraseMorphPanel.java
2006.04.27 12:02 B D:\eclipseProjects\LEMu2p0j14\src\gui\WS_FTP.LOG --> ftphome.ci.qut.edu.au /20060427bkupBeforesmoothing/src/gui WS_FTP.LOG
2006.06.22 18:54 B d:\eclipseProjects\LEMu2p0j14\src\gui\CameraMusicArea.java --> ftphome.ci.qut.edu.au /20060622Bkup/src/ai/lplay/gui/musicArea CameraMusicArea.java
2006.06.22 18:54 B d:\eclipseProjects\LEMu2p0j14\src\gui\BasicMorphEditor.java --> ftphome.ci.qut.edu.au /20060622Bkup/src/ai/lplay/gui/musicArea BasicMorphEditor.java
2006.06.22 18:54 B d:\eclipseProjects\LEMu2p0j14\src\gui\CCEditor.java --> ftphome.ci.qut.edu.au /20060622Bkup/src/ai/lplay/gui/musicArea CCEditor.java
2006.06.22 18:54 B d:\eclipseProjects\LEMu2p0j14\src\gui\Dim.java --> ftphome.ci.qut.edu.au /20060622Bkup/src/ai/lplay/gui/musicArea Dim.java
2006.06.22 18:54 B d:\eclipseProjects\LEMu2p0j14\src\gui\LFrame.java --> ftphome.ci.qut.edu.au /20060622Bkup/src/ai/lplay/gui/musicArea LFrame.java
2006.06.22 18:54 B d:\eclipseProjects\LEMu2p0j14\src\gui\LPartEditor.java --> ftphome.ci.qut.edu.au /20060622Bkup/src/ai/lplay/gui/musicArea LPartEditor.java
2006.06.22 18:54 B d:\eclipseProjects\LEMu2p0j14\src\gui\LPButton.java --> ftphome.ci.qut.edu.au /20060622Bkup/src/ai/lplay/gui/musicArea LPButton.java
2006.06.22 18:54 B d:\eclipseProjects\LEMu2p0j14\src\gui\LScoreTransEditor.java --> ftphome.ci.qut.edu.au /20060622Bkup/src/ai/lplay/gui/musicArea LScoreTransEditor.java
2006.06.22 18:54 B d:\eclipseProjects\LEMu2p0j14\src\gui\MorphEditor.java --> ftphome.ci.qut.edu.au /20060622Bkup/src/ai/lplay/gui/musicArea MorphEditor.java
2006.06.22 18:54 B d:\eclipseProjects\LEMu2p0j14\src\gui\MultiMorphEditor.java --> ftphome.ci.qut.edu.au /20060622Bkup/src/ai/lplay/gui/musicArea MultiMorphEditor.java
2006.06.22 18:54 B d:\eclipseProjects\LEMu2p0j14\src\gui\PartMorphPanel.java --> ftphome.ci.qut.edu.au /20060622Bkup/src/ai/lplay/gui/musicArea PartMorphPanel.java
2006.06.22 18:54 B d:\eclipseProjects\LEMu2p0j14\src\gui\PMGEditor.java --> ftphome.ci.qut.edu.au /20060622Bkup/src/ai/lplay/gui/musicArea PMGEditor.java
2006.06.22 18:54 B d:\eclipseProjects\LEMu2p0j14\src\gui\TransformEditor.java --> ftphome.ci.qut.edu.au /20060622Bkup/src/ai/lplay/gui/musicArea TransformEditor.java
2006.06.22 18:54 B d:\eclipseProjects\LEMu2p0j14\src\gui\TraseMorphPanel.java --> ftphome.ci.qut.edu.au /20060622Bkup/src/ai/lplay/gui/musicArea TraseMorphPanel.java
2006.06.22 18:54 B d:\eclipseProjects\LEMu2p0j14\src\gui\WS_FTP.LOG --> ftphome.ci.qut.edu.au /20060622Bkup/src/ai/lplay/gui/musicArea WS_FTP.LOG
2006.06.22 18:54 B d:\eclipseProjects\LEMu2p0j14\src\gui\BasicMorphEditor.java --> ftphome.ci.qut.edu.au /20060622Bkup/src/ai/lplay/gui BasicMorphEditor.java
2006.06.22 18:54 B d:\eclipseProjects\LEMu2p0j14\src\gui\CCEditor.java --> ftphome.ci.qut.edu.au /20060622Bkup/src/ai/lplay/gui CCEditor.java
2006.06.22 18:54 B d:\eclipseProjects\LEMu2p0j14\src\gui\Dim.java --> ftphome.ci.qut.edu.au /20060622Bkup/src/ai/lplay/gui Dim.java
2006.06.22 18:54 B d:\eclipseProjects\LEMu2p0j14\src\gui\LFrame.java --> ftphome.ci.qut.edu.au /20060622Bkup/src/ai/lplay/gui LFrame.java
2006.06.22 18:54 B d:\eclipseProjects\LEMu2p0j14\src\gui\LPartEditor.java --> ftphome.ci.qut.edu.au /20060622Bkup/src/ai/lplay/gui LPartEditor.java
2006.06.22 18:54 B d:\eclipseProjects\LEMu2p0j14\src\gui\LPButton.java --> ftphome.ci.qut.edu.au /20060622Bkup/src/ai/lplay/gui LPButton.java
2006.06.22 18:54 B d:\eclipseProjects\LEMu2p0j14\src\gui\LScoreTransEditor.java --> ftphome.ci.qut.edu.au /20060622Bkup/src/ai/lplay/gui LScoreTransEditor.java
2006.06.22 18:54 B d:\eclipseProjects\LEMu2p0j14\src\gui\MorphEditor.java --> ftphome.ci.qut.edu.au /20060622Bkup/src/ai/lplay/gui MorphEditor.java
2006.06.22 18:55 B d:\eclipseProjects\LEMu2p0j14\src\gui\MultiMorphEditor.java --> ftphome.ci.qut.edu.au /20060622Bkup/src/ai/lplay/gui MultiMorphEditor.java
2006.06.22 18:55 B d:\eclipseProjects\LEMu2p0j14\src\gui\PartMorphPanel.java --> ftphome.ci.qut.edu.au /20060622Bkup/src/ai/lplay/gui PartMorphPanel.java
2006.06.22 18:55 B d:\eclipseProjects\LEMu2p0j14\src\gui\PMGEditor.java --> ftphome.ci.qut.edu.au /20060622Bkup/src/ai/lplay/gui PMGEditor.java
2006.06.22 18:55 B d:\eclipseProjects\LEMu2p0j14\src\gui\TransformEditor.java --> ftphome.ci.qut.edu.au /20060622Bkup/src/ai/lplay/gui TransformEditor.java
2006.06.22 18:55 B d:\eclipseProjects\LEMu2p0j14\src\gui\TraseMorphPanel.java --> ftphome.ci.qut.edu.au /20060622Bkup/src/ai/lplay/gui TraseMorphPanel.java
2006.06.22 18:55 B d:\eclipseProjects\LEMu2p0j14\src\gui\WS_FTP.LOG --> ftphome.ci.qut.edu.au /20060622Bkup/src/ai/lplay/gui WS_FTP.LOG
