2006.02.17 12:09 B d:\eclipseProjects\Lemu2p0\APIs\jm\util\AbstractReadButton.java --> ftphome.ci.qut.edu.au /20060216Bkup/APIs/jm/util AbstractReadButton.java
2006.02.17 12:09 B d:\eclipseProjects\Lemu2p0\APIs\jm\util\AudioRTLine.java --> ftphome.ci.qut.edu.au /20060216Bkup/APIs/jm/util AudioRTLine.java
2006.02.17 12:09 B d:\eclipseProjects\Lemu2p0\APIs\jm\util\AudioSampleInst.java --> ftphome.ci.qut.edu.au /20060216Bkup/APIs/jm/util AudioSampleInst.java
2006.02.17 12:09 B d:\eclipseProjects\Lemu2p0\APIs\jm\util\ConversionException.java --> ftphome.ci.qut.edu.au /20060216Bkup/APIs/jm/util ConversionException.java
2006.02.17 12:10 B d:\eclipseProjects\Lemu2p0\APIs\jm\util\Convert.java --> ftphome.ci.qut.edu.au /20060216Bkup/APIs/jm/util Convert.java
2006.02.17 12:10 B d:\eclipseProjects\Lemu2p0\APIs\jm\util\Play.java --> ftphome.ci.qut.edu.au /20060216Bkup/APIs/jm/util Play.java
2006.02.17 12:10 B d:\eclipseProjects\Lemu2p0\APIs\jm\util\PlayCycle.java --> ftphome.ci.qut.edu.au /20060216Bkup/APIs/jm/util PlayCycle.java
2006.02.17 12:10 B d:\eclipseProjects\Lemu2p0\APIs\jm\util\PlayThread.java --> ftphome.ci.qut.edu.au /20060216Bkup/APIs/jm/util PlayThread.java
2006.02.17 12:10 B d:\eclipseProjects\Lemu2p0\APIs\jm\util\Read.java --> ftphome.ci.qut.edu.au /20060216Bkup/APIs/jm/util Read.java
2006.02.17 12:10 B d:\eclipseProjects\Lemu2p0\APIs\jm\util\ReadFileButton.java --> ftphome.ci.qut.edu.au /20060216Bkup/APIs/jm/util ReadFileButton.java
2006.02.17 12:10 B d:\eclipseProjects\Lemu2p0\APIs\jm\util\ReadFilenameFilter.java --> ftphome.ci.qut.edu.au /20060216Bkup/APIs/jm/util ReadFilenameFilter.java
2006.02.17 12:10 B d:\eclipseProjects\Lemu2p0\APIs\jm\util\ReadFilesJButton.java --> ftphome.ci.qut.edu.au /20060216Bkup/APIs/jm/util ReadFilesJButton.java
2006.02.17 12:10 B d:\eclipseProjects\Lemu2p0\APIs\jm\util\ReadFolderButton.java --> ftphome.ci.qut.edu.au /20060216Bkup/APIs/jm/util ReadFolderButton.java
2006.02.17 12:10 B d:\eclipseProjects\Lemu2p0\APIs\jm\util\ReadListener.java --> ftphome.ci.qut.edu.au /20060216Bkup/APIs/jm/util ReadListener.java
2006.02.17 12:10 B d:\eclipseProjects\Lemu2p0\APIs\jm\util\ReadListenerLinkedList.java --> ftphome.ci.qut.edu.au /20060216Bkup/APIs/jm/util ReadListenerLinkedList.java
2006.02.17 12:10 B d:\eclipseProjects\Lemu2p0\APIs\jm\util\View.java --> ftphome.ci.qut.edu.au /20060216Bkup/APIs/jm/util View.java
2006.02.17 12:10 B d:\eclipseProjects\Lemu2p0\APIs\jm\util\Write.java --> ftphome.ci.qut.edu.au /20060216Bkup/APIs/jm/util Write.java
2006.02.17 12:10 B d:\eclipseProjects\Lemu2p0\APIs\jm\util\XMLParser.java --> ftphome.ci.qut.edu.au /20060216Bkup/APIs/jm/util XMLParser.java
2006.02.20 21:30 B D:\eclipseProjects\Lemu2p0\APIs\jm\util\AbstractReadButton.java --> ftphome.ci.qut.edu.au /20060220bkup/APIs/jm/util AbstractReadButton.java
2006.02.20 21:30 B D:\eclipseProjects\Lemu2p0\APIs\jm\util\AudioRTLine.java --> ftphome.ci.qut.edu.au /20060220bkup/APIs/jm/util AudioRTLine.java
2006.02.20 21:30 B D:\eclipseProjects\Lemu2p0\APIs\jm\util\AudioSampleInst.java --> ftphome.ci.qut.edu.au /20060220bkup/APIs/jm/util AudioSampleInst.java
2006.02.20 21:30 B D:\eclipseProjects\Lemu2p0\APIs\jm\util\ConversionException.java --> ftphome.ci.qut.edu.au /20060220bkup/APIs/jm/util ConversionException.java
2006.02.20 21:30 B D:\eclipseProjects\Lemu2p0\APIs\jm\util\Convert.java --> ftphome.ci.qut.edu.au /20060220bkup/APIs/jm/util Convert.java
2006.02.20 21:30 B D:\eclipseProjects\Lemu2p0\APIs\jm\util\Play.java --> ftphome.ci.qut.edu.au /20060220bkup/APIs/jm/util Play.java
2006.02.20 21:30 B D:\eclipseProjects\Lemu2p0\APIs\jm\util\PlayCycle.java --> ftphome.ci.qut.edu.au /20060220bkup/APIs/jm/util PlayCycle.java
2006.02.20 21:30 B D:\eclipseProjects\Lemu2p0\APIs\jm\util\PlayThread.java --> ftphome.ci.qut.edu.au /20060220bkup/APIs/jm/util PlayThread.java
2006.02.20 21:30 B D:\eclipseProjects\Lemu2p0\APIs\jm\util\Read.java --> ftphome.ci.qut.edu.au /20060220bkup/APIs/jm/util Read.java
2006.02.20 21:30 B D:\eclipseProjects\Lemu2p0\APIs\jm\util\ReadFileButton.java --> ftphome.ci.qut.edu.au /20060220bkup/APIs/jm/util ReadFileButton.java
2006.02.20 21:30 B D:\eclipseProjects\Lemu2p0\APIs\jm\util\ReadFilenameFilter.java --> ftphome.ci.qut.edu.au /20060220bkup/APIs/jm/util ReadFilenameFilter.java
2006.02.20 21:30 B D:\eclipseProjects\Lemu2p0\APIs\jm\util\ReadFilesJButton.java --> ftphome.ci.qut.edu.au /20060220bkup/APIs/jm/util ReadFilesJButton.java
2006.02.20 21:30 B D:\eclipseProjects\Lemu2p0\APIs\jm\util\ReadFolderButton.java --> ftphome.ci.qut.edu.au /20060220bkup/APIs/jm/util ReadFolderButton.java
2006.02.20 21:30 B D:\eclipseProjects\Lemu2p0\APIs\jm\util\ReadListener.java --> ftphome.ci.qut.edu.au /20060220bkup/APIs/jm/util ReadListener.java
2006.02.20 21:30 B D:\eclipseProjects\Lemu2p0\APIs\jm\util\ReadListenerLinkedList.java --> ftphome.ci.qut.edu.au /20060220bkup/APIs/jm/util ReadListenerLinkedList.java
2006.02.20 21:30 B D:\eclipseProjects\Lemu2p0\APIs\jm\util\View.java --> ftphome.ci.qut.edu.au /20060220bkup/APIs/jm/util View.java
2006.02.20 21:30 B D:\eclipseProjects\Lemu2p0\APIs\jm\util\Write.java --> ftphome.ci.qut.edu.au /20060220bkup/APIs/jm/util Write.java
2006.02.20 21:30 B D:\eclipseProjects\Lemu2p0\APIs\jm\util\WS_FTP.LOG --> ftphome.ci.qut.edu.au /20060220bkup/APIs/jm/util WS_FTP.LOG
2006.02.20 21:31 B D:\eclipseProjects\Lemu2p0\APIs\jm\util\XMLParser.java --> ftphome.ci.qut.edu.au /20060220bkup/APIs/jm/util XMLParser.java
2006.04.27 12:02 B D:\eclipseProjects\LEMu2p0j14\APIs\jm\util\AbstractReadButton.java --> ftphome.ci.qut.edu.au /20060427bkupBeforesmoothing/APIs/jm/util AbstractReadButton.java
2006.04.27 12:02 B D:\eclipseProjects\LEMu2p0j14\APIs\jm\util\AudioRTLine.java --> ftphome.ci.qut.edu.au /20060427bkupBeforesmoothing/APIs/jm/util AudioRTLine.java
2006.04.27 12:02 B D:\eclipseProjects\LEMu2p0j14\APIs\jm\util\AudioSampleInst.java --> ftphome.ci.qut.edu.au /20060427bkupBeforesmoothing/APIs/jm/util AudioSampleInst.java
2006.04.27 12:02 B D:\eclipseProjects\LEMu2p0j14\APIs\jm\util\ConversionException.java --> ftphome.ci.qut.edu.au /20060427bkupBeforesmoothing/APIs/jm/util ConversionException.java
2006.04.27 12:02 B D:\eclipseProjects\LEMu2p0j14\APIs\jm\util\Convert.java --> ftphome.ci.qut.edu.au /20060427bkupBeforesmoothing/APIs/jm/util Convert.java
2006.04.27 12:02 B D:\eclipseProjects\LEMu2p0j14\APIs\jm\util\Play.java --> ftphome.ci.qut.edu.au /20060427bkupBeforesmoothing/APIs/jm/util Play.java
2006.04.27 12:02 B D:\eclipseProjects\LEMu2p0j14\APIs\jm\util\PlayCycle.java --> ftphome.ci.qut.edu.au /20060427bkupBeforesmoothing/APIs/jm/util PlayCycle.java
2006.04.27 12:02 B D:\eclipseProjects\LEMu2p0j14\APIs\jm\util\PlayThread.java --> ftphome.ci.qut.edu.au /20060427bkupBeforesmoothing/APIs/jm/util PlayThread.java
2006.04.27 12:02 B D:\eclipseProjects\LEMu2p0j14\APIs\jm\util\Read.java --> ftphome.ci.qut.edu.au /20060427bkupBeforesmoothing/APIs/jm/util Read.java
2006.04.27 12:02 B D:\eclipseProjects\LEMu2p0j14\APIs\jm\util\ReadFileButton.java --> ftphome.ci.qut.edu.au /20060427bkupBeforesmoothing/APIs/jm/util ReadFileButton.java
2006.04.27 12:02 B D:\eclipseProjects\LEMu2p0j14\APIs\jm\util\ReadFilenameFilter.java --> ftphome.ci.qut.edu.au /20060427bkupBeforesmoothing/APIs/jm/util ReadFilenameFilter.java
2006.04.27 12:02 B D:\eclipseProjects\LEMu2p0j14\APIs\jm\util\ReadFilesJButton.java --> ftphome.ci.qut.edu.au /20060427bkupBeforesmoothing/APIs/jm/util ReadFilesJButton.java
2006.04.27 12:02 B D:\eclipseProjects\LEMu2p0j14\APIs\jm\util\ReadFolderButton.java --> ftphome.ci.qut.edu.au /20060427bkupBeforesmoothing/APIs/jm/util ReadFolderButton.java
2006.04.27 12:02 B D:\eclipseProjects\LEMu2p0j14\APIs\jm\util\ReadListener.java --> ftphome.ci.qut.edu.au /20060427bkupBeforesmoothing/APIs/jm/util ReadListener.java
2006.04.27 12:02 B D:\eclipseProjects\LEMu2p0j14\APIs\jm\util\ReadListenerLinkedList.java --> ftphome.ci.qut.edu.au /20060427bkupBeforesmoothing/APIs/jm/util ReadListenerLinkedList.java
2006.04.27 12:02 B D:\eclipseProjects\LEMu2p0j14\APIs\jm\util\View.java --> ftphome.ci.qut.edu.au /20060427bkupBeforesmoothing/APIs/jm/util View.java
2006.04.27 12:02 B D:\eclipseProjects\LEMu2p0j14\APIs\jm\util\Write.java --> ftphome.ci.qut.edu.au /20060427bkupBeforesmoothing/APIs/jm/util Write.java
2006.04.27 12:02 B D:\eclipseProjects\LEMu2p0j14\APIs\jm\util\WS_FTP.LOG --> ftphome.ci.qut.edu.au /20060427bkupBeforesmoothing/APIs/jm/util WS_FTP.LOG
2006.04.27 12:02 B D:\eclipseProjects\LEMu2p0j14\APIs\jm\util\XMLParser.java --> ftphome.ci.qut.edu.au /20060427bkupBeforesmoothing/APIs/jm/util XMLParser.java
