2006.02.17 12:00 B d:\eclipseProjects\Lemu2p0\src\music\transform\Quantise.java --> ftphome.ci.qut.edu.au /20060216Bkup/src/music/transform Quantise.java
2006.02.17 12:00 B d:\eclipseProjects\Lemu2p0\src\music\transform\Rate.java --> ftphome.ci.qut.edu.au /20060216Bkup/src/music/transform Rate.java
2006.02.17 12:00 B d:\eclipseProjects\Lemu2p0\src\music\transform\Scope.java --> ftphome.ci.qut.edu.au /20060216Bkup/src/music/transform Scope.java
2006.02.17 12:00 B d:\eclipseProjects\Lemu2p0\src\music\transform\Shuffle.java --> ftphome.ci.qut.edu.au /20060216Bkup/src/music/transform Shuffle.java
2006.02.17 12:00 B d:\eclipseProjects\Lemu2p0\src\music\transform\TFactory.java --> ftphome.ci.qut.edu.au /20060216Bkup/src/music/transform TFactory.java
2006.02.17 12:00 B d:\eclipseProjects\Lemu2p0\src\music\transform\TransformChain.java --> ftphome.ci.qut.edu.au /20060216Bkup/src/music/transform TransformChain.java
2006.02.17 12:00 B d:\eclipseProjects\Lemu2p0\src\music\transform\Transformer.java --> ftphome.ci.qut.edu.au /20060216Bkup/src/music/transform Transformer.java
2006.02.17 12:00 B d:\eclipseProjects\Lemu2p0\src\music\transform\Transpose.java --> ftphome.ci.qut.edu.au /20060216Bkup/src/music/transform Transpose.java
2006.02.20 21:33 B D:\eclipseProjects\Lemu2p0\src\music\transform\Quantise.java --> ftphome.ci.qut.edu.au /20060220bkup/src/music/transform Quantise.java
2006.02.20 21:33 B D:\eclipseProjects\Lemu2p0\src\music\transform\Rate.java --> ftphome.ci.qut.edu.au /20060220bkup/src/music/transform Rate.java
2006.02.20 21:33 B D:\eclipseProjects\Lemu2p0\src\music\transform\Scope.java --> ftphome.ci.qut.edu.au /20060220bkup/src/music/transform Scope.java
2006.02.20 21:33 B D:\eclipseProjects\Lemu2p0\src\music\transform\Shuffle.java --> ftphome.ci.qut.edu.au /20060220bkup/src/music/transform Shuffle.java
2006.02.20 21:33 B D:\eclipseProjects\Lemu2p0\src\music\transform\TFactory.java --> ftphome.ci.qut.edu.au /20060220bkup/src/music/transform TFactory.java
2006.02.20 21:33 B D:\eclipseProjects\Lemu2p0\src\music\transform\TransformChain.java --> ftphome.ci.qut.edu.au /20060220bkup/src/music/transform TransformChain.java
2006.02.20 21:33 B D:\eclipseProjects\Lemu2p0\src\music\transform\Transformer.java --> ftphome.ci.qut.edu.au /20060220bkup/src/music/transform Transformer.java
2006.02.20 21:33 B D:\eclipseProjects\Lemu2p0\src\music\transform\Transpose.java --> ftphome.ci.qut.edu.au /20060220bkup/src/music/transform Transpose.java
2006.02.20 21:33 B D:\eclipseProjects\Lemu2p0\src\music\transform\WS_FTP.LOG --> ftphome.ci.qut.edu.au /20060220bkup/src/music/transform WS_FTP.LOG
2006.04.27 12:02 B D:\eclipseProjects\LEMu2p0j14\src\music\transform\Quantise.java --> ftphome.ci.qut.edu.au /20060427bkupBeforesmoothing/src/music/transform Quantise.java
2006.04.27 12:02 B D:\eclipseProjects\LEMu2p0j14\src\music\transform\Rate.java --> ftphome.ci.qut.edu.au /20060427bkupBeforesmoothing/src/music/transform Rate.java
2006.04.27 12:02 B D:\eclipseProjects\LEMu2p0j14\src\music\transform\Scope.java --> ftphome.ci.qut.edu.au /20060427bkupBeforesmoothing/src/music/transform Scope.java
2006.04.27 12:02 B D:\eclipseProjects\LEMu2p0j14\src\music\transform\Shuffle.java --> ftphome.ci.qut.edu.au /20060427bkupBeforesmoothing/src/music/transform Shuffle.java
2006.04.27 12:02 B D:\eclipseProjects\LEMu2p0j14\src\music\transform\TFactory.java --> ftphome.ci.qut.edu.au /20060427bkupBeforesmoothing/src/music/transform TFactory.java
2006.04.27 12:02 B D:\eclipseProjects\LEMu2p0j14\src\music\transform\TransformChain.java --> ftphome.ci.qut.edu.au /20060427bkupBeforesmoothing/src/music/transform TransformChain.java
2006.04.27 12:02 B D:\eclipseProjects\LEMu2p0j14\src\music\transform\Transformer.java --> ftphome.ci.qut.edu.au /20060427bkupBeforesmoothing/src/music/transform Transformer.java
2006.04.27 12:02 B D:\eclipseProjects\LEMu2p0j14\src\music\transform\Transpose.java --> ftphome.ci.qut.edu.au /20060427bkupBeforesmoothing/src/music/transform Transpose.java
2006.04.27 12:02 B D:\eclipseProjects\LEMu2p0j14\src\music\transform\WS_FTP.LOG --> ftphome.ci.qut.edu.au /20060427bkupBeforesmoothing/src/music/transform WS_FTP.LOG
2006.06.22 18:57 B d:\eclipseProjects\LEMu2p0j14\src\music\transform\Quantise.java --> ftphome.ci.qut.edu.au /20060622Bkup/src/ai/lplay/music/transform Quantise.java
2006.06.22 18:57 B d:\eclipseProjects\LEMu2p0j14\src\music\transform\Rate.java --> ftphome.ci.qut.edu.au /20060622Bkup/src/ai/lplay/music/transform Rate.java
2006.06.22 18:57 B d:\eclipseProjects\LEMu2p0j14\src\music\transform\Scope.java --> ftphome.ci.qut.edu.au /20060622Bkup/src/ai/lplay/music/transform Scope.java
2006.06.22 18:57 B d:\eclipseProjects\LEMu2p0j14\src\music\transform\Shuffle.java --> ftphome.ci.qut.edu.au /20060622Bkup/src/ai/lplay/music/transform Shuffle.java
2006.06.22 18:57 B d:\eclipseProjects\LEMu2p0j14\src\music\transform\TFactory.java --> ftphome.ci.qut.edu.au /20060622Bkup/src/ai/lplay/music/transform TFactory.java
2006.06.22 18:57 B d:\eclipseProjects\LEMu2p0j14\src\music\transform\TransformChain.java --> ftphome.ci.qut.edu.au /20060622Bkup/src/ai/lplay/music/transform TransformChain.java
2006.06.22 18:57 B d:\eclipseProjects\LEMu2p0j14\src\music\transform\Transformer.java --> ftphome.ci.qut.edu.au /20060622Bkup/src/ai/lplay/music/transform Transformer.java
2006.06.22 18:57 B d:\eclipseProjects\LEMu2p0j14\src\music\transform\Transpose.java --> ftphome.ci.qut.edu.au /20060622Bkup/src/ai/lplay/music/transform Transpose.java
