2006.02.17 11:59 B d:\eclipseProjects\Lemu2p0\src\music\morph\transearch\DivMerge.java --> ftphome.ci.qut.edu.au /20060216Bkup/src/music/morph/transearch DivMerge.java
2006.02.17 11:59 B d:\eclipseProjects\Lemu2p0\src\music\morph\transearch\Metric.java --> ftphome.ci.qut.edu.au /20060216Bkup/src/music/morph/transearch Metric.java
2006.02.17 12:00 B d:\eclipseProjects\Lemu2p0\src\music\morph\transearch\Rate.java --> ftphome.ci.qut.edu.au /20060216Bkup/src/music/morph/transearch Rate.java
2006.02.17 12:00 B d:\eclipseProjects\Lemu2p0\src\music\morph\transearch\RateContour.java --> ftphome.ci.qut.edu.au /20060216Bkup/src/music/morph/transearch RateContour.java
2006.02.17 12:00 B d:\eclipseProjects\Lemu2p0\src\music\morph\transearch\TransSearch.java --> ftphome.ci.qut.edu.au /20060216Bkup/src/music/morph/transearch TransSearch.java
2006.02.17 12:00 B d:\eclipseProjects\Lemu2p0\src\music\morph\transearch\TraseChain.java --> ftphome.ci.qut.edu.au /20060216Bkup/src/music/morph/transearch TraseChain.java
2006.02.17 12:00 B d:\eclipseProjects\Lemu2p0\src\music\morph\transearch\TraseMorph.java --> ftphome.ci.qut.edu.au /20060216Bkup/src/music/morph/transearch TraseMorph.java
2006.02.20 21:32 B D:\eclipseProjects\Lemu2p0\src\music\morph\transearch\DivMerge.java --> ftphome.ci.qut.edu.au /20060220bkup/src/music/morph/transearch DivMerge.java
2006.02.20 21:33 B D:\eclipseProjects\Lemu2p0\src\music\morph\transearch\Metric.java --> ftphome.ci.qut.edu.au /20060220bkup/src/music/morph/transearch Metric.java
2006.02.20 21:33 B D:\eclipseProjects\Lemu2p0\src\music\morph\transearch\Phase.java --> ftphome.ci.qut.edu.au /20060220bkup/src/music/morph/transearch Phase.java
2006.02.20 21:33 B D:\eclipseProjects\Lemu2p0\src\music\morph\transearch\Rate.java --> ftphome.ci.qut.edu.au /20060220bkup/src/music/morph/transearch Rate.java
2006.02.20 21:33 B D:\eclipseProjects\Lemu2p0\src\music\morph\transearch\RateContour.java --> ftphome.ci.qut.edu.au /20060220bkup/src/music/morph/transearch RateContour.java
2006.02.20 21:33 B D:\eclipseProjects\Lemu2p0\src\music\morph\transearch\TransSearch.java --> ftphome.ci.qut.edu.au /20060220bkup/src/music/morph/transearch TransSearch.java
2006.02.20 21:33 B D:\eclipseProjects\Lemu2p0\src\music\morph\transearch\TraseChain.java --> ftphome.ci.qut.edu.au /20060220bkup/src/music/morph/transearch TraseChain.java
2006.02.20 21:33 B D:\eclipseProjects\Lemu2p0\src\music\morph\transearch\TraseMorph.java --> ftphome.ci.qut.edu.au /20060220bkup/src/music/morph/transearch TraseMorph.java
2006.02.20 21:33 B D:\eclipseProjects\Lemu2p0\src\music\morph\transearch\WS_FTP.LOG --> ftphome.ci.qut.edu.au /20060220bkup/src/music/morph/transearch WS_FTP.LOG
2006.04.27 12:02 B D:\eclipseProjects\LEMu2p0j14\src\music\morph\transearch\AddRem.java --> ftphome.ci.qut.edu.au /20060427bkupBeforesmoothing/src/music/morph/transearch AddRem.java
2006.04.27 12:02 B D:\eclipseProjects\LEMu2p0j14\src\music\morph\transearch\DivMerge.java --> ftphome.ci.qut.edu.au /20060427bkupBeforesmoothing/src/music/morph/transearch DivMerge.java
2006.04.27 12:02 B D:\eclipseProjects\LEMu2p0j14\src\music\morph\transearch\Harmonise.java --> ftphome.ci.qut.edu.au /20060427bkupBeforesmoothing/src/music/morph/transearch Harmonise.java
2006.04.27 12:02 B D:\eclipseProjects\LEMu2p0j14\src\music\morph\transearch\Inversions.java --> ftphome.ci.qut.edu.au /20060427bkupBeforesmoothing/src/music/morph/transearch Inversions.java
2006.04.27 12:02 B D:\eclipseProjects\LEMu2p0j14\src\music\morph\transearch\Metric.java --> ftphome.ci.qut.edu.au /20060427bkupBeforesmoothing/src/music/morph/transearch Metric.java
2006.04.27 12:02 B D:\eclipseProjects\LEMu2p0j14\src\music\morph\transearch\ModeLock.java --> ftphome.ci.qut.edu.au /20060427bkupBeforesmoothing/src/music/morph/transearch ModeLock.java
2006.04.27 12:02 B D:\eclipseProjects\LEMu2p0j14\src\music\morph\transearch\Octave.java --> ftphome.ci.qut.edu.au /20060427bkupBeforesmoothing/src/music/morph/transearch Octave.java
2006.04.27 12:02 B D:\eclipseProjects\LEMu2p0j14\src\music\morph\transearch\Phase.java --> ftphome.ci.qut.edu.au /20060427bkupBeforesmoothing/src/music/morph/transearch Phase.java
2006.04.27 12:02 B D:\eclipseProjects\LEMu2p0j14\src\music\morph\transearch\PitchStretch.java --> ftphome.ci.qut.edu.au /20060427bkupBeforesmoothing/src/music/morph/transearch PitchStretch.java
2006.04.27 12:02 B D:\eclipseProjects\LEMu2p0j14\src\music\morph\transearch\Rate.java --> ftphome.ci.qut.edu.au /20060427bkupBeforesmoothing/src/music/morph/transearch Rate.java
2006.04.27 12:02 B D:\eclipseProjects\LEMu2p0j14\src\music\morph\transearch\RateContour.java --> ftphome.ci.qut.edu.au /20060427bkupBeforesmoothing/src/music/morph/transearch RateContour.java
2006.04.27 12:02 B D:\eclipseProjects\LEMu2p0j14\src\music\morph\transearch\Transpose.java --> ftphome.ci.qut.edu.au /20060427bkupBeforesmoothing/src/music/morph/transearch Transpose.java
2006.04.27 12:02 B D:\eclipseProjects\LEMu2p0j14\src\music\morph\transearch\TransSearch.java --> ftphome.ci.qut.edu.au /20060427bkupBeforesmoothing/src/music/morph/transearch TransSearch.java
2006.04.27 12:02 B D:\eclipseProjects\LEMu2p0j14\src\music\morph\transearch\TraseChain.java --> ftphome.ci.qut.edu.au /20060427bkupBeforesmoothing/src/music/morph/transearch TraseChain.java
2006.04.27 12:02 B D:\eclipseProjects\LEMu2p0j14\src\music\morph\transearch\TraseMorph.java --> ftphome.ci.qut.edu.au /20060427bkupBeforesmoothing/src/music/morph/transearch TraseMorph.java
2006.04.27 12:02 B D:\eclipseProjects\LEMu2p0j14\src\music\morph\transearch\WS_FTP.LOG --> ftphome.ci.qut.edu.au /20060427bkupBeforesmoothing/src/music/morph/transearch WS_FTP.LOG
2006.06.22 18:56 B d:\eclipseProjects\LEMu2p0j14\src\music\morph\transearch\AddRem.java --> ftphome.ci.qut.edu.au /20060622Bkup/src/ai/lplay/music/morph/transearch AddRem.java
2006.06.22 18:56 B d:\eclipseProjects\LEMu2p0j14\src\music\morph\transearch\DivMerge.java --> ftphome.ci.qut.edu.au /20060622Bkup/src/ai/lplay/music/morph/transearch DivMerge.java
2006.06.22 18:56 B d:\eclipseProjects\LEMu2p0j14\src\music\morph\transearch\Harmonise.java --> ftphome.ci.qut.edu.au /20060622Bkup/src/ai/lplay/music/morph/transearch Harmonise.java
2006.06.22 18:56 B d:\eclipseProjects\LEMu2p0j14\src\music\morph\transearch\Inversions.java --> ftphome.ci.qut.edu.au /20060622Bkup/src/ai/lplay/music/morph/transearch Inversions.java
2006.06.22 18:56 B d:\eclipseProjects\LEMu2p0j14\src\music\morph\transearch\KeyMoSearch.java --> ftphome.ci.qut.edu.au /20060622Bkup/src/ai/lplay/music/morph/transearch KeyMoSearch.java
2006.06.22 18:56 B d:\eclipseProjects\LEMu2p0j14\src\music\morph\transearch\Metric.java --> ftphome.ci.qut.edu.au /20060622Bkup/src/ai/lplay/music/morph/transearch Metric.java
2006.06.22 18:56 B d:\eclipseProjects\LEMu2p0j14\src\music\morph\transearch\ModeLock.java --> ftphome.ci.qut.edu.au /20060622Bkup/src/ai/lplay/music/morph/transearch ModeLock.java
2006.06.22 18:56 B d:\eclipseProjects\LEMu2p0j14\src\music\morph\transearch\Octave.java --> ftphome.ci.qut.edu.au /20060622Bkup/src/ai/lplay/music/morph/transearch Octave.java
2006.06.22 18:56 B d:\eclipseProjects\LEMu2p0j14\src\music\morph\transearch\Phase.java --> ftphome.ci.qut.edu.au /20060622Bkup/src/ai/lplay/music/morph/transearch Phase.java
2006.06.22 18:56 B d:\eclipseProjects\LEMu2p0j14\src\music\morph\transearch\PitchStretch.java --> ftphome.ci.qut.edu.au /20060622Bkup/src/ai/lplay/music/morph/transearch PitchStretch.java
2006.06.22 18:56 B d:\eclipseProjects\LEMu2p0j14\src\music\morph\transearch\Rate.java --> ftphome.ci.qut.edu.au /20060622Bkup/src/ai/lplay/music/morph/transearch Rate.java
2006.06.22 18:56 B d:\eclipseProjects\LEMu2p0j14\src\music\morph\transearch\RateContour.java --> ftphome.ci.qut.edu.au /20060622Bkup/src/ai/lplay/music/morph/transearch RateContour.java
2006.06.22 18:56 B d:\eclipseProjects\LEMu2p0j14\src\music\morph\transearch\Transpose.java --> ftphome.ci.qut.edu.au /20060622Bkup/src/ai/lplay/music/morph/transearch Transpose.java
2006.06.22 18:56 B d:\eclipseProjects\LEMu2p0j14\src\music\morph\transearch\TransSearch.java --> ftphome.ci.qut.edu.au /20060622Bkup/src/ai/lplay/music/morph/transearch TransSearch.java
2006.06.22 18:56 B d:\eclipseProjects\LEMu2p0j14\src\music\morph\transearch\TraseChain.java --> ftphome.ci.qut.edu.au /20060622Bkup/src/ai/lplay/music/morph/transearch TraseChain.java
2006.06.22 18:56 B d:\eclipseProjects\LEMu2p0j14\src\music\morph\transearch\TraseMorph.java --> ftphome.ci.qut.edu.au /20060622Bkup/src/ai/lplay/music/morph/transearch TraseMorph.java
2006.06.22 18:56 B d:\eclipseProjects\LEMu2p0j14\src\music\morph\transearch\WS_FTP.LOG --> ftphome.ci.qut.edu.au /20060622Bkup/src/ai/lplay/music/morph/transearch WS_FTP.LOG
