2006.02.17 12:00 B d:\eclipseProjects\Lemu2p0\src\music\BasicMorphMusicGen.java --> ftphome.ci.qut.edu.au /20060216Bkup/src/music BasicMorphMusicGen.java
2006.02.17 12:00 B d:\eclipseProjects\Lemu2p0\src\music\CueEvent.java --> ftphome.ci.qut.edu.au /20060216Bkup/src/music CueEvent.java
2006.02.17 12:00 B d:\eclipseProjects\Lemu2p0\src\music\CueListener.java --> ftphome.ci.qut.edu.au /20060216Bkup/src/music CueListener.java
2006.02.17 12:00 B d:\eclipseProjects\Lemu2p0\src\music\LPart.java --> ftphome.ci.qut.edu.au /20060216Bkup/src/music LPart.java
2006.02.17 12:00 B d:\eclipseProjects\Lemu2p0\src\music\LScore.java --> ftphome.ci.qut.edu.au /20060216Bkup/src/music LScore.java
2006.02.17 12:00 B d:\eclipseProjects\Lemu2p0\src\music\MorphTracker.java --> ftphome.ci.qut.edu.au /20060216Bkup/src/music MorphTracker.java
2006.02.17 12:00 B d:\eclipseProjects\Lemu2p0\src\music\MultiMorph.java --> ftphome.ci.qut.edu.au /20060216Bkup/src/music MultiMorph.java
2006.02.17 12:00 B d:\eclipseProjects\Lemu2p0\src\music\MusicGenerator.java --> ftphome.ci.qut.edu.au /20060216Bkup/src/music MusicGenerator.java
2006.02.17 12:00 B d:\eclipseProjects\Lemu2p0\src\music\PartMorph.java --> ftphome.ci.qut.edu.au /20060216Bkup/src/music PartMorph.java
2006.02.17 12:00 B d:\eclipseProjects\Lemu2p0\src\music\PatternMusicGenerator.java --> ftphome.ci.qut.edu.au /20060216Bkup/src/music PatternMusicGenerator.java
2006.02.17 12:00 B d:\eclipseProjects\Lemu2p0\src\music\TempoPC.java --> ftphome.ci.qut.edu.au /20060216Bkup/src/music TempoPC.java
2006.02.17 12:00 B d:\eclipseProjects\Lemu2p0\src\music\TransformChainHolder.java --> ftphome.ci.qut.edu.au /20060216Bkup/src/music TransformChainHolder.java
2006.02.20 21:33 B D:\eclipseProjects\Lemu2p0\src\music\BasicMorphMusicGen.java --> ftphome.ci.qut.edu.au /20060220bkup/src/music BasicMorphMusicGen.java
2006.02.20 21:33 B D:\eclipseProjects\Lemu2p0\src\music\CueEvent.java --> ftphome.ci.qut.edu.au /20060220bkup/src/music CueEvent.java
2006.02.20 21:33 B D:\eclipseProjects\Lemu2p0\src\music\CueListener.java --> ftphome.ci.qut.edu.au /20060220bkup/src/music CueListener.java
2006.02.20 21:33 B D:\eclipseProjects\Lemu2p0\src\music\LPart.java --> ftphome.ci.qut.edu.au /20060220bkup/src/music LPart.java
2006.02.20 21:33 B D:\eclipseProjects\Lemu2p0\src\music\LScore.java --> ftphome.ci.qut.edu.au /20060220bkup/src/music LScore.java
2006.02.20 21:33 B D:\eclipseProjects\Lemu2p0\src\music\MorphTracker.java --> ftphome.ci.qut.edu.au /20060220bkup/src/music MorphTracker.java
2006.02.20 21:33 B D:\eclipseProjects\Lemu2p0\src\music\MultiMorph.java --> ftphome.ci.qut.edu.au /20060220bkup/src/music MultiMorph.java
2006.02.20 21:33 B D:\eclipseProjects\Lemu2p0\src\music\MusicGenerator.java --> ftphome.ci.qut.edu.au /20060220bkup/src/music MusicGenerator.java
2006.02.20 21:33 B D:\eclipseProjects\Lemu2p0\src\music\PartMorph.java --> ftphome.ci.qut.edu.au /20060220bkup/src/music PartMorph.java
2006.02.20 21:33 B D:\eclipseProjects\Lemu2p0\src\music\PatternMusicGenerator.java --> ftphome.ci.qut.edu.au /20060220bkup/src/music PatternMusicGenerator.java
2006.02.20 21:33 B D:\eclipseProjects\Lemu2p0\src\music\TempoPC.java --> ftphome.ci.qut.edu.au /20060220bkup/src/music TempoPC.java
2006.02.20 21:33 B D:\eclipseProjects\Lemu2p0\src\music\TransformChainHolder.java --> ftphome.ci.qut.edu.au /20060220bkup/src/music TransformChainHolder.java
2006.02.20 21:33 B D:\eclipseProjects\Lemu2p0\src\music\WS_FTP.LOG --> ftphome.ci.qut.edu.au /20060220bkup/src/music WS_FTP.LOG
2006.04.27 12:02 B D:\eclipseProjects\LEMu2p0j14\src\music\BasicMorphMusicGen.java --> ftphome.ci.qut.edu.au /20060427bkupBeforesmoothing/src/music BasicMorphMusicGen.java
2006.04.27 12:02 B D:\eclipseProjects\LEMu2p0j14\src\music\CueEvent.java --> ftphome.ci.qut.edu.au /20060427bkupBeforesmoothing/src/music CueEvent.java
2006.04.27 12:02 B D:\eclipseProjects\LEMu2p0j14\src\music\CueListener.java --> ftphome.ci.qut.edu.au /20060427bkupBeforesmoothing/src/music CueListener.java
2006.04.27 12:02 B D:\eclipseProjects\LEMu2p0j14\src\music\Glomordel.java --> ftphome.ci.qut.edu.au /20060427bkupBeforesmoothing/src/music Glomordel.java
2006.04.27 12:02 B D:\eclipseProjects\LEMu2p0j14\src\music\LPart.java --> ftphome.ci.qut.edu.au /20060427bkupBeforesmoothing/src/music LPart.java
2006.04.27 12:02 B D:\eclipseProjects\LEMu2p0j14\src\music\LScore.java --> ftphome.ci.qut.edu.au /20060427bkupBeforesmoothing/src/music LScore.java
2006.04.27 12:02 B D:\eclipseProjects\LEMu2p0j14\src\music\MorphTracker.java --> ftphome.ci.qut.edu.au /20060427bkupBeforesmoothing/src/music MorphTracker.java
2006.04.27 12:02 B D:\eclipseProjects\LEMu2p0j14\src\music\MultiMorph.java --> ftphome.ci.qut.edu.au /20060427bkupBeforesmoothing/src/music MultiMorph.java
2006.04.27 12:02 B D:\eclipseProjects\LEMu2p0j14\src\music\MusicGenerator.java --> ftphome.ci.qut.edu.au /20060427bkupBeforesmoothing/src/music MusicGenerator.java
2006.04.27 12:02 B D:\eclipseProjects\LEMu2p0j14\src\music\PartMorph.java --> ftphome.ci.qut.edu.au /20060427bkupBeforesmoothing/src/music PartMorph.java
2006.04.27 12:02 B D:\eclipseProjects\LEMu2p0j14\src\music\PatternMusicGenerator.java --> ftphome.ci.qut.edu.au /20060427bkupBeforesmoothing/src/music PatternMusicGenerator.java
2006.04.27 12:02 B D:\eclipseProjects\LEMu2p0j14\src\music\TempoPC.java --> ftphome.ci.qut.edu.au /20060427bkupBeforesmoothing/src/music TempoPC.java
2006.04.27 12:02 B D:\eclipseProjects\LEMu2p0j14\src\music\TransformChainHolder.java --> ftphome.ci.qut.edu.au /20060427bkupBeforesmoothing/src/music TransformChainHolder.java
2006.04.27 12:02 B D:\eclipseProjects\LEMu2p0j14\src\music\WS_FTP.LOG --> ftphome.ci.qut.edu.au /20060427bkupBeforesmoothing/src/music WS_FTP.LOG
