2006.02.17 12:11 B d:\eclipseProjects\Lemu2p0\APIs\jmms\MidiNoteListener.java --> ftphome.ci.qut.edu.au /20060216Bkup/APIs/jmms MidiNoteListener.java
2006.02.17 12:11 B d:\eclipseProjects\Lemu2p0\APIs\jmms\MPlayer.java --> ftphome.ci.qut.edu.au /20060216Bkup/APIs/jmms MPlayer.java
2006.02.17 12:11 B d:\eclipseProjects\Lemu2p0\APIs\jmms\NoteEvent.java --> ftphome.ci.qut.edu.au /20060216Bkup/APIs/jmms NoteEvent.java
2006.02.17 12:11 B d:\eclipseProjects\Lemu2p0\APIs\jmms\PlayTask.java --> ftphome.ci.qut.edu.au /20060216Bkup/APIs/jmms PlayTask.java
2006.02.17 12:11 B d:\eclipseProjects\Lemu2p0\APIs\jmms\Sequence.java --> ftphome.ci.qut.edu.au /20060216Bkup/APIs/jmms Sequence.java
2006.02.17 12:11 B d:\eclipseProjects\Lemu2p0\APIs\jmms\Sequencer.java --> ftphome.ci.qut.edu.au /20060216Bkup/APIs/jmms Sequencer.java
2006.02.17 12:11 B d:\eclipseProjects\Lemu2p0\APIs\jmms\StartListener.java --> ftphome.ci.qut.edu.au /20060216Bkup/APIs/jmms StartListener.java
2006.02.17 12:11 B d:\eclipseProjects\Lemu2p0\APIs\jmms\TickEvent.java --> ftphome.ci.qut.edu.au /20060216Bkup/APIs/jmms TickEvent.java
2006.02.17 12:11 B d:\eclipseProjects\Lemu2p0\APIs\jmms\TickListener.java --> ftphome.ci.qut.edu.au /20060216Bkup/APIs/jmms TickListener.java
2006.02.17 12:11 B d:\eclipseProjects\Lemu2p0\APIs\jmms\TickTask.java --> ftphome.ci.qut.edu.au /20060216Bkup/APIs/jmms TickTask.java
2006.04.27 12:02 B D:\eclipseProjects\LEMu2p0j14\APIs\jmms\MidiNoteListener.java --> ftphome.ci.qut.edu.au /20060427bkupBeforesmoothing/APIs/jmms MidiNoteListener.java
2006.04.27 12:02 B D:\eclipseProjects\LEMu2p0j14\APIs\jmms\MPlayer.java --> ftphome.ci.qut.edu.au /20060427bkupBeforesmoothing/APIs/jmms MPlayer.java
2006.04.27 12:02 B D:\eclipseProjects\LEMu2p0j14\APIs\jmms\NoteEvent.java --> ftphome.ci.qut.edu.au /20060427bkupBeforesmoothing/APIs/jmms NoteEvent.java
2006.04.27 12:02 B D:\eclipseProjects\LEMu2p0j14\APIs\jmms\PlayTask.java --> ftphome.ci.qut.edu.au /20060427bkupBeforesmoothing/APIs/jmms PlayTask.java
2006.04.27 12:02 B D:\eclipseProjects\LEMu2p0j14\APIs\jmms\Sequence.java --> ftphome.ci.qut.edu.au /20060427bkupBeforesmoothing/APIs/jmms Sequence.java
2006.04.27 12:02 B D:\eclipseProjects\LEMu2p0j14\APIs\jmms\Sequencer.java --> ftphome.ci.qut.edu.au /20060427bkupBeforesmoothing/APIs/jmms Sequencer.java
2006.04.27 12:02 B D:\eclipseProjects\LEMu2p0j14\APIs\jmms\StartListener.java --> ftphome.ci.qut.edu.au /20060427bkupBeforesmoothing/APIs/jmms StartListener.java
2006.04.27 12:02 B D:\eclipseProjects\LEMu2p0j14\APIs\jmms\TickEvent.java --> ftphome.ci.qut.edu.au /20060427bkupBeforesmoothing/APIs/jmms TickEvent.java
2006.04.27 12:02 B D:\eclipseProjects\LEMu2p0j14\APIs\jmms\TickListener.java --> ftphome.ci.qut.edu.au /20060427bkupBeforesmoothing/APIs/jmms TickListener.java
2006.04.27 12:02 B D:\eclipseProjects\LEMu2p0j14\APIs\jmms\TickTask.java --> ftphome.ci.qut.edu.au /20060427bkupBeforesmoothing/APIs/jmms TickTask.java
2006.04.27 12:02 B D:\eclipseProjects\LEMu2p0j14\APIs\jmms\WS_FTP.LOG --> ftphome.ci.qut.edu.au /20060427bkupBeforesmoothing/APIs/jmms WS_FTP.LOG
