2006.02.17 12:05 B d:\eclipseProjects\Lemu2p0\APIs\jm\gui\cpn\AppletImages.java --> ftphome.ci.qut.edu.au /20060216Bkup/APIs/jm/gui/cpn AppletImages.java
2006.02.17 12:05 B d:\eclipseProjects\Lemu2p0\APIs\jm\gui\cpn\BassStave.java --> ftphome.ci.qut.edu.au /20060216Bkup/APIs/jm/gui/cpn BassStave.java
2006.02.17 12:05 B d:\eclipseProjects\Lemu2p0\APIs\jm\gui\cpn\CpnZoomScreen.java --> ftphome.ci.qut.edu.au /20060216Bkup/APIs/jm/gui/cpn CpnZoomScreen.java
2006.02.17 12:05 B d:\eclipseProjects\Lemu2p0\APIs\jm\gui\cpn\GrandStave.java --> ftphome.ci.qut.edu.au /20060216Bkup/APIs/jm/gui/cpn GrandStave.java
2006.02.17 12:05 B d:\eclipseProjects\Lemu2p0\APIs\jm\gui\cpn\Images.java --> ftphome.ci.qut.edu.au /20060216Bkup/APIs/jm/gui/cpn Images.java
2006.02.17 12:05 B d:\eclipseProjects\Lemu2p0\APIs\jm\gui\cpn\JGrandStave.java --> ftphome.ci.qut.edu.au /20060216Bkup/APIs/jm/gui/cpn JGrandStave.java
2006.02.17 12:05 B d:\eclipseProjects\Lemu2p0\APIs\jm\gui\cpn\JmMidiPlayer.java --> ftphome.ci.qut.edu.au /20060216Bkup/APIs/jm/gui/cpn JmMidiPlayer.java
2006.02.17 12:05 B d:\eclipseProjects\Lemu2p0\APIs\jm\gui\cpn\JStaveActionHandler.java --> ftphome.ci.qut.edu.au /20060216Bkup/APIs/jm/gui/cpn JStaveActionHandler.java
2006.02.17 12:05 B d:\eclipseProjects\Lemu2p0\APIs\jm\gui\cpn\KeyChangeListener.java --> ftphome.ci.qut.edu.au /20060216Bkup/APIs/jm/gui/cpn KeyChangeListener.java
2006.02.17 12:05 B d:\eclipseProjects\Lemu2p0\APIs\jm\gui\cpn\LetterNotesEditor.java --> ftphome.ci.qut.edu.au /20060216Bkup/APIs/jm/gui/cpn LetterNotesEditor.java
2006.02.17 12:05 B d:\eclipseProjects\Lemu2p0\APIs\jm\gui\cpn\Notate.java --> ftphome.ci.qut.edu.au /20060216Bkup/APIs/jm/gui/cpn Notate.java
2006.02.17 12:05 B d:\eclipseProjects\Lemu2p0\APIs\jm\gui\cpn\NoteEditor.java --> ftphome.ci.qut.edu.au /20060216Bkup/APIs/jm/gui/cpn NoteEditor.java
2006.02.17 12:05 B d:\eclipseProjects\Lemu2p0\APIs\jm\gui\cpn\ParmScreen.java --> ftphome.ci.qut.edu.au /20060216Bkup/APIs/jm/gui/cpn ParmScreen.java
2006.02.17 12:05 B d:\eclipseProjects\Lemu2p0\APIs\jm\gui\cpn\PhraseViewer.java --> ftphome.ci.qut.edu.au /20060216Bkup/APIs/jm/gui/cpn PhraseViewer.java
2006.02.17 12:05 B d:\eclipseProjects\Lemu2p0\APIs\jm\gui\cpn\PianoStave.java --> ftphome.ci.qut.edu.au /20060216Bkup/APIs/jm/gui/cpn PianoStave.java
2006.02.17 12:05 B d:\eclipseProjects\Lemu2p0\APIs\jm\gui\cpn\Stave.java --> ftphome.ci.qut.edu.au /20060216Bkup/APIs/jm/gui/cpn Stave.java
2006.02.17 12:05 B d:\eclipseProjects\Lemu2p0\APIs\jm\gui\cpn\StaveActionHandler.java --> ftphome.ci.qut.edu.au /20060216Bkup/APIs/jm/gui/cpn StaveActionHandler.java
2006.02.17 12:05 B d:\eclipseProjects\Lemu2p0\APIs\jm\gui\cpn\StavePhraseProperties.java --> ftphome.ci.qut.edu.au /20060216Bkup/APIs/jm/gui/cpn StavePhraseProperties.java
2006.02.17 12:06 B d:\eclipseProjects\Lemu2p0\APIs\jm\gui\cpn\ToolkitImages.java --> ftphome.ci.qut.edu.au /20060216Bkup/APIs/jm/gui/cpn ToolkitImages.java
2006.02.17 12:06 B d:\eclipseProjects\Lemu2p0\APIs\jm\gui\cpn\TrebleStave.java --> ftphome.ci.qut.edu.au /20060216Bkup/APIs/jm/gui/cpn TrebleStave.java
2006.02.20 21:25 B D:\eclipseProjects\Lemu2p0\APIs\jm\gui\cpn\AppletImages.java --> ftphome.ci.qut.edu.au /20060220bkup/APIs/jm/gui/cpn AppletImages.java
2006.02.20 21:25 B D:\eclipseProjects\Lemu2p0\APIs\jm\gui\cpn\BassStave.java --> ftphome.ci.qut.edu.au /20060220bkup/APIs/jm/gui/cpn BassStave.java
2006.02.20 21:25 B D:\eclipseProjects\Lemu2p0\APIs\jm\gui\cpn\CpnZoomScreen.java --> ftphome.ci.qut.edu.au /20060220bkup/APIs/jm/gui/cpn CpnZoomScreen.java
2006.02.20 21:25 B D:\eclipseProjects\Lemu2p0\APIs\jm\gui\cpn\GrandStave.java --> ftphome.ci.qut.edu.au /20060220bkup/APIs/jm/gui/cpn GrandStave.java
2006.02.20 21:25 B D:\eclipseProjects\Lemu2p0\APIs\jm\gui\cpn\Images.java --> ftphome.ci.qut.edu.au /20060220bkup/APIs/jm/gui/cpn Images.java
2006.02.20 21:25 B D:\eclipseProjects\Lemu2p0\APIs\jm\gui\cpn\JGrandStave.java --> ftphome.ci.qut.edu.au /20060220bkup/APIs/jm/gui/cpn JGrandStave.java
2006.02.20 21:25 B D:\eclipseProjects\Lemu2p0\APIs\jm\gui\cpn\JmMidiPlayer.java --> ftphome.ci.qut.edu.au /20060220bkup/APIs/jm/gui/cpn JmMidiPlayer.java
2006.02.20 21:25 B D:\eclipseProjects\Lemu2p0\APIs\jm\gui\cpn\JStaveActionHandler.java --> ftphome.ci.qut.edu.au /20060220bkup/APIs/jm/gui/cpn JStaveActionHandler.java
2006.02.20 21:25 B D:\eclipseProjects\Lemu2p0\APIs\jm\gui\cpn\KeyChangeListener.java --> ftphome.ci.qut.edu.au /20060220bkup/APIs/jm/gui/cpn KeyChangeListener.java
2006.02.20 21:25 B D:\eclipseProjects\Lemu2p0\APIs\jm\gui\cpn\LetterNotesEditor.java --> ftphome.ci.qut.edu.au /20060220bkup/APIs/jm/gui/cpn LetterNotesEditor.java
2006.02.20 21:25 B D:\eclipseProjects\Lemu2p0\APIs\jm\gui\cpn\Notate.java --> ftphome.ci.qut.edu.au /20060220bkup/APIs/jm/gui/cpn Notate.java
2006.02.20 21:25 B D:\eclipseProjects\Lemu2p0\APIs\jm\gui\cpn\NoteEditor.java --> ftphome.ci.qut.edu.au /20060220bkup/APIs/jm/gui/cpn NoteEditor.java
2006.02.20 21:25 B D:\eclipseProjects\Lemu2p0\APIs\jm\gui\cpn\ParmScreen.java --> ftphome.ci.qut.edu.au /20060220bkup/APIs/jm/gui/cpn ParmScreen.java
2006.02.20 21:26 B D:\eclipseProjects\Lemu2p0\APIs\jm\gui\cpn\PhraseViewer.java --> ftphome.ci.qut.edu.au /20060220bkup/APIs/jm/gui/cpn PhraseViewer.java
2006.02.20 21:26 B D:\eclipseProjects\Lemu2p0\APIs\jm\gui\cpn\PianoStave.java --> ftphome.ci.qut.edu.au /20060220bkup/APIs/jm/gui/cpn PianoStave.java
2006.02.20 21:26 B D:\eclipseProjects\Lemu2p0\APIs\jm\gui\cpn\Stave.java --> ftphome.ci.qut.edu.au /20060220bkup/APIs/jm/gui/cpn Stave.java
2006.02.20 21:26 B D:\eclipseProjects\Lemu2p0\APIs\jm\gui\cpn\StaveActionHandler.java --> ftphome.ci.qut.edu.au /20060220bkup/APIs/jm/gui/cpn StaveActionHandler.java
2006.02.20 21:26 B D:\eclipseProjects\Lemu2p0\APIs\jm\gui\cpn\StavePhraseProperties.java --> ftphome.ci.qut.edu.au /20060220bkup/APIs/jm/gui/cpn StavePhraseProperties.java
2006.02.20 21:26 B D:\eclipseProjects\Lemu2p0\APIs\jm\gui\cpn\ToolkitImages.java --> ftphome.ci.qut.edu.au /20060220bkup/APIs/jm/gui/cpn ToolkitImages.java
2006.02.20 21:26 B D:\eclipseProjects\Lemu2p0\APIs\jm\gui\cpn\TrebleStave.java --> ftphome.ci.qut.edu.au /20060220bkup/APIs/jm/gui/cpn TrebleStave.java
2006.02.20 21:26 B D:\eclipseProjects\Lemu2p0\APIs\jm\gui\cpn\WS_FTP.LOG --> ftphome.ci.qut.edu.au /20060220bkup/APIs/jm/gui/cpn WS_FTP.LOG
2006.04.27 12:02 B D:\eclipseProjects\LEMu2p0j14\APIs\jm\gui\cpn\AppletImages.java --> ftphome.ci.qut.edu.au /20060427bkupBeforesmoothing/APIs/jm/gui/cpn AppletImages.java
2006.04.27 12:02 B D:\eclipseProjects\LEMu2p0j14\APIs\jm\gui\cpn\BassStave.java --> ftphome.ci.qut.edu.au /20060427bkupBeforesmoothing/APIs/jm/gui/cpn BassStave.java
2006.04.27 12:02 B D:\eclipseProjects\LEMu2p0j14\APIs\jm\gui\cpn\CpnZoomScreen.java --> ftphome.ci.qut.edu.au /20060427bkupBeforesmoothing/APIs/jm/gui/cpn CpnZoomScreen.java
2006.04.27 12:02 B D:\eclipseProjects\LEMu2p0j14\APIs\jm\gui\cpn\GrandStave.java --> ftphome.ci.qut.edu.au /20060427bkupBeforesmoothing/APIs/jm/gui/cpn GrandStave.java
2006.04.27 12:02 B D:\eclipseProjects\LEMu2p0j14\APIs\jm\gui\cpn\Images.java --> ftphome.ci.qut.edu.au /20060427bkupBeforesmoothing/APIs/jm/gui/cpn Images.java
2006.04.27 12:02 B D:\eclipseProjects\LEMu2p0j14\APIs\jm\gui\cpn\JGrandStave.java --> ftphome.ci.qut.edu.au /20060427bkupBeforesmoothing/APIs/jm/gui/cpn JGrandStave.java
2006.04.27 12:02 B D:\eclipseProjects\LEMu2p0j14\APIs\jm\gui\cpn\JmMidiPlayer.java --> ftphome.ci.qut.edu.au /20060427bkupBeforesmoothing/APIs/jm/gui/cpn JmMidiPlayer.java
2006.04.27 12:02 B D:\eclipseProjects\LEMu2p0j14\APIs\jm\gui\cpn\JStaveActionHandler.java --> ftphome.ci.qut.edu.au /20060427bkupBeforesmoothing/APIs/jm/gui/cpn JStaveActionHandler.java
2006.04.27 12:02 B D:\eclipseProjects\LEMu2p0j14\APIs\jm\gui\cpn\KeyChangeListener.java --> ftphome.ci.qut.edu.au /20060427bkupBeforesmoothing/APIs/jm/gui/cpn KeyChangeListener.java
2006.04.27 12:02 B D:\eclipseProjects\LEMu2p0j14\APIs\jm\gui\cpn\LetterNotesEditor.java --> ftphome.ci.qut.edu.au /20060427bkupBeforesmoothing/APIs/jm/gui/cpn LetterNotesEditor.java
2006.04.27 12:02 B D:\eclipseProjects\LEMu2p0j14\APIs\jm\gui\cpn\Notate.java --> ftphome.ci.qut.edu.au /20060427bkupBeforesmoothing/APIs/jm/gui/cpn Notate.java
2006.04.27 12:02 B D:\eclipseProjects\LEMu2p0j14\APIs\jm\gui\cpn\NoteEditor.java --> ftphome.ci.qut.edu.au /20060427bkupBeforesmoothing/APIs/jm/gui/cpn NoteEditor.java
2006.04.27 12:02 B D:\eclipseProjects\LEMu2p0j14\APIs\jm\gui\cpn\ParmScreen.java --> ftphome.ci.qut.edu.au /20060427bkupBeforesmoothing/APIs/jm/gui/cpn ParmScreen.java
2006.04.27 12:02 B D:\eclipseProjects\LEMu2p0j14\APIs\jm\gui\cpn\PhraseViewer.java --> ftphome.ci.qut.edu.au /20060427bkupBeforesmoothing/APIs/jm/gui/cpn PhraseViewer.java
2006.04.27 12:02 B D:\eclipseProjects\LEMu2p0j14\APIs\jm\gui\cpn\PianoStave.java --> ftphome.ci.qut.edu.au /20060427bkupBeforesmoothing/APIs/jm/gui/cpn PianoStave.java
2006.04.27 12:02 B D:\eclipseProjects\LEMu2p0j14\APIs\jm\gui\cpn\Stave.java --> ftphome.ci.qut.edu.au /20060427bkupBeforesmoothing/APIs/jm/gui/cpn Stave.java
2006.04.27 12:02 B D:\eclipseProjects\LEMu2p0j14\APIs\jm\gui\cpn\StaveActionHandler.java --> ftphome.ci.qut.edu.au /20060427bkupBeforesmoothing/APIs/jm/gui/cpn StaveActionHandler.java
2006.04.27 12:02 B D:\eclipseProjects\LEMu2p0j14\APIs\jm\gui\cpn\StavePhraseProperties.java --> ftphome.ci.qut.edu.au /20060427bkupBeforesmoothing/APIs/jm/gui/cpn StavePhraseProperties.java
2006.04.27 12:02 B D:\eclipseProjects\LEMu2p0j14\APIs\jm\gui\cpn\ToolkitImages.java --> ftphome.ci.qut.edu.au /20060427bkupBeforesmoothing/APIs/jm/gui/cpn ToolkitImages.java
2006.04.27 12:02 B D:\eclipseProjects\LEMu2p0j14\APIs\jm\gui\cpn\TrebleStave.java --> ftphome.ci.qut.edu.au /20060427bkupBeforesmoothing/APIs/jm/gui/cpn TrebleStave.java
2006.04.27 12:02 B D:\eclipseProjects\LEMu2p0j14\APIs\jm\gui\cpn\WS_FTP.LOG --> ftphome.ci.qut.edu.au /20060427bkupBeforesmoothing/APIs/jm/gui/cpn WS_FTP.LOG
