2006.02.17 12:12 B d:\eclipseProjects\Lemu2p0\APIs\ren\util\AD.java --> ftphome.ci.qut.edu.au /20060216Bkup/APIs/ren/util AD.java
2006.02.17 12:12 B d:\eclipseProjects\Lemu2p0\APIs\ren\util\Arr.java --> ftphome.ci.qut.edu.au /20060216Bkup/APIs/ren/util Arr.java
2006.02.17 12:12 B d:\eclipseProjects\Lemu2p0\APIs\ren\util\Colors.java --> ftphome.ci.qut.edu.au /20060216Bkup/APIs/ren/util Colors.java
2006.02.17 12:12 B d:\eclipseProjects\Lemu2p0\APIs\ren\util\DimUtil.java --> ftphome.ci.qut.edu.au /20060216Bkup/APIs/ren/util DimUtil.java
2006.02.17 12:12 B d:\eclipseProjects\Lemu2p0\APIs\ren\util\Err.java --> ftphome.ci.qut.edu.au /20060216Bkup/APIs/ren/util Err.java
2006.02.17 12:12 B d:\eclipseProjects\Lemu2p0\APIs\ren\util\GB.java --> ftphome.ci.qut.edu.au /20060216Bkup/APIs/ren/util GB.java
2006.02.17 12:12 B d:\eclipseProjects\Lemu2p0\APIs\ren\util\Gen.java --> ftphome.ci.qut.edu.au /20060216Bkup/APIs/ren/util Gen.java
2006.02.17 12:12 B d:\eclipseProjects\Lemu2p0\APIs\ren\util\JUtil.java --> ftphome.ci.qut.edu.au /20060216Bkup/APIs/ren/util JUtil.java
2006.02.17 12:12 B d:\eclipseProjects\Lemu2p0\APIs\ren\util\KeyItem.java --> ftphome.ci.qut.edu.au /20060216Bkup/APIs/ren/util KeyItem.java
2006.02.17 12:12 B d:\eclipseProjects\Lemu2p0\APIs\ren\util\Make.java --> ftphome.ci.qut.edu.au /20060216Bkup/APIs/ren/util Make.java
2006.02.17 12:12 B d:\eclipseProjects\Lemu2p0\APIs\ren\util\ODouble.java --> ftphome.ci.qut.edu.au /20060216Bkup/APIs/ren/util ODouble.java
2006.02.17 12:12 B d:\eclipseProjects\Lemu2p0\APIs\ren\util\ODoubleCompare.java --> ftphome.ci.qut.edu.au /20060216Bkup/APIs/ren/util ODoubleCompare.java
2006.02.17 12:12 B d:\eclipseProjects\Lemu2p0\APIs\ren\util\Playable.java --> ftphome.ci.qut.edu.au /20060216Bkup/APIs/ren/util Playable.java
2006.02.17 12:12 B d:\eclipseProjects\Lemu2p0\APIs\ren\util\PO.java --> ftphome.ci.qut.edu.au /20060216Bkup/APIs/ren/util PO.java
2006.02.17 12:13 B d:\eclipseProjects\Lemu2p0\APIs\ren\util\RMath.java --> ftphome.ci.qut.edu.au /20060216Bkup/APIs/ren/util RMath.java
2006.02.17 12:13 B d:\eclipseProjects\Lemu2p0\APIs\ren\util\Save.java --> ftphome.ci.qut.edu.au /20060216Bkup/APIs/ren/util Save.java
2006.02.17 12:13 B d:\eclipseProjects\Lemu2p0\APIs\ren\util\VectorMap.java --> ftphome.ci.qut.edu.au /20060216Bkup/APIs/ren/util VectorMap.java
2006.04.27 12:02 B D:\eclipseProjects\LEMu2p0j14\APIs\ren\util\AD.java --> ftphome.ci.qut.edu.au /20060427bkupBeforesmoothing/APIs/ren/util AD.java
2006.04.27 12:02 B D:\eclipseProjects\LEMu2p0j14\APIs\ren\util\Arr.java --> ftphome.ci.qut.edu.au /20060427bkupBeforesmoothing/APIs/ren/util Arr.java
2006.04.27 12:02 B D:\eclipseProjects\LEMu2p0j14\APIs\ren\util\Colors.java --> ftphome.ci.qut.edu.au /20060427bkupBeforesmoothing/APIs/ren/util Colors.java
2006.04.27 12:02 B D:\eclipseProjects\LEMu2p0j14\APIs\ren\util\DimUtil.java --> ftphome.ci.qut.edu.au /20060427bkupBeforesmoothing/APIs/ren/util DimUtil.java
2006.04.27 12:02 B D:\eclipseProjects\LEMu2p0j14\APIs\ren\util\Err.java --> ftphome.ci.qut.edu.au /20060427bkupBeforesmoothing/APIs/ren/util Err.java
2006.04.27 12:02 B D:\eclipseProjects\LEMu2p0j14\APIs\ren\util\GB.java --> ftphome.ci.qut.edu.au /20060427bkupBeforesmoothing/APIs/ren/util GB.java
2006.04.27 12:02 B D:\eclipseProjects\LEMu2p0j14\APIs\ren\util\Gen.java --> ftphome.ci.qut.edu.au /20060427bkupBeforesmoothing/APIs/ren/util Gen.java
2006.04.27 12:02 B D:\eclipseProjects\LEMu2p0j14\APIs\ren\util\JUtil.java --> ftphome.ci.qut.edu.au /20060427bkupBeforesmoothing/APIs/ren/util JUtil.java
2006.04.27 12:02 B D:\eclipseProjects\LEMu2p0j14\APIs\ren\util\KeyItem.java --> ftphome.ci.qut.edu.au /20060427bkupBeforesmoothing/APIs/ren/util KeyItem.java
2006.04.27 12:02 B D:\eclipseProjects\LEMu2p0j14\APIs\ren\util\Make.java --> ftphome.ci.qut.edu.au /20060427bkupBeforesmoothing/APIs/ren/util Make.java
2006.04.27 12:02 B D:\eclipseProjects\LEMu2p0j14\APIs\ren\util\ODouble.java --> ftphome.ci.qut.edu.au /20060427bkupBeforesmoothing/APIs/ren/util ODouble.java
2006.04.27 12:02 B D:\eclipseProjects\LEMu2p0j14\APIs\ren\util\ODoubleCompare.java --> ftphome.ci.qut.edu.au /20060427bkupBeforesmoothing/APIs/ren/util ODoubleCompare.java
2006.04.27 12:02 B D:\eclipseProjects\LEMu2p0j14\APIs\ren\util\Playable.java --> ftphome.ci.qut.edu.au /20060427bkupBeforesmoothing/APIs/ren/util Playable.java
2006.04.27 12:02 B D:\eclipseProjects\LEMu2p0j14\APIs\ren\util\PO.java --> ftphome.ci.qut.edu.au /20060427bkupBeforesmoothing/APIs/ren/util PO.java
2006.04.27 12:02 B D:\eclipseProjects\LEMu2p0j14\APIs\ren\util\RMath.java --> ftphome.ci.qut.edu.au /20060427bkupBeforesmoothing/APIs/ren/util RMath.java
2006.04.27 12:02 B D:\eclipseProjects\LEMu2p0j14\APIs\ren\util\Save.java --> ftphome.ci.qut.edu.au /20060427bkupBeforesmoothing/APIs/ren/util Save.java
2006.04.27 12:02 B D:\eclipseProjects\LEMu2p0j14\APIs\ren\util\VectorMap.java --> ftphome.ci.qut.edu.au /20060427bkupBeforesmoothing/APIs/ren/util VectorMap.java
2006.04.27 12:02 B D:\eclipseProjects\LEMu2p0j14\APIs\ren\util\WS_FTP.LOG --> ftphome.ci.qut.edu.au /20060427bkupBeforesmoothing/APIs/ren/util WS_FTP.LOG
