2006.02.17 11:58 B d:\eclipseProjects\Lemu2p0\src\ai\AllCompare.java --> ftphome.ci.qut.edu.au /20060216Bkup/src/ai AllCompare.java
2006.02.17 11:58 B d:\eclipseProjects\Lemu2p0\src\ai\An.java --> ftphome.ci.qut.edu.au /20060216Bkup/src/ai An.java
2006.02.17 11:58 B d:\eclipseProjects\Lemu2p0\src\ai\Compare.java --> ftphome.ci.qut.edu.au /20060216Bkup/src/ai Compare.java
2006.02.17 11:58 B d:\eclipseProjects\Lemu2p0\src\ai\DynamicCompare.java --> ftphome.ci.qut.edu.au /20060216Bkup/src/ai DynamicCompare.java
2006.02.17 11:58 B d:\eclipseProjects\Lemu2p0\src\ai\MTConverter.java --> ftphome.ci.qut.edu.au /20060216Bkup/src/ai MTConverter.java
2006.02.17 11:58 B d:\eclipseProjects\Lemu2p0\src\ai\MTransformat.java --> ftphome.ci.qut.edu.au /20060216Bkup/src/ai MTransformat.java
2006.02.17 11:58 B d:\eclipseProjects\Lemu2p0\src\ai\PitchCompare.java --> ftphome.ci.qut.edu.au /20060216Bkup/src/ai PitchCompare.java
2006.02.17 11:58 B d:\eclipseProjects\Lemu2p0\src\ai\ProbNet.java --> ftphome.ci.qut.edu.au /20060216Bkup/src/ai ProbNet.java
2006.02.17 11:58 B d:\eclipseProjects\Lemu2p0\src\ai\RhythmCompare.java --> ftphome.ci.qut.edu.au /20060216Bkup/src/ai RhythmCompare.java
2006.02.17 11:58 B d:\eclipseProjects\Lemu2p0\src\ai\StartTimeCompare.java --> ftphome.ci.qut.edu.au /20060216Bkup/src/ai StartTimeCompare.java
2006.02.17 11:58 B d:\eclipseProjects\Lemu2p0\src\ai\TonalCompare.java --> ftphome.ci.qut.edu.au /20060216Bkup/src/ai TonalCompare.java
2006.02.20 21:31 B D:\eclipseProjects\Lemu2p0\src\ai\AllCompare.java --> ftphome.ci.qut.edu.au /20060220bkup/src/ai AllCompare.java
2006.02.20 21:31 B D:\eclipseProjects\Lemu2p0\src\ai\An.java --> ftphome.ci.qut.edu.au /20060220bkup/src/ai An.java
2006.02.20 21:31 B D:\eclipseProjects\Lemu2p0\src\ai\Compare.java --> ftphome.ci.qut.edu.au /20060220bkup/src/ai Compare.java
2006.02.20 21:31 B D:\eclipseProjects\Lemu2p0\src\ai\DynamicCompare.java --> ftphome.ci.qut.edu.au /20060220bkup/src/ai DynamicCompare.java
2006.02.20 21:31 B D:\eclipseProjects\Lemu2p0\src\ai\MTConverter.java --> ftphome.ci.qut.edu.au /20060220bkup/src/ai MTConverter.java
2006.02.20 21:31 B D:\eclipseProjects\Lemu2p0\src\ai\MTransformat.java --> ftphome.ci.qut.edu.au /20060220bkup/src/ai MTransformat.java
2006.02.20 21:31 B D:\eclipseProjects\Lemu2p0\src\ai\PitchCompare.java --> ftphome.ci.qut.edu.au /20060220bkup/src/ai PitchCompare.java
2006.02.20 21:31 B D:\eclipseProjects\Lemu2p0\src\ai\ProbNet.java --> ftphome.ci.qut.edu.au /20060220bkup/src/ai ProbNet.java
2006.02.20 21:31 B D:\eclipseProjects\Lemu2p0\src\ai\RhythmCompare.java --> ftphome.ci.qut.edu.au /20060220bkup/src/ai RhythmCompare.java
2006.02.20 21:31 B D:\eclipseProjects\Lemu2p0\src\ai\StartTimeCompare.java --> ftphome.ci.qut.edu.au /20060220bkup/src/ai StartTimeCompare.java
2006.02.20 21:31 B D:\eclipseProjects\Lemu2p0\src\ai\TonalCompare.java --> ftphome.ci.qut.edu.au /20060220bkup/src/ai TonalCompare.java
2006.02.20 21:31 B D:\eclipseProjects\Lemu2p0\src\ai\WS_FTP.LOG --> ftphome.ci.qut.edu.au /20060220bkup/src/ai WS_FTP.LOG
2006.04.27 12:02 B D:\eclipseProjects\LEMu2p0j14\src\ai\AllCompare.java --> ftphome.ci.qut.edu.au /20060427bkupBeforesmoothing/src/ai AllCompare.java
2006.04.27 12:02 B D:\eclipseProjects\LEMu2p0j14\src\ai\An.java --> ftphome.ci.qut.edu.au /20060427bkupBeforesmoothing/src/ai An.java
2006.04.27 12:02 B D:\eclipseProjects\LEMu2p0j14\src\ai\Compare.java --> ftphome.ci.qut.edu.au /20060427bkupBeforesmoothing/src/ai Compare.java
2006.04.27 12:02 B D:\eclipseProjects\LEMu2p0j14\src\ai\DefaultNoteWeighter.java --> ftphome.ci.qut.edu.au /20060427bkupBeforesmoothing/src/ai DefaultNoteWeighter.java
2006.04.27 12:02 B D:\eclipseProjects\LEMu2p0j14\src\ai\DynamicCompare.java --> ftphome.ci.qut.edu.au /20060427bkupBeforesmoothing/src/ai DynamicCompare.java
2006.04.27 12:02 B D:\eclipseProjects\LEMu2p0j14\src\ai\MTConverter.java --> ftphome.ci.qut.edu.au /20060427bkupBeforesmoothing/src/ai MTConverter.java
2006.04.27 12:02 B D:\eclipseProjects\LEMu2p0j14\src\ai\MTransformat.java --> ftphome.ci.qut.edu.au /20060427bkupBeforesmoothing/src/ai MTransformat.java
2006.04.27 12:02 B D:\eclipseProjects\LEMu2p0j14\src\ai\NoteWeighter.java --> ftphome.ci.qut.edu.au /20060427bkupBeforesmoothing/src/ai NoteWeighter.java
2006.04.27 12:02 B D:\eclipseProjects\LEMu2p0j14\src\ai\PitchCompare.java --> ftphome.ci.qut.edu.au /20060427bkupBeforesmoothing/src/ai PitchCompare.java
2006.04.27 12:02 B D:\eclipseProjects\LEMu2p0j14\src\ai\ProbNet.java --> ftphome.ci.qut.edu.au /20060427bkupBeforesmoothing/src/ai ProbNet.java
2006.04.27 12:02 B D:\eclipseProjects\LEMu2p0j14\src\ai\RhythmCompare.java --> ftphome.ci.qut.edu.au /20060427bkupBeforesmoothing/src/ai RhythmCompare.java
2006.04.27 12:02 B D:\eclipseProjects\LEMu2p0j14\src\ai\StartTimeCompare.java --> ftphome.ci.qut.edu.au /20060427bkupBeforesmoothing/src/ai StartTimeCompare.java
2006.04.27 12:02 B D:\eclipseProjects\LEMu2p0j14\src\ai\TonalCompare.java --> ftphome.ci.qut.edu.au /20060427bkupBeforesmoothing/src/ai TonalCompare.java
2006.04.27 12:02 B D:\eclipseProjects\LEMu2p0j14\src\ai\WS_FTP.LOG --> ftphome.ci.qut.edu.au /20060427bkupBeforesmoothing/src/ai WS_FTP.LOG
2006.06.22 18:53 B d:\eclipseProjects\LEMu2p0j14\src\ai\AllCompare.java --> ftphome.ci.qut.edu.au /20060622Bkup/src/ai AllCompare.java
