Wed Apr 18 17:32:39 2007
 MIDI Yoke NT:  1 : midiOutShortMsg error 12
	Handle being used simultaneously on another thread (eg callback).
GetPrivateProfileString result : 2
no : 2
Wed Apr 18 17:32:39 2007
 MIDI Yoke NT:  1 : midiOutShortMsg error 12
	Handle being used simultaneously on another thread (eg callback).
GetPrivateProfileString result : 2
no : 2
Wed Apr 18 17:32:39 2007
 MIDI Yoke NT:  1 : midiOutShortMsg error 12
	Handle being used simultaneously on another thread (eg callback).
GetPrivateProfileString result : 2
no : 2
Wed Apr 18 17:32:39 2007
 MIDI Yoke NT:  1 : midiOutShortMsg error 12
	Handle being used simultaneously on another thread (eg callback).
GetPrivateProfileString result : 2
no : 2
Wed Apr 18 17:32:39 2007
 MIDI Yoke NT:  1 : midiOutShortMsg error 12
	Handle being used simultaneously on another thread (eg callback).
GetPrivateProfileString result : 2
no : 2
Wed Apr 18 17:32:39 2007
 MIDI Yoke NT:  1 : midiOutShortMsg error 12
	Handle being used simultaneously on another thread (eg callback).
GetPrivateProfileString result : 2
no : 2
Wed Apr 18 17:32:39 2007
 MIDI Yoke NT:  1 : midiOutShortMsg error 12
	Handle being used simultaneously on another thread (eg callback).
GetPrivateProfileString result : 2
no : 2
Wed Apr 18 17:32:39 2007
 MIDI Yoke NT:  1 : midiOutShortMsg error 12
	Handle being used simultaneously on another thread (eg callback).
GetPrivateProfileString result : 2
no : 2
Wed Apr 18 17:32:39 2007
 MIDI Yoke NT:  1 : midiOutShortMsg error 12
	Handle being used simultaneously on another thread (eg callback).
GetPrivateProfileString result : 2
no : 2
Wed Apr 18 17:32:39 2007
 MIDI Yoke NT:  1 : midiOutShortMsg error 12
	Handle being used simultaneously on another thread (eg callback).
GetPrivateProfileString result : 2
no : 2
Wed Apr 18 17:32:39 2007
 MIDI Yoke NT:  1 : midiOutShortMsg error 12
	Handle being used simultaneously on another thread (eg callback).
GetPrivateProfileString result : 2
no : 2
Wed Apr 18 17:32:39 2007
 MIDI Yoke NT:  1 : midiOutShortMsg error 12
	Handle being used simultaneously on another thread (eg callback).
GetPrivateProfileString result : 2
no : 2
Wed Apr 18 17:32:39 2007
 MIDI Yoke NT:  1 : midiOutShortMsg error 12
	Handle being used simultaneously on another thread (eg callback).
GetPrivateProfileString result : 2
no : 2
Wed Apr 18 17:32:39 2007
 MIDI Yoke NT:  1 : midiOutShortMsg error 12
	Handle being used simultaneously on another thread (eg callback).
GetPrivateProfileString result : 2
no : 2
Wed Apr 18 17:32:39 2007
 MIDI Yoke NT:  1 : midiOutShortMsg error 12
	Handle being used simultaneously on another thread (eg callback).
GetPrivateProfileString result : 2
no : 2
Wed Apr 18 17:32:39 2007
 MIDI Yoke NT:  1 : midiOutShortMsg error 12
	Handle being used simultaneously on another thread (eg callback).
GetPrivateProfileString result : 2
no : 2
Wed Apr 18 17:32:39 2007
 MIDI Yoke NT:  1 : midiOutShortMsg error 12
	Handle being used simultaneously on another thread (eg callback).
GetPrivateProfileString result : 2
no : 2
Wed Apr 18 17:32:39 2007
 MIDI Yoke NT:  1 : midiOutShortMsg error 12
	Handle being used simultaneously on another thread (eg callback).
GetPrivateProfileString result : 2
no : 2
Wed Apr 18 17:32:39 2007
 MIDI Yoke NT:  1 : midiOutShortMsg error 12
	Handle being used simultaneously on another thread (eg callback).
GetPrivateProfileString result : 2
no : 2
Wed Apr 18 17:32:39 2007
 MIDI Yoke NT:  1 : midiOutShortMsg error 12
	Handle being used simultaneously on another thread (eg callback).
GetPrivateProfileString result : 2
no : 2
Wed Apr 18 17:32:39 2007
 MIDI Yoke NT:  1 : midiOutShortMsg error 12
	Handle being used simultaneously on another thread (eg callback).
GetPrivateProfileString result : 2
no : 2
Wed Apr 18 17:32:39 2007
 MIDI Yoke NT:  1 : midiOutShortMsg error 12
	Handle being used simultaneously on another thread (eg callback).
GetPrivateProfileString result : 2
no : 2
Wed Apr 18 17:32:39 2007
 MIDI Yoke NT:  1 : midiOutShortMsg error 12
	Handle being used simultaneously on another thread (eg callback).
GetPrivateProfileString result : 2
no : 2
Wed Apr 18 17:32:39 2007
 MIDI Yoke NT:  1 : midiOutShortMsg error 12
	Handle being used simultaneously on another thread (eg callback).
GetPrivateProfileString result : 2
no : 2
