2006.02.17 12:03 B d:\eclipseProjects\Lemu2p0\APIs\jm\audio\synth\Add.java --> ftphome.ci.qut.edu.au /20060216Bkup/APIs/jm/audio/synth Add.java
2006.02.17 12:03 B d:\eclipseProjects\Lemu2p0\APIs\jm\audio\synth\ADSR.java --> ftphome.ci.qut.edu.au /20060216Bkup/APIs/jm/audio/synth ADSR.java
2006.02.17 12:03 B d:\eclipseProjects\Lemu2p0\APIs\jm\audio\synth\AllFGTR.java --> ftphome.ci.qut.edu.au /20060216Bkup/APIs/jm/audio/synth AllFGTR.java
2006.02.17 12:03 B d:\eclipseProjects\Lemu2p0\APIs\jm\audio\synth\AllPass.java --> ftphome.ci.qut.edu.au /20060216Bkup/APIs/jm/audio/synth AllPass.java
2006.02.17 12:03 B d:\eclipseProjects\Lemu2p0\APIs\jm\audio\synth\Comb.java --> ftphome.ci.qut.edu.au /20060216Bkup/APIs/jm/audio/synth Comb.java
2006.02.17 12:03 B d:\eclipseProjects\Lemu2p0\APIs\jm\audio\synth\Compressor.java --> ftphome.ci.qut.edu.au /20060216Bkup/APIs/jm/audio/synth Compressor.java
2006.02.17 12:03 B d:\eclipseProjects\Lemu2p0\APIs\jm\audio\synth\Delay.java --> ftphome.ci.qut.edu.au /20060216Bkup/APIs/jm/audio/synth Delay.java
2006.02.17 12:03 B d:\eclipseProjects\Lemu2p0\APIs\jm\audio\synth\Envelope.java --> ftphome.ci.qut.edu.au /20060216Bkup/APIs/jm/audio/synth Envelope.java
2006.02.17 12:03 B d:\eclipseProjects\Lemu2p0\APIs\jm\audio\synth\EnvPoint.java --> ftphome.ci.qut.edu.au /20060216Bkup/APIs/jm/audio/synth EnvPoint.java
2006.02.17 12:03 B d:\eclipseProjects\Lemu2p0\APIs\jm\audio\synth\FFT.java --> ftphome.ci.qut.edu.au /20060216Bkup/APIs/jm/audio/synth FFT.java
2006.02.17 12:03 B d:\eclipseProjects\Lemu2p0\APIs\jm\audio\synth\FGTR.java --> ftphome.ci.qut.edu.au /20060216Bkup/APIs/jm/audio/synth FGTR.java
2006.02.17 12:03 B d:\eclipseProjects\Lemu2p0\APIs\jm\audio\synth\Filter.java --> ftphome.ci.qut.edu.au /20060216Bkup/APIs/jm/audio/synth Filter.java
2006.02.17 12:04 B d:\eclipseProjects\Lemu2p0\APIs\jm\audio\synth\Granulator.java --> ftphome.ci.qut.edu.au /20060216Bkup/APIs/jm/audio/synth Granulator.java
2006.02.17 12:04 B d:\eclipseProjects\Lemu2p0\APIs\jm\audio\synth\InverseFFT.java --> ftphome.ci.qut.edu.au /20060216Bkup/APIs/jm/audio/synth InverseFFT.java
2006.02.17 12:04 B d:\eclipseProjects\Lemu2p0\APIs\jm\audio\synth\Invert.java --> ftphome.ci.qut.edu.au /20060216Bkup/APIs/jm/audio/synth Invert.java
2006.02.17 12:04 B d:\eclipseProjects\Lemu2p0\APIs\jm\audio\synth\MassObject.java --> ftphome.ci.qut.edu.au /20060216Bkup/APIs/jm/audio/synth MassObject.java
2006.02.17 12:04 B d:\eclipseProjects\Lemu2p0\APIs\jm\audio\synth\Multiply.java --> ftphome.ci.qut.edu.au /20060216Bkup/APIs/jm/audio/synth Multiply.java
2006.02.17 12:04 B d:\eclipseProjects\Lemu2p0\APIs\jm\audio\synth\Noise.java --> ftphome.ci.qut.edu.au /20060216Bkup/APIs/jm/audio/synth Noise.java
2006.02.17 12:04 B d:\eclipseProjects\Lemu2p0\APIs\jm\audio\synth\NoteBuffer.java --> ftphome.ci.qut.edu.au /20060216Bkup/APIs/jm/audio/synth NoteBuffer.java
2006.02.17 12:04 B d:\eclipseProjects\Lemu2p0\APIs\jm\audio\synth\NoteBufferReversed.java --> ftphome.ci.qut.edu.au /20060216Bkup/APIs/jm/audio/synth NoteBufferReversed.java
2006.02.17 12:04 B d:\eclipseProjects\Lemu2p0\APIs\jm\audio\synth\Oscillator.java --> ftphome.ci.qut.edu.au /20060216Bkup/APIs/jm/audio/synth Oscillator.java
2006.02.17 12:04 B d:\eclipseProjects\Lemu2p0\APIs\jm\audio\synth\Pluck.java --> ftphome.ci.qut.edu.au /20060216Bkup/APIs/jm/audio/synth Pluck.java
2006.02.17 12:04 B d:\eclipseProjects\Lemu2p0\APIs\jm\audio\synth\ReSample.java --> ftphome.ci.qut.edu.au /20060216Bkup/APIs/jm/audio/synth ReSample.java
2006.02.17 12:04 B d:\eclipseProjects\Lemu2p0\APIs\jm\audio\synth\Smooth.java --> ftphome.ci.qut.edu.au /20060216Bkup/APIs/jm/audio/synth Smooth.java
2006.02.17 12:04 B d:\eclipseProjects\Lemu2p0\APIs\jm\audio\synth\Splitter.java --> ftphome.ci.qut.edu.au /20060216Bkup/APIs/jm/audio/synth Splitter.java
2006.02.17 12:04 B d:\eclipseProjects\Lemu2p0\APIs\jm\audio\synth\Spring.java --> ftphome.ci.qut.edu.au /20060216Bkup/APIs/jm/audio/synth Spring.java
2006.02.17 12:04 B d:\eclipseProjects\Lemu2p0\APIs\jm\audio\synth\SpringObject.java --> ftphome.ci.qut.edu.au /20060216Bkup/APIs/jm/audio/synth SpringObject.java
2006.02.17 12:04 B d:\eclipseProjects\Lemu2p0\APIs\jm\audio\synth\SpringPipe.java --> ftphome.ci.qut.edu.au /20060216Bkup/APIs/jm/audio/synth SpringPipe.java
2006.02.17 12:04 B d:\eclipseProjects\Lemu2p0\APIs\jm\audio\synth\StereoPan.java --> ftphome.ci.qut.edu.au /20060216Bkup/APIs/jm/audio/synth StereoPan.java
2006.02.17 12:04 B d:\eclipseProjects\Lemu2p0\APIs\jm\audio\synth\TapDelay.java --> ftphome.ci.qut.edu.au /20060216Bkup/APIs/jm/audio/synth TapDelay.java
2006.02.17 12:04 B d:\eclipseProjects\Lemu2p0\APIs\jm\audio\synth\Value.java --> ftphome.ci.qut.edu.au /20060216Bkup/APIs/jm/audio/synth Value.java
2006.02.17 12:04 B d:\eclipseProjects\Lemu2p0\APIs\jm\audio\synth\Volume.java --> ftphome.ci.qut.edu.au /20060216Bkup/APIs/jm/audio/synth Volume.java
2006.02.17 12:04 B d:\eclipseProjects\Lemu2p0\APIs\jm\audio\synth\Wavelet.java --> ftphome.ci.qut.edu.au /20060216Bkup/APIs/jm/audio/synth Wavelet.java
2006.02.17 12:04 B d:\eclipseProjects\Lemu2p0\APIs\jm\audio\synth\Waveshaper.java --> ftphome.ci.qut.edu.au /20060216Bkup/APIs/jm/audio/synth Waveshaper.java
2006.02.17 12:04 B d:\eclipseProjects\Lemu2p0\APIs\jm\audio\synth\WaveTable.java --> ftphome.ci.qut.edu.au /20060216Bkup/APIs/jm/audio/synth WaveTable.java
2006.02.17 12:04 B d:\eclipseProjects\Lemu2p0\APIs\jm\audio\synth\Window.java --> ftphome.ci.qut.edu.au /20060216Bkup/APIs/jm/audio/synth Window.java
2006.02.20 21:23 B D:\eclipseProjects\Lemu2p0\APIs\jm\audio\synth\Add.java --> ftphome.ci.qut.edu.au /20060220bkup/APIs/jm/audio/synth Add.java
2006.02.20 21:23 B D:\eclipseProjects\Lemu2p0\APIs\jm\audio\synth\ADSR.java --> ftphome.ci.qut.edu.au /20060220bkup/APIs/jm/audio/synth ADSR.java
2006.02.20 21:23 B D:\eclipseProjects\Lemu2p0\APIs\jm\audio\synth\AllFGTR.java --> ftphome.ci.qut.edu.au /20060220bkup/APIs/jm/audio/synth AllFGTR.java
2006.02.20 21:23 B D:\eclipseProjects\Lemu2p0\APIs\jm\audio\synth\AllPass.java --> ftphome.ci.qut.edu.au /20060220bkup/APIs/jm/audio/synth AllPass.java
2006.02.20 21:23 B D:\eclipseProjects\Lemu2p0\APIs\jm\audio\synth\Comb.java --> ftphome.ci.qut.edu.au /20060220bkup/APIs/jm/audio/synth Comb.java
2006.02.20 21:23 B D:\eclipseProjects\Lemu2p0\APIs\jm\audio\synth\Compressor.java --> ftphome.ci.qut.edu.au /20060220bkup/APIs/jm/audio/synth Compressor.java
2006.02.20 21:24 B D:\eclipseProjects\Lemu2p0\APIs\jm\audio\synth\Delay.java --> ftphome.ci.qut.edu.au /20060220bkup/APIs/jm/audio/synth Delay.java
2006.02.20 21:24 B D:\eclipseProjects\Lemu2p0\APIs\jm\audio\synth\Envelope.java --> ftphome.ci.qut.edu.au /20060220bkup/APIs/jm/audio/synth Envelope.java
2006.02.20 21:24 B D:\eclipseProjects\Lemu2p0\APIs\jm\audio\synth\EnvPoint.java --> ftphome.ci.qut.edu.au /20060220bkup/APIs/jm/audio/synth EnvPoint.java
2006.02.20 21:24 B D:\eclipseProjects\Lemu2p0\APIs\jm\audio\synth\FFT.java --> ftphome.ci.qut.edu.au /20060220bkup/APIs/jm/audio/synth FFT.java
2006.02.20 21:24 B D:\eclipseProjects\Lemu2p0\APIs\jm\audio\synth\FGTR.java --> ftphome.ci.qut.edu.au /20060220bkup/APIs/jm/audio/synth FGTR.java
2006.02.20 21:24 B D:\eclipseProjects\Lemu2p0\APIs\jm\audio\synth\Filter.java --> ftphome.ci.qut.edu.au /20060220bkup/APIs/jm/audio/synth Filter.java
2006.02.20 21:24 B D:\eclipseProjects\Lemu2p0\APIs\jm\audio\synth\Granulator.java --> ftphome.ci.qut.edu.au /20060220bkup/APIs/jm/audio/synth Granulator.java
2006.02.20 21:24 B D:\eclipseProjects\Lemu2p0\APIs\jm\audio\synth\InverseFFT.java --> ftphome.ci.qut.edu.au /20060220bkup/APIs/jm/audio/synth InverseFFT.java
2006.02.20 21:24 B D:\eclipseProjects\Lemu2p0\APIs\jm\audio\synth\Invert.java --> ftphome.ci.qut.edu.au /20060220bkup/APIs/jm/audio/synth Invert.java
2006.02.20 21:24 B D:\eclipseProjects\Lemu2p0\APIs\jm\audio\synth\MassObject.java --> ftphome.ci.qut.edu.au /20060220bkup/APIs/jm/audio/synth MassObject.java
2006.02.20 21:24 B D:\eclipseProjects\Lemu2p0\APIs\jm\audio\synth\Multiply.java --> ftphome.ci.qut.edu.au /20060220bkup/APIs/jm/audio/synth Multiply.java
2006.02.20 21:24 B D:\eclipseProjects\Lemu2p0\APIs\jm\audio\synth\Noise.java --> ftphome.ci.qut.edu.au /20060220bkup/APIs/jm/audio/synth Noise.java
2006.02.20 21:24 B D:\eclipseProjects\Lemu2p0\APIs\jm\audio\synth\NoteBuffer.java --> ftphome.ci.qut.edu.au /20060220bkup/APIs/jm/audio/synth NoteBuffer.java
2006.02.20 21:24 B D:\eclipseProjects\Lemu2p0\APIs\jm\audio\synth\NoteBufferReversed.java --> ftphome.ci.qut.edu.au /20060220bkup/APIs/jm/audio/synth NoteBufferReversed.java
2006.02.20 21:24 B D:\eclipseProjects\Lemu2p0\APIs\jm\audio\synth\Oscillator.java --> ftphome.ci.qut.edu.au /20060220bkup/APIs/jm/audio/synth Oscillator.java
2006.02.20 21:24 B D:\eclipseProjects\Lemu2p0\APIs\jm\audio\synth\Pluck.java --> ftphome.ci.qut.edu.au /20060220bkup/APIs/jm/audio/synth Pluck.java
2006.02.20 21:24 B D:\eclipseProjects\Lemu2p0\APIs\jm\audio\synth\ReSample.java --> ftphome.ci.qut.edu.au /20060220bkup/APIs/jm/audio/synth ReSample.java
2006.02.20 21:24 B D:\eclipseProjects\Lemu2p0\APIs\jm\audio\synth\Smooth.java --> ftphome.ci.qut.edu.au /20060220bkup/APIs/jm/audio/synth Smooth.java
2006.02.20 21:24 B D:\eclipseProjects\Lemu2p0\APIs\jm\audio\synth\Splitter.java --> ftphome.ci.qut.edu.au /20060220bkup/APIs/jm/audio/synth Splitter.java
2006.02.20 21:24 B D:\eclipseProjects\Lemu2p0\APIs\jm\audio\synth\Spring.java --> ftphome.ci.qut.edu.au /20060220bkup/APIs/jm/audio/synth Spring.java
2006.02.20 21:24 B D:\eclipseProjects\Lemu2p0\APIs\jm\audio\synth\SpringObject.java --> ftphome.ci.qut.edu.au /20060220bkup/APIs/jm/audio/synth SpringObject.java
2006.02.20 21:24 B D:\eclipseProjects\Lemu2p0\APIs\jm\audio\synth\SpringPipe.java --> ftphome.ci.qut.edu.au /20060220bkup/APIs/jm/audio/synth SpringPipe.java
2006.02.20 21:24 B D:\eclipseProjects\Lemu2p0\APIs\jm\audio\synth\StereoPan.java --> ftphome.ci.qut.edu.au /20060220bkup/APIs/jm/audio/synth StereoPan.java
2006.02.20 21:24 B D:\eclipseProjects\Lemu2p0\APIs\jm\audio\synth\TapDelay.java --> ftphome.ci.qut.edu.au /20060220bkup/APIs/jm/audio/synth TapDelay.java
2006.02.20 21:24 B D:\eclipseProjects\Lemu2p0\APIs\jm\audio\synth\Value.java --> ftphome.ci.qut.edu.au /20060220bkup/APIs/jm/audio/synth Value.java
2006.02.20 21:24 B D:\eclipseProjects\Lemu2p0\APIs\jm\audio\synth\Volume.java --> ftphome.ci.qut.edu.au /20060220bkup/APIs/jm/audio/synth Volume.java
2006.02.20 21:24 B D:\eclipseProjects\Lemu2p0\APIs\jm\audio\synth\Wavelet.java --> ftphome.ci.qut.edu.au /20060220bkup/APIs/jm/audio/synth Wavelet.java
2006.02.20 21:24 B D:\eclipseProjects\Lemu2p0\APIs\jm\audio\synth\Waveshaper.java --> ftphome.ci.qut.edu.au /20060220bkup/APIs/jm/audio/synth Waveshaper.java
2006.02.20 21:24 B D:\eclipseProjects\Lemu2p0\APIs\jm\audio\synth\WaveTable.java --> ftphome.ci.qut.edu.au /20060220bkup/APIs/jm/audio/synth WaveTable.java
2006.02.20 21:24 B D:\eclipseProjects\Lemu2p0\APIs\jm\audio\synth\Window.java --> ftphome.ci.qut.edu.au /20060220bkup/APIs/jm/audio/synth Window.java
2006.02.20 21:24 B D:\eclipseProjects\Lemu2p0\APIs\jm\audio\synth\WS_FTP.LOG --> ftphome.ci.qut.edu.au /20060220bkup/APIs/jm/audio/synth WS_FTP.LOG
2006.04.27 12:02 B D:\eclipseProjects\LEMu2p0j14\APIs\jm\audio\synth\Add.java --> ftphome.ci.qut.edu.au /20060427bkupBeforesmoothing/APIs/jm/audio/synth Add.java
2006.04.27 12:02 B D:\eclipseProjects\LEMu2p0j14\APIs\jm\audio\synth\ADSR.java --> ftphome.ci.qut.edu.au /20060427bkupBeforesmoothing/APIs/jm/audio/synth ADSR.java
2006.04.27 12:02 B D:\eclipseProjects\LEMu2p0j14\APIs\jm\audio\synth\AllFGTR.java --> ftphome.ci.qut.edu.au /20060427bkupBeforesmoothing/APIs/jm/audio/synth AllFGTR.java
2006.04.27 12:02 B D:\eclipseProjects\LEMu2p0j14\APIs\jm\audio\synth\AllPass.java --> ftphome.ci.qut.edu.au /20060427bkupBeforesmoothing/APIs/jm/audio/synth AllPass.java
2006.04.27 12:02 B D:\eclipseProjects\LEMu2p0j14\APIs\jm\audio\synth\Comb.java --> ftphome.ci.qut.edu.au /20060427bkupBeforesmoothing/APIs/jm/audio/synth Comb.java
2006.04.27 12:02 B D:\eclipseProjects\LEMu2p0j14\APIs\jm\audio\synth\Compressor.java --> ftphome.ci.qut.edu.au /20060427bkupBeforesmoothing/APIs/jm/audio/synth Compressor.java
2006.04.27 12:02 B D:\eclipseProjects\LEMu2p0j14\APIs\jm\audio\synth\Delay.java --> ftphome.ci.qut.edu.au /20060427bkupBeforesmoothing/APIs/jm/audio/synth Delay.java
2006.04.27 12:02 B D:\eclipseProjects\LEMu2p0j14\APIs\jm\audio\synth\Envelope.java --> ftphome.ci.qut.edu.au /20060427bkupBeforesmoothing/APIs/jm/audio/synth Envelope.java
2006.04.27 12:02 B D:\eclipseProjects\LEMu2p0j14\APIs\jm\audio\synth\EnvPoint.java --> ftphome.ci.qut.edu.au /20060427bkupBeforesmoothing/APIs/jm/audio/synth EnvPoint.java
2006.04.27 12:02 B D:\eclipseProjects\LEMu2p0j14\APIs\jm\audio\synth\FFT.java --> ftphome.ci.qut.edu.au /20060427bkupBeforesmoothing/APIs/jm/audio/synth FFT.java
2006.04.27 12:02 B D:\eclipseProjects\LEMu2p0j14\APIs\jm\audio\synth\FGTR.java --> ftphome.ci.qut.edu.au /20060427bkupBeforesmoothing/APIs/jm/audio/synth FGTR.java
2006.04.27 12:02 B D:\eclipseProjects\LEMu2p0j14\APIs\jm\audio\synth\Filter.java --> ftphome.ci.qut.edu.au /20060427bkupBeforesmoothing/APIs/jm/audio/synth Filter.java
2006.04.27 12:02 B D:\eclipseProjects\LEMu2p0j14\APIs\jm\audio\synth\Granulator.java --> ftphome.ci.qut.edu.au /20060427bkupBeforesmoothing/APIs/jm/audio/synth Granulator.java
2006.04.27 12:02 B D:\eclipseProjects\LEMu2p0j14\APIs\jm\audio\synth\InverseFFT.java --> ftphome.ci.qut.edu.au /20060427bkupBeforesmoothing/APIs/jm/audio/synth InverseFFT.java
2006.04.27 12:02 B D:\eclipseProjects\LEMu2p0j14\APIs\jm\audio\synth\Invert.java --> ftphome.ci.qut.edu.au /20060427bkupBeforesmoothing/APIs/jm/audio/synth Invert.java
2006.04.27 12:02 B D:\eclipseProjects\LEMu2p0j14\APIs\jm\audio\synth\MassObject.java --> ftphome.ci.qut.edu.au /20060427bkupBeforesmoothing/APIs/jm/audio/synth MassObject.java
2006.04.27 12:02 B D:\eclipseProjects\LEMu2p0j14\APIs\jm\audio\synth\Multiply.java --> ftphome.ci.qut.edu.au /20060427bkupBeforesmoothing/APIs/jm/audio/synth Multiply.java
2006.04.27 12:02 B D:\eclipseProjects\LEMu2p0j14\APIs\jm\audio\synth\Noise.java --> ftphome.ci.qut.edu.au /20060427bkupBeforesmoothing/APIs/jm/audio/synth Noise.java
2006.04.27 12:02 B D:\eclipseProjects\LEMu2p0j14\APIs\jm\audio\synth\NoteBuffer.java --> ftphome.ci.qut.edu.au /20060427bkupBeforesmoothing/APIs/jm/audio/synth NoteBuffer.java
2006.04.27 12:02 B D:\eclipseProjects\LEMu2p0j14\APIs\jm\audio\synth\NoteBufferReversed.java --> ftphome.ci.qut.edu.au /20060427bkupBeforesmoothing/APIs/jm/audio/synth NoteBufferReversed.java
2006.04.27 12:02 B D:\eclipseProjects\LEMu2p0j14\APIs\jm\audio\synth\Oscillator.java --> ftphome.ci.qut.edu.au /20060427bkupBeforesmoothing/APIs/jm/audio/synth Oscillator.java
2006.04.27 12:02 B D:\eclipseProjects\LEMu2p0j14\APIs\jm\audio\synth\Pluck.java --> ftphome.ci.qut.edu.au /20060427bkupBeforesmoothing/APIs/jm/audio/synth Pluck.java
2006.04.27 12:02 B D:\eclipseProjects\LEMu2p0j14\APIs\jm\audio\synth\ReSample.java --> ftphome.ci.qut.edu.au /20060427bkupBeforesmoothing/APIs/jm/audio/synth ReSample.java
2006.04.27 12:02 B D:\eclipseProjects\LEMu2p0j14\APIs\jm\audio\synth\Smooth.java --> ftphome.ci.qut.edu.au /20060427bkupBeforesmoothing/APIs/jm/audio/synth Smooth.java
2006.04.27 12:02 B D:\eclipseProjects\LEMu2p0j14\APIs\jm\audio\synth\Splitter.java --> ftphome.ci.qut.edu.au /20060427bkupBeforesmoothing/APIs/jm/audio/synth Splitter.java
2006.04.27 12:02 B D:\eclipseProjects\LEMu2p0j14\APIs\jm\audio\synth\Spring.java --> ftphome.ci.qut.edu.au /20060427bkupBeforesmoothing/APIs/jm/audio/synth Spring.java
2006.04.27 12:02 B D:\eclipseProjects\LEMu2p0j14\APIs\jm\audio\synth\SpringObject.java --> ftphome.ci.qut.edu.au /20060427bkupBeforesmoothing/APIs/jm/audio/synth SpringObject.java
2006.04.27 12:02 B D:\eclipseProjects\LEMu2p0j14\APIs\jm\audio\synth\SpringPipe.java --> ftphome.ci.qut.edu.au /20060427bkupBeforesmoothing/APIs/jm/audio/synth SpringPipe.java
2006.04.27 12:02 B D:\eclipseProjects\LEMu2p0j14\APIs\jm\audio\synth\StereoPan.java --> ftphome.ci.qut.edu.au /20060427bkupBeforesmoothing/APIs/jm/audio/synth StereoPan.java
2006.04.27 12:02 B D:\eclipseProjects\LEMu2p0j14\APIs\jm\audio\synth\TapDelay.java --> ftphome.ci.qut.edu.au /20060427bkupBeforesmoothing/APIs/jm/audio/synth TapDelay.java
2006.04.27 12:02 B D:\eclipseProjects\LEMu2p0j14\APIs\jm\audio\synth\Value.java --> ftphome.ci.qut.edu.au /20060427bkupBeforesmoothing/APIs/jm/audio/synth Value.java
2006.04.27 12:02 B D:\eclipseProjects\LEMu2p0j14\APIs\jm\audio\synth\Volume.java --> ftphome.ci.qut.edu.au /20060427bkupBeforesmoothing/APIs/jm/audio/synth Volume.java
2006.04.27 12:02 B D:\eclipseProjects\LEMu2p0j14\APIs\jm\audio\synth\Wavelet.java --> ftphome.ci.qut.edu.au /20060427bkupBeforesmoothing/APIs/jm/audio/synth Wavelet.java
2006.04.27 12:02 B D:\eclipseProjects\LEMu2p0j14\APIs\jm\audio\synth\Waveshaper.java --> ftphome.ci.qut.edu.au /20060427bkupBeforesmoothing/APIs/jm/audio/synth Waveshaper.java
2006.04.27 12:02 B D:\eclipseProjects\LEMu2p0j14\APIs\jm\audio\synth\WaveTable.java --> ftphome.ci.qut.edu.au /20060427bkupBeforesmoothing/APIs/jm/audio/synth WaveTable.java
2006.04.27 12:02 B D:\eclipseProjects\LEMu2p0j14\APIs\jm\audio\synth\Window.java --> ftphome.ci.qut.edu.au /20060427bkupBeforesmoothing/APIs/jm/audio/synth Window.java
2006.04.27 12:02 B D:\eclipseProjects\LEMu2p0j14\APIs\jm\audio\synth\WS_FTP.LOG --> ftphome.ci.qut.edu.au /20060427bkupBeforesmoothing/APIs/jm/audio/synth WS_FTP.LOG
