2006.02.17 12:04 B d:\eclipseProjects\Lemu2p0\APIs\jm\audio\AOException.java --> ftphome.ci.qut.edu.au /20060216Bkup/APIs/jm/audio AOException.java
2006.02.17 12:04 B d:\eclipseProjects\Lemu2p0\APIs\jm\audio\Audio.java --> ftphome.ci.qut.edu.au /20060216Bkup/APIs/jm/audio Audio.java
2006.02.17 12:04 B d:\eclipseProjects\Lemu2p0\APIs\jm\audio\AudioChainListener.java --> ftphome.ci.qut.edu.au /20060216Bkup/APIs/jm/audio AudioChainListener.java
2006.02.17 12:04 B d:\eclipseProjects\Lemu2p0\APIs\jm\audio\AudioObject.java --> ftphome.ci.qut.edu.au /20060216Bkup/APIs/jm/audio AudioObject.java
2006.02.17 12:04 B d:\eclipseProjects\Lemu2p0\APIs\jm\audio\Instrument.java --> ftphome.ci.qut.edu.au /20060216Bkup/APIs/jm/audio Instrument.java
2006.02.17 12:04 B d:\eclipseProjects\Lemu2p0\APIs\jm\audio\RTMixer.java --> ftphome.ci.qut.edu.au /20060216Bkup/APIs/jm/audio RTMixer.java
2006.02.20 21:24 B D:\eclipseProjects\Lemu2p0\APIs\jm\audio\AOException.java --> ftphome.ci.qut.edu.au /20060220bkup/APIs/jm/audio AOException.java
2006.02.20 21:24 B D:\eclipseProjects\Lemu2p0\APIs\jm\audio\Audio.java --> ftphome.ci.qut.edu.au /20060220bkup/APIs/jm/audio Audio.java
2006.02.20 21:24 B D:\eclipseProjects\Lemu2p0\APIs\jm\audio\AudioChainListener.java --> ftphome.ci.qut.edu.au /20060220bkup/APIs/jm/audio AudioChainListener.java
2006.02.20 21:24 B D:\eclipseProjects\Lemu2p0\APIs\jm\audio\AudioObject.java --> ftphome.ci.qut.edu.au /20060220bkup/APIs/jm/audio AudioObject.java
2006.02.20 21:24 B D:\eclipseProjects\Lemu2p0\APIs\jm\audio\Instrument.java --> ftphome.ci.qut.edu.au /20060220bkup/APIs/jm/audio Instrument.java
2006.02.20 21:24 B D:\eclipseProjects\Lemu2p0\APIs\jm\audio\RTMixer.java --> ftphome.ci.qut.edu.au /20060220bkup/APIs/jm/audio RTMixer.java
2006.02.20 21:24 B D:\eclipseProjects\Lemu2p0\APIs\jm\audio\WS_FTP.LOG --> ftphome.ci.qut.edu.au /20060220bkup/APIs/jm/audio WS_FTP.LOG
2006.04.27 12:02 B D:\eclipseProjects\LEMu2p0j14\APIs\jm\audio\AOException.java --> ftphome.ci.qut.edu.au /20060427bkupBeforesmoothing/APIs/jm/audio AOException.java
2006.04.27 12:02 B D:\eclipseProjects\LEMu2p0j14\APIs\jm\audio\Audio.java --> ftphome.ci.qut.edu.au /20060427bkupBeforesmoothing/APIs/jm/audio Audio.java
2006.04.27 12:02 B D:\eclipseProjects\LEMu2p0j14\APIs\jm\audio\AudioChainListener.java --> ftphome.ci.qut.edu.au /20060427bkupBeforesmoothing/APIs/jm/audio AudioChainListener.java
2006.04.27 12:02 B D:\eclipseProjects\LEMu2p0j14\APIs\jm\audio\AudioObject.java --> ftphome.ci.qut.edu.au /20060427bkupBeforesmoothing/APIs/jm/audio AudioObject.java
2006.04.27 12:02 B D:\eclipseProjects\LEMu2p0j14\APIs\jm\audio\Instrument.java --> ftphome.ci.qut.edu.au /20060427bkupBeforesmoothing/APIs/jm/audio Instrument.java
2006.04.27 12:02 B D:\eclipseProjects\LEMu2p0j14\APIs\jm\audio\RTMixer.java --> ftphome.ci.qut.edu.au /20060427bkupBeforesmoothing/APIs/jm/audio RTMixer.java
2006.04.27 12:02 B D:\eclipseProjects\LEMu2p0j14\APIs\jm\audio\WS_FTP.LOG --> ftphome.ci.qut.edu.au /20060427bkupBeforesmoothing/APIs/jm/audio WS_FTP.LOG
