2006.02.17 12:07 B d:\eclipseProjects\Lemu2p0\APIs\jm\music\data\Alignment.java --> ftphome.ci.qut.edu.au /20060216Bkup/APIs/jm/music/data Alignment.java
2006.02.17 12:07 B d:\eclipseProjects\Lemu2p0\APIs\jm\music\data\Anchoring.java --> ftphome.ci.qut.edu.au /20060216Bkup/APIs/jm/music/data Anchoring.java
2006.02.17 12:07 B d:\eclipseProjects\Lemu2p0\APIs\jm\music\data\CPhrase.java --> ftphome.ci.qut.edu.au /20060216Bkup/APIs/jm/music/data CPhrase.java
2006.02.17 12:07 B d:\eclipseProjects\Lemu2p0\APIs\jm\music\data\Note.java --> ftphome.ci.qut.edu.au /20060216Bkup/APIs/jm/music/data Note.java
2006.02.17 12:07 B d:\eclipseProjects\Lemu2p0\APIs\jm\music\data\Part.java --> ftphome.ci.qut.edu.au /20060216Bkup/APIs/jm/music/data Part.java
2006.02.17 12:07 B d:\eclipseProjects\Lemu2p0\APIs\jm\music\data\Phrase.java --> ftphome.ci.qut.edu.au /20060216Bkup/APIs/jm/music/data Phrase.java
2006.02.17 12:07 B d:\eclipseProjects\Lemu2p0\APIs\jm\music\data\Rest.java --> ftphome.ci.qut.edu.au /20060216Bkup/APIs/jm/music/data Rest.java
2006.02.17 12:07 B d:\eclipseProjects\Lemu2p0\APIs\jm\music\data\Score.java --> ftphome.ci.qut.edu.au /20060216Bkup/APIs/jm/music/data Score.java
2006.02.17 12:07 B d:\eclipseProjects\Lemu2p0\APIs\jm\music\data\Tempo.java --> ftphome.ci.qut.edu.au /20060216Bkup/APIs/jm/music/data Tempo.java
2006.02.20 21:27 B D:\eclipseProjects\Lemu2p0\APIs\jm\music\data\Alignment.java --> ftphome.ci.qut.edu.au /20060220bkup/APIs/jm/music/data Alignment.java
2006.02.20 21:27 B D:\eclipseProjects\Lemu2p0\APIs\jm\music\data\Anchoring.java --> ftphome.ci.qut.edu.au /20060220bkup/APIs/jm/music/data Anchoring.java
2006.02.20 21:27 B D:\eclipseProjects\Lemu2p0\APIs\jm\music\data\CPhrase.java --> ftphome.ci.qut.edu.au /20060220bkup/APIs/jm/music/data CPhrase.java
2006.02.20 21:27 B D:\eclipseProjects\Lemu2p0\APIs\jm\music\data\Note.java --> ftphome.ci.qut.edu.au /20060220bkup/APIs/jm/music/data Note.java
2006.02.20 21:28 B D:\eclipseProjects\Lemu2p0\APIs\jm\music\data\Part.java --> ftphome.ci.qut.edu.au /20060220bkup/APIs/jm/music/data Part.java
2006.02.20 21:28 B D:\eclipseProjects\Lemu2p0\APIs\jm\music\data\Phrase.java --> ftphome.ci.qut.edu.au /20060220bkup/APIs/jm/music/data Phrase.java
2006.02.20 21:28 B D:\eclipseProjects\Lemu2p0\APIs\jm\music\data\Rest.java --> ftphome.ci.qut.edu.au /20060220bkup/APIs/jm/music/data Rest.java
2006.02.20 21:28 B D:\eclipseProjects\Lemu2p0\APIs\jm\music\data\Score.java --> ftphome.ci.qut.edu.au /20060220bkup/APIs/jm/music/data Score.java
2006.02.20 21:28 B D:\eclipseProjects\Lemu2p0\APIs\jm\music\data\Tempo.java --> ftphome.ci.qut.edu.au /20060220bkup/APIs/jm/music/data Tempo.java
2006.02.20 21:28 B D:\eclipseProjects\Lemu2p0\APIs\jm\music\data\WS_FTP.LOG --> ftphome.ci.qut.edu.au /20060220bkup/APIs/jm/music/data WS_FTP.LOG
2006.04.27 12:02 B D:\eclipseProjects\LEMu2p0j14\APIs\jm\music\data\Alignment.java --> ftphome.ci.qut.edu.au /20060427bkupBeforesmoothing/APIs/jm/music/data Alignment.java
2006.04.27 12:02 B D:\eclipseProjects\LEMu2p0j14\APIs\jm\music\data\Anchoring.java --> ftphome.ci.qut.edu.au /20060427bkupBeforesmoothing/APIs/jm/music/data Anchoring.java
2006.04.27 12:02 B D:\eclipseProjects\LEMu2p0j14\APIs\jm\music\data\CPhrase.java --> ftphome.ci.qut.edu.au /20060427bkupBeforesmoothing/APIs/jm/music/data CPhrase.java
2006.04.27 12:02 B D:\eclipseProjects\LEMu2p0j14\APIs\jm\music\data\Note.java --> ftphome.ci.qut.edu.au /20060427bkupBeforesmoothing/APIs/jm/music/data Note.java
2006.04.27 12:02 B D:\eclipseProjects\LEMu2p0j14\APIs\jm\music\data\Part.java --> ftphome.ci.qut.edu.au /20060427bkupBeforesmoothing/APIs/jm/music/data Part.java
2006.04.27 12:02 B D:\eclipseProjects\LEMu2p0j14\APIs\jm\music\data\Phrase.java --> ftphome.ci.qut.edu.au /20060427bkupBeforesmoothing/APIs/jm/music/data Phrase.java
2006.04.27 12:02 B D:\eclipseProjects\LEMu2p0j14\APIs\jm\music\data\Rest.java --> ftphome.ci.qut.edu.au /20060427bkupBeforesmoothing/APIs/jm/music/data Rest.java
2006.04.27 12:02 B D:\eclipseProjects\LEMu2p0j14\APIs\jm\music\data\Score.java --> ftphome.ci.qut.edu.au /20060427bkupBeforesmoothing/APIs/jm/music/data Score.java
2006.04.27 12:02 B D:\eclipseProjects\LEMu2p0j14\APIs\jm\music\data\Tempo.java --> ftphome.ci.qut.edu.au /20060427bkupBeforesmoothing/APIs/jm/music/data Tempo.java
2006.04.27 12:02 B D:\eclipseProjects\LEMu2p0j14\APIs\jm\music\data\WS_FTP.LOG --> ftphome.ci.qut.edu.au /20060427bkupBeforesmoothing/APIs/jm/music/data WS_FTP.LOG
