2006.02.17 11:58 B d:\eclipseProjects\Lemu2p0\src\gui\musicArea\MGCInterface.java --> ftphome.ci.qut.edu.au /20060216Bkup/src/gui/musicArea MGCInterface.java
2006.02.17 11:58 B d:\eclipseProjects\Lemu2p0\src\gui\musicArea\MGComponent.java --> ftphome.ci.qut.edu.au /20060216Bkup/src/gui/musicArea MGComponent.java
2006.02.17 11:59 B d:\eclipseProjects\Lemu2p0\src\gui\musicArea\MorphComponent.java --> ftphome.ci.qut.edu.au /20060216Bkup/src/gui/musicArea MorphComponent.java
2006.02.17 11:59 B d:\eclipseProjects\Lemu2p0\src\gui\musicArea\MorphEndListener.java --> ftphome.ci.qut.edu.au /20060216Bkup/src/gui/musicArea MorphEndListener.java
2006.02.17 11:59 B d:\eclipseProjects\Lemu2p0\src\gui\musicArea\MusicArea.java --> ftphome.ci.qut.edu.au /20060216Bkup/src/gui/musicArea MusicArea.java
2006.02.17 11:59 B d:\eclipseProjects\Lemu2p0\src\gui\musicArea\PatternComponent.java --> ftphome.ci.qut.edu.au /20060216Bkup/src/gui/musicArea PatternComponent.java
2006.02.20 21:31 B D:\eclipseProjects\Lemu2p0\src\gui\musicArea\MGCInterface.java --> ftphome.ci.qut.edu.au /20060220bkup/src/gui/musicArea MGCInterface.java
2006.02.20 21:31 B D:\eclipseProjects\Lemu2p0\src\gui\musicArea\MGComponent.java --> ftphome.ci.qut.edu.au /20060220bkup/src/gui/musicArea MGComponent.java
2006.02.20 21:31 B D:\eclipseProjects\Lemu2p0\src\gui\musicArea\MorphComponent.java --> ftphome.ci.qut.edu.au /20060220bkup/src/gui/musicArea MorphComponent.java
2006.02.20 21:31 B D:\eclipseProjects\Lemu2p0\src\gui\musicArea\MorphEndListener.java --> ftphome.ci.qut.edu.au /20060220bkup/src/gui/musicArea MorphEndListener.java
2006.02.20 21:32 B D:\eclipseProjects\Lemu2p0\src\gui\musicArea\MusicArea.java --> ftphome.ci.qut.edu.au /20060220bkup/src/gui/musicArea MusicArea.java
2006.02.20 21:32 B D:\eclipseProjects\Lemu2p0\src\gui\musicArea\PatternComponent.java --> ftphome.ci.qut.edu.au /20060220bkup/src/gui/musicArea PatternComponent.java
2006.02.20 21:32 B D:\eclipseProjects\Lemu2p0\src\gui\musicArea\WS_FTP.LOG --> ftphome.ci.qut.edu.au /20060220bkup/src/gui/musicArea WS_FTP.LOG
2006.04.27 12:02 B D:\eclipseProjects\LEMu2p0j14\src\gui\musicArea\Glomor.java --> ftphome.ci.qut.edu.au /20060427bkupBeforesmoothing/src/gui/musicArea Glomor.java
2006.04.27 12:02 B D:\eclipseProjects\LEMu2p0j14\src\gui\musicArea\MGCInterface.java --> ftphome.ci.qut.edu.au /20060427bkupBeforesmoothing/src/gui/musicArea MGCInterface.java
2006.04.27 12:02 B D:\eclipseProjects\LEMu2p0j14\src\gui\musicArea\MGComponent.java --> ftphome.ci.qut.edu.au /20060427bkupBeforesmoothing/src/gui/musicArea MGComponent.java
2006.04.27 12:02 B D:\eclipseProjects\LEMu2p0j14\src\gui\musicArea\MorphComponent.java --> ftphome.ci.qut.edu.au /20060427bkupBeforesmoothing/src/gui/musicArea MorphComponent.java
2006.04.27 12:02 B D:\eclipseProjects\LEMu2p0j14\src\gui\musicArea\MorphEndListener.java --> ftphome.ci.qut.edu.au /20060427bkupBeforesmoothing/src/gui/musicArea MorphEndListener.java
2006.04.27 12:02 B D:\eclipseProjects\LEMu2p0j14\src\gui\musicArea\MusicArea.java --> ftphome.ci.qut.edu.au /20060427bkupBeforesmoothing/src/gui/musicArea MusicArea.java
2006.04.27 12:02 B D:\eclipseProjects\LEMu2p0j14\src\gui\musicArea\PatternComponent.java --> ftphome.ci.qut.edu.au /20060427bkupBeforesmoothing/src/gui/musicArea PatternComponent.java
2006.04.27 12:02 B D:\eclipseProjects\LEMu2p0j14\src\gui\musicArea\WS_FTP.LOG --> ftphome.ci.qut.edu.au /20060427bkupBeforesmoothing/src/gui/musicArea WS_FTP.LOG
