2006.02.17 12:04 B d:\eclipseProjects\Lemu2p0\APIs\jm\constants\Alignments.java --> ftphome.ci.qut.edu.au /20060216Bkup/APIs/jm/constants Alignments.java
2006.02.17 12:04 B d:\eclipseProjects\Lemu2p0\APIs\jm\constants\Articulations.java --> ftphome.ci.qut.edu.au /20060216Bkup/APIs/jm/constants Articulations.java
2006.02.17 12:04 B d:\eclipseProjects\Lemu2p0\APIs\jm\constants\DrumMap.java --> ftphome.ci.qut.edu.au /20060216Bkup/APIs/jm/constants DrumMap.java
2006.02.17 12:04 B d:\eclipseProjects\Lemu2p0\APIs\jm\constants\Durations.java --> ftphome.ci.qut.edu.au /20060216Bkup/APIs/jm/constants Durations.java
2006.02.17 12:04 B d:\eclipseProjects\Lemu2p0\APIs\jm\constants\Dynamics.java --> ftphome.ci.qut.edu.au /20060216Bkup/APIs/jm/constants Dynamics.java
2006.02.17 12:04 B d:\eclipseProjects\Lemu2p0\APIs\jm\constants\Frequencies.java --> ftphome.ci.qut.edu.au /20060216Bkup/APIs/jm/constants Frequencies.java
2006.02.17 12:04 B d:\eclipseProjects\Lemu2p0\APIs\jm\constants\Instruments.java --> ftphome.ci.qut.edu.au /20060216Bkup/APIs/jm/constants Instruments.java
2006.02.17 12:04 B d:\eclipseProjects\Lemu2p0\APIs\jm\constants\Noises.java --> ftphome.ci.qut.edu.au /20060216Bkup/APIs/jm/constants Noises.java
2006.02.17 12:04 B d:\eclipseProjects\Lemu2p0\APIs\jm\constants\Panning.java --> ftphome.ci.qut.edu.au /20060216Bkup/APIs/jm/constants Panning.java
2006.02.17 12:04 B d:\eclipseProjects\Lemu2p0\APIs\jm\constants\Pitches.java --> ftphome.ci.qut.edu.au /20060216Bkup/APIs/jm/constants Pitches.java
2006.02.17 12:04 B d:\eclipseProjects\Lemu2p0\APIs\jm\constants\ProgramChanges.java --> ftphome.ci.qut.edu.au /20060216Bkup/APIs/jm/constants ProgramChanges.java
2006.02.17 12:04 B d:\eclipseProjects\Lemu2p0\APIs\jm\constants\RhythmValues.java --> ftphome.ci.qut.edu.au /20060216Bkup/APIs/jm/constants RhythmValues.java
2006.02.17 12:04 B d:\eclipseProjects\Lemu2p0\APIs\jm\constants\Scales.java --> ftphome.ci.qut.edu.au /20060216Bkup/APIs/jm/constants Scales.java
2006.02.17 12:05 B d:\eclipseProjects\Lemu2p0\APIs\jm\constants\Tunings.java --> ftphome.ci.qut.edu.au /20060216Bkup/APIs/jm/constants Tunings.java
2006.02.17 12:05 B d:\eclipseProjects\Lemu2p0\APIs\jm\constants\Volumes.java --> ftphome.ci.qut.edu.au /20060216Bkup/APIs/jm/constants Volumes.java
2006.02.17 12:05 B d:\eclipseProjects\Lemu2p0\APIs\jm\constants\Waveforms.java --> ftphome.ci.qut.edu.au /20060216Bkup/APIs/jm/constants Waveforms.java
2006.02.20 21:24 B D:\eclipseProjects\Lemu2p0\APIs\jm\constants\Alignments.java --> ftphome.ci.qut.edu.au /20060220bkup/APIs/jm/constants Alignments.java
2006.02.20 21:24 B D:\eclipseProjects\Lemu2p0\APIs\jm\constants\Articulations.java --> ftphome.ci.qut.edu.au /20060220bkup/APIs/jm/constants Articulations.java
2006.02.20 21:25 B D:\eclipseProjects\Lemu2p0\APIs\jm\constants\DrumMap.java --> ftphome.ci.qut.edu.au /20060220bkup/APIs/jm/constants DrumMap.java
2006.02.20 21:25 B D:\eclipseProjects\Lemu2p0\APIs\jm\constants\Durations.java --> ftphome.ci.qut.edu.au /20060220bkup/APIs/jm/constants Durations.java
2006.02.20 21:25 B D:\eclipseProjects\Lemu2p0\APIs\jm\constants\Dynamics.java --> ftphome.ci.qut.edu.au /20060220bkup/APIs/jm/constants Dynamics.java
2006.02.20 21:25 B D:\eclipseProjects\Lemu2p0\APIs\jm\constants\Frequencies.java --> ftphome.ci.qut.edu.au /20060220bkup/APIs/jm/constants Frequencies.java
2006.02.20 21:25 B D:\eclipseProjects\Lemu2p0\APIs\jm\constants\Instruments.java --> ftphome.ci.qut.edu.au /20060220bkup/APIs/jm/constants Instruments.java
2006.02.20 21:25 B D:\eclipseProjects\Lemu2p0\APIs\jm\constants\Noises.java --> ftphome.ci.qut.edu.au /20060220bkup/APIs/jm/constants Noises.java
2006.02.20 21:25 B D:\eclipseProjects\Lemu2p0\APIs\jm\constants\Panning.java --> ftphome.ci.qut.edu.au /20060220bkup/APIs/jm/constants Panning.java
2006.02.20 21:25 B D:\eclipseProjects\Lemu2p0\APIs\jm\constants\Pitches.java --> ftphome.ci.qut.edu.au /20060220bkup/APIs/jm/constants Pitches.java
2006.02.20 21:25 B D:\eclipseProjects\Lemu2p0\APIs\jm\constants\ProgramChanges.java --> ftphome.ci.qut.edu.au /20060220bkup/APIs/jm/constants ProgramChanges.java
2006.02.20 21:25 B D:\eclipseProjects\Lemu2p0\APIs\jm\constants\RhythmValues.java --> ftphome.ci.qut.edu.au /20060220bkup/APIs/jm/constants RhythmValues.java
2006.02.20 21:25 B D:\eclipseProjects\Lemu2p0\APIs\jm\constants\Scales.java --> ftphome.ci.qut.edu.au /20060220bkup/APIs/jm/constants Scales.java
2006.02.20 21:25 B D:\eclipseProjects\Lemu2p0\APIs\jm\constants\Tunings.java --> ftphome.ci.qut.edu.au /20060220bkup/APIs/jm/constants Tunings.java
2006.02.20 21:25 B D:\eclipseProjects\Lemu2p0\APIs\jm\constants\Volumes.java --> ftphome.ci.qut.edu.au /20060220bkup/APIs/jm/constants Volumes.java
2006.02.20 21:25 B D:\eclipseProjects\Lemu2p0\APIs\jm\constants\Waveforms.java --> ftphome.ci.qut.edu.au /20060220bkup/APIs/jm/constants Waveforms.java
2006.02.20 21:25 B D:\eclipseProjects\Lemu2p0\APIs\jm\constants\WS_FTP.LOG --> ftphome.ci.qut.edu.au /20060220bkup/APIs/jm/constants WS_FTP.LOG
2006.04.27 12:02 B D:\eclipseProjects\LEMu2p0j14\APIs\jm\constants\Alignments.java --> ftphome.ci.qut.edu.au /20060427bkupBeforesmoothing/APIs/jm/constants Alignments.java
2006.04.27 12:02 B D:\eclipseProjects\LEMu2p0j14\APIs\jm\constants\Articulations.java --> ftphome.ci.qut.edu.au /20060427bkupBeforesmoothing/APIs/jm/constants Articulations.java
2006.04.27 12:02 B D:\eclipseProjects\LEMu2p0j14\APIs\jm\constants\DrumMap.java --> ftphome.ci.qut.edu.au /20060427bkupBeforesmoothing/APIs/jm/constants DrumMap.java
2006.04.27 12:02 B D:\eclipseProjects\LEMu2p0j14\APIs\jm\constants\Durations.java --> ftphome.ci.qut.edu.au /20060427bkupBeforesmoothing/APIs/jm/constants Durations.java
2006.04.27 12:02 B D:\eclipseProjects\LEMu2p0j14\APIs\jm\constants\Dynamics.java --> ftphome.ci.qut.edu.au /20060427bkupBeforesmoothing/APIs/jm/constants Dynamics.java
2006.04.27 12:02 B D:\eclipseProjects\LEMu2p0j14\APIs\jm\constants\Frequencies.java --> ftphome.ci.qut.edu.au /20060427bkupBeforesmoothing/APIs/jm/constants Frequencies.java
2006.04.27 12:02 B D:\eclipseProjects\LEMu2p0j14\APIs\jm\constants\Instruments.java --> ftphome.ci.qut.edu.au /20060427bkupBeforesmoothing/APIs/jm/constants Instruments.java
2006.04.27 12:02 B D:\eclipseProjects\LEMu2p0j14\APIs\jm\constants\Noises.java --> ftphome.ci.qut.edu.au /20060427bkupBeforesmoothing/APIs/jm/constants Noises.java
2006.04.27 12:02 B D:\eclipseProjects\LEMu2p0j14\APIs\jm\constants\Panning.java --> ftphome.ci.qut.edu.au /20060427bkupBeforesmoothing/APIs/jm/constants Panning.java
2006.04.27 12:02 B D:\eclipseProjects\LEMu2p0j14\APIs\jm\constants\Pitches.java --> ftphome.ci.qut.edu.au /20060427bkupBeforesmoothing/APIs/jm/constants Pitches.java
2006.04.27 12:02 B D:\eclipseProjects\LEMu2p0j14\APIs\jm\constants\ProgramChanges.java --> ftphome.ci.qut.edu.au /20060427bkupBeforesmoothing/APIs/jm/constants ProgramChanges.java
2006.04.27 12:02 B D:\eclipseProjects\LEMu2p0j14\APIs\jm\constants\RhythmValues.java --> ftphome.ci.qut.edu.au /20060427bkupBeforesmoothing/APIs/jm/constants RhythmValues.java
2006.04.27 12:02 B D:\eclipseProjects\LEMu2p0j14\APIs\jm\constants\Scales.java --> ftphome.ci.qut.edu.au /20060427bkupBeforesmoothing/APIs/jm/constants Scales.java
2006.04.27 12:02 B D:\eclipseProjects\LEMu2p0j14\APIs\jm\constants\Tunings.java --> ftphome.ci.qut.edu.au /20060427bkupBeforesmoothing/APIs/jm/constants Tunings.java
2006.04.27 12:02 B D:\eclipseProjects\LEMu2p0j14\APIs\jm\constants\Volumes.java --> ftphome.ci.qut.edu.au /20060427bkupBeforesmoothing/APIs/jm/constants Volumes.java
2006.04.27 12:02 B D:\eclipseProjects\LEMu2p0j14\APIs\jm\constants\Waveforms.java --> ftphome.ci.qut.edu.au /20060427bkupBeforesmoothing/APIs/jm/constants Waveforms.java
2006.04.27 12:02 B D:\eclipseProjects\LEMu2p0j14\APIs\jm\constants\WS_FTP.LOG --> ftphome.ci.qut.edu.au /20060427bkupBeforesmoothing/APIs/jm/constants WS_FTP.LOG
