2006.02.17 11:59 B d:\eclipseProjects\Lemu2p0\src\lplay\AutoEvent.java --> ftphome.ci.qut.edu.au /20060216Bkup/src/lplay AutoEvent.java
2006.02.17 11:59 B d:\eclipseProjects\Lemu2p0\src\lplay\AutoPlayer.java --> ftphome.ci.qut.edu.au /20060216Bkup/src/lplay AutoPlayer.java
2006.02.17 11:59 B d:\eclipseProjects\Lemu2p0\src\lplay\LPlayer.java --> ftphome.ci.qut.edu.au /20060216Bkup/src/lplay LPlayer.java
2006.02.17 11:59 B d:\eclipseProjects\Lemu2p0\src\lplay\MGCue.java --> ftphome.ci.qut.edu.au /20060216Bkup/src/lplay MGCue.java
2006.02.17 11:59 B d:\eclipseProjects\Lemu2p0\src\lplay\ScoreVector.java --> ftphome.ci.qut.edu.au /20060216Bkup/src/lplay ScoreVector.java
2006.02.17 11:59 B d:\eclipseProjects\Lemu2p0\src\lplay\ToggleAutoEvent.java --> ftphome.ci.qut.edu.au /20060216Bkup/src/lplay ToggleAutoEvent.java
2006.02.20 21:32 B D:\eclipseProjects\Lemu2p0\src\lplay\AutoEvent.java --> ftphome.ci.qut.edu.au /20060220bkup/src/lplay AutoEvent.java
2006.02.20 21:32 B D:\eclipseProjects\Lemu2p0\src\lplay\AutoPlayer.java --> ftphome.ci.qut.edu.au /20060220bkup/src/lplay AutoPlayer.java
2006.02.20 21:32 B D:\eclipseProjects\Lemu2p0\src\lplay\LPlayer.java --> ftphome.ci.qut.edu.au /20060220bkup/src/lplay LPlayer.java
2006.02.20 21:32 B D:\eclipseProjects\Lemu2p0\src\lplay\MGCue.java --> ftphome.ci.qut.edu.au /20060220bkup/src/lplay MGCue.java
2006.02.20 21:32 B D:\eclipseProjects\Lemu2p0\src\lplay\ScoreVector.java --> ftphome.ci.qut.edu.au /20060220bkup/src/lplay ScoreVector.java
2006.02.20 21:32 B D:\eclipseProjects\Lemu2p0\src\lplay\ToggleAutoEvent.java --> ftphome.ci.qut.edu.au /20060220bkup/src/lplay ToggleAutoEvent.java
2006.02.20 21:32 B D:\eclipseProjects\Lemu2p0\src\lplay\WS_FTP.LOG --> ftphome.ci.qut.edu.au /20060220bkup/src/lplay WS_FTP.LOG
2006.04.27 12:02 B D:\eclipseProjects\LEMu2p0j14\src\lplay\AutoEvent.java --> ftphome.ci.qut.edu.au /20060427bkupBeforesmoothing/src/lplay AutoEvent.java
2006.04.27 12:02 B D:\eclipseProjects\LEMu2p0j14\src\lplay\AutoPlayer.java --> ftphome.ci.qut.edu.au /20060427bkupBeforesmoothing/src/lplay AutoPlayer.java
2006.04.27 12:02 B D:\eclipseProjects\LEMu2p0j14\src\lplay\LPlayer.java --> ftphome.ci.qut.edu.au /20060427bkupBeforesmoothing/src/lplay LPlayer.java
2006.04.27 12:02 B D:\eclipseProjects\LEMu2p0j14\src\lplay\MGCue.java --> ftphome.ci.qut.edu.au /20060427bkupBeforesmoothing/src/lplay MGCue.java
2006.04.27 12:02 B D:\eclipseProjects\LEMu2p0j14\src\lplay\ScoreVector.java --> ftphome.ci.qut.edu.au /20060427bkupBeforesmoothing/src/lplay ScoreVector.java
2006.04.27 12:02 B D:\eclipseProjects\LEMu2p0j14\src\lplay\ToggleAutoEvent.java --> ftphome.ci.qut.edu.au /20060427bkupBeforesmoothing/src/lplay ToggleAutoEvent.java
2006.04.27 12:02 B D:\eclipseProjects\LEMu2p0j14\src\lplay\WS_FTP.LOG --> ftphome.ci.qut.edu.au /20060427bkupBeforesmoothing/src/lplay WS_FTP.LOG
2006.06.22 18:55 B d:\eclipseProjects\LEMu2p0j14\src\lplay\AutoEvent.java --> ftphome.ci.qut.edu.au /20060622Bkup/src/ai/lplay/lplay AutoEvent.java
2006.06.22 18:55 B d:\eclipseProjects\LEMu2p0j14\src\lplay\AutoPlayer.java --> ftphome.ci.qut.edu.au /20060622Bkup/src/ai/lplay/lplay AutoPlayer.java
2006.06.22 18:55 B d:\eclipseProjects\LEMu2p0j14\src\lplay\CueManager.java --> ftphome.ci.qut.edu.au /20060622Bkup/src/ai/lplay/lplay CueManager.java
2006.06.22 18:55 B d:\eclipseProjects\LEMu2p0j14\src\lplay\LPlayer.java --> ftphome.ci.qut.edu.au /20060622Bkup/src/ai/lplay/lplay LPlayer.java
2006.06.22 18:55 B d:\eclipseProjects\LEMu2p0j14\src\lplay\MGCue.java --> ftphome.ci.qut.edu.au /20060622Bkup/src/ai/lplay/lplay MGCue.java
2006.06.22 18:55 B d:\eclipseProjects\LEMu2p0j14\src\lplay\ScoreVector.java --> ftphome.ci.qut.edu.au /20060622Bkup/src/ai/lplay/lplay ScoreVector.java
2006.06.22 18:55 B d:\eclipseProjects\LEMu2p0j14\src\lplay\ToggleAutoEvent.java --> ftphome.ci.qut.edu.au /20060622Bkup/src/ai/lplay/lplay ToggleAutoEvent.java
2006.06.22 18:55 B d:\eclipseProjects\LEMu2p0j14\src\lplay\WS_FTP.LOG --> ftphome.ci.qut.edu.au /20060622Bkup/src/ai/lplay/lplay WS_FTP.LOG
