2006.02.17 12:11 B d:\eclipseProjects\Lemu2p0\APIs\ren\gui\components\ColoredIcon.java --> ftphome.ci.qut.edu.au /20060216Bkup/APIs/ren/gui/components ColoredIcon.java
2006.02.17 12:11 B d:\eclipseProjects\Lemu2p0\APIs\ren\gui\components\CustomSliderUI.java --> ftphome.ci.qut.edu.au /20060216Bkup/APIs/ren/gui/components CustomSliderUI.java
2006.02.17 12:11 B d:\eclipseProjects\Lemu2p0\APIs\ren\gui\components\LJSlider.java --> ftphome.ci.qut.edu.au /20060216Bkup/APIs/ren/gui/components LJSlider.java
2006.02.17 12:11 B d:\eclipseProjects\Lemu2p0\APIs\ren\gui\components\LSliderUI.java --> ftphome.ci.qut.edu.au /20060216Bkup/APIs/ren/gui/components LSliderUI.java
2006.02.17 12:11 B d:\eclipseProjects\Lemu2p0\APIs\ren\gui\components\NumberTextField.java --> ftphome.ci.qut.edu.au /20060216Bkup/APIs/ren/gui/components NumberTextField.java
2006.02.17 12:11 B d:\eclipseProjects\Lemu2p0\APIs\ren\gui\components\PlayButton.java --> ftphome.ci.qut.edu.au /20060216Bkup/APIs/ren/gui/components PlayButton.java
2006.02.17 12:11 B d:\eclipseProjects\Lemu2p0\APIs\ren\gui\components\PopupPanel.java --> ftphome.ci.qut.edu.au /20060216Bkup/APIs/ren/gui/components PopupPanel.java
2006.02.17 12:11 B d:\eclipseProjects\Lemu2p0\APIs\ren\gui\components\RJCheckBox.java --> ftphome.ci.qut.edu.au /20060216Bkup/APIs/ren/gui/components RJCheckBox.java
2006.02.17 12:11 B d:\eclipseProjects\Lemu2p0\APIs\ren\gui\components\RJFrame.java --> ftphome.ci.qut.edu.au /20060216Bkup/APIs/ren/gui/components RJFrame.java
2006.02.17 12:11 B d:\eclipseProjects\Lemu2p0\APIs\ren\gui\components\ValueGenerator.java --> ftphome.ci.qut.edu.au /20060216Bkup/APIs/ren/gui/components ValueGenerator.java
2006.02.17 12:11 B d:\eclipseProjects\Lemu2p0\APIs\ren\gui\components\ValueListener.java --> ftphome.ci.qut.edu.au /20060216Bkup/APIs/ren/gui/components ValueListener.java
2006.02.17 12:11 B d:\eclipseProjects\Lemu2p0\APIs\ren\gui\components\VGJComboBox.java --> ftphome.ci.qut.edu.au /20060216Bkup/APIs/ren/gui/components VGJComboBox.java
2006.04.27 12:02 B D:\eclipseProjects\LEMu2p0j14\APIs\ren\gui\components\ColoredIcon.java --> ftphome.ci.qut.edu.au /20060427bkupBeforesmoothing/APIs/ren/gui/components ColoredIcon.java
2006.04.27 12:02 B D:\eclipseProjects\LEMu2p0j14\APIs\ren\gui\components\CustomSliderUI.java --> ftphome.ci.qut.edu.au /20060427bkupBeforesmoothing/APIs/ren/gui/components CustomSliderUI.java
2006.04.27 12:02 B D:\eclipseProjects\LEMu2p0j14\APIs\ren\gui\components\LJSlider.java --> ftphome.ci.qut.edu.au /20060427bkupBeforesmoothing/APIs/ren/gui/components LJSlider.java
2006.04.27 12:02 B D:\eclipseProjects\LEMu2p0j14\APIs\ren\gui\components\LSliderUI.java --> ftphome.ci.qut.edu.au /20060427bkupBeforesmoothing/APIs/ren/gui/components LSliderUI.java
2006.04.27 12:02 B D:\eclipseProjects\LEMu2p0j14\APIs\ren\gui\components\NumberTextField.java --> ftphome.ci.qut.edu.au /20060427bkupBeforesmoothing/APIs/ren/gui/components NumberTextField.java
2006.04.27 12:02 B D:\eclipseProjects\LEMu2p0j14\APIs\ren\gui\components\NumTexFieldDouble.java --> ftphome.ci.qut.edu.au /20060427bkupBeforesmoothing/APIs/ren/gui/components NumTexFieldDouble.java
2006.04.27 12:02 B D:\eclipseProjects\LEMu2p0j14\APIs\ren\gui\components\PlayButton.java --> ftphome.ci.qut.edu.au /20060427bkupBeforesmoothing/APIs/ren/gui/components PlayButton.java
2006.04.27 12:02 B D:\eclipseProjects\LEMu2p0j14\APIs\ren\gui\components\PopupPanel.java --> ftphome.ci.qut.edu.au /20060427bkupBeforesmoothing/APIs/ren/gui/components PopupPanel.java
2006.04.27 12:02 B D:\eclipseProjects\LEMu2p0j14\APIs\ren\gui\components\RJCheckBox.java --> ftphome.ci.qut.edu.au /20060427bkupBeforesmoothing/APIs/ren/gui/components RJCheckBox.java
2006.04.27 12:02 B D:\eclipseProjects\LEMu2p0j14\APIs\ren\gui\components\RJFrame.java --> ftphome.ci.qut.edu.au /20060427bkupBeforesmoothing/APIs/ren/gui/components RJFrame.java
2006.04.27 12:02 B D:\eclipseProjects\LEMu2p0j14\APIs\ren\gui\components\ValueGenerator.java --> ftphome.ci.qut.edu.au /20060427bkupBeforesmoothing/APIs/ren/gui/components ValueGenerator.java
2006.04.27 12:02 B D:\eclipseProjects\LEMu2p0j14\APIs\ren\gui\components\ValueListener.java --> ftphome.ci.qut.edu.au /20060427bkupBeforesmoothing/APIs/ren/gui/components ValueListener.java
2006.04.27 12:02 B D:\eclipseProjects\LEMu2p0j14\APIs\ren\gui\components\VGJComboBox.java --> ftphome.ci.qut.edu.au /20060427bkupBeforesmoothing/APIs/ren/gui/components VGJComboBox.java
2006.04.27 12:02 B D:\eclipseProjects\LEMu2p0j14\APIs\ren\gui\components\WS_FTP.LOG --> ftphome.ci.qut.edu.au /20060427bkupBeforesmoothing/APIs/ren/gui/components WS_FTP.LOG
