2006.02.17 12:00 B d:\eclipseProjects\Lemu2p0\src\music\morph\CrossFadeVelocity.java --> ftphome.ci.qut.edu.au /20060216Bkup/src/music/morph CrossFadeVelocity.java
2006.02.17 12:00 B d:\eclipseProjects\Lemu2p0\src\music\morph\InterpolateParams.java --> ftphome.ci.qut.edu.au /20060216Bkup/src/music/morph InterpolateParams.java
2006.02.17 12:00 B d:\eclipseProjects\Lemu2p0\src\music\morph\MarkovMorph1.java --> ftphome.ci.qut.edu.au /20060216Bkup/src/music/morph MarkovMorph1.java
2006.02.17 12:00 B d:\eclipseProjects\Lemu2p0\src\music\morph\MarkovMorph3.java --> ftphome.ci.qut.edu.au /20060216Bkup/src/music/morph MarkovMorph3.java
2006.02.17 12:00 B d:\eclipseProjects\Lemu2p0\src\music\morph\Morpher.java --> ftphome.ci.qut.edu.au /20060216Bkup/src/music/morph Morpher.java
2006.02.17 12:00 B d:\eclipseProjects\Lemu2p0\src\music\morph\MorphFactory.java --> ftphome.ci.qut.edu.au /20060216Bkup/src/music/morph MorphFactory.java
2006.02.17 12:00 B d:\eclipseProjects\Lemu2p0\src\music\morph\ParamMorpher.java --> ftphome.ci.qut.edu.au /20060216Bkup/src/music/morph ParamMorpher.java
2006.02.17 12:00 B d:\eclipseProjects\Lemu2p0\src\music\morph\WeightedSelection1.java --> ftphome.ci.qut.edu.au /20060216Bkup/src/music/morph WeightedSelection1.java
2006.02.20 21:33 B D:\eclipseProjects\Lemu2p0\src\music\morph\CrossFadeVelocity.java --> ftphome.ci.qut.edu.au /20060220bkup/src/music/morph CrossFadeVelocity.java
2006.02.20 21:33 B D:\eclipseProjects\Lemu2p0\src\music\morph\InterpolateParams.java --> ftphome.ci.qut.edu.au /20060220bkup/src/music/morph InterpolateParams.java
2006.02.20 21:33 B D:\eclipseProjects\Lemu2p0\src\music\morph\MarkovMorph1.java --> ftphome.ci.qut.edu.au /20060220bkup/src/music/morph MarkovMorph1.java
2006.02.20 21:33 B D:\eclipseProjects\Lemu2p0\src\music\morph\MarkovMorph3.java --> ftphome.ci.qut.edu.au /20060220bkup/src/music/morph MarkovMorph3.java
2006.02.20 21:33 B D:\eclipseProjects\Lemu2p0\src\music\morph\Morpher.java --> ftphome.ci.qut.edu.au /20060220bkup/src/music/morph Morpher.java
2006.02.20 21:33 B D:\eclipseProjects\Lemu2p0\src\music\morph\MorphFactory.java --> ftphome.ci.qut.edu.au /20060220bkup/src/music/morph MorphFactory.java
2006.02.20 21:33 B D:\eclipseProjects\Lemu2p0\src\music\morph\ParamMorpher.java --> ftphome.ci.qut.edu.au /20060220bkup/src/music/morph ParamMorpher.java
2006.02.20 21:33 B D:\eclipseProjects\Lemu2p0\src\music\morph\WeightedSelection1.java --> ftphome.ci.qut.edu.au /20060220bkup/src/music/morph WeightedSelection1.java
2006.02.20 21:33 B D:\eclipseProjects\Lemu2p0\src\music\morph\WS_FTP.LOG --> ftphome.ci.qut.edu.au /20060220bkup/src/music/morph WS_FTP.LOG
2006.04.27 12:02 B D:\eclipseProjects\LEMu2p0j14\src\music\morph\CrossFadeVelocity.java --> ftphome.ci.qut.edu.au /20060427bkupBeforesmoothing/src/music/morph CrossFadeVelocity.java
2006.04.27 12:02 B D:\eclipseProjects\LEMu2p0j14\src\music\morph\InterpolateParams.java --> ftphome.ci.qut.edu.au /20060427bkupBeforesmoothing/src/music/morph InterpolateParams.java
2006.04.27 12:02 B D:\eclipseProjects\LEMu2p0j14\src\music\morph\MarkovMorph1.java --> ftphome.ci.qut.edu.au /20060427bkupBeforesmoothing/src/music/morph MarkovMorph1.java
2006.04.27 12:02 B D:\eclipseProjects\LEMu2p0j14\src\music\morph\MarkovMorph3.java --> ftphome.ci.qut.edu.au /20060427bkupBeforesmoothing/src/music/morph MarkovMorph3.java
2006.04.27 12:02 B D:\eclipseProjects\LEMu2p0j14\src\music\morph\Morpher.java --> ftphome.ci.qut.edu.au /20060427bkupBeforesmoothing/src/music/morph Morpher.java
2006.04.27 12:02 B D:\eclipseProjects\LEMu2p0j14\src\music\morph\MorphFactory.java --> ftphome.ci.qut.edu.au /20060427bkupBeforesmoothing/src/music/morph MorphFactory.java
2006.04.27 12:02 B D:\eclipseProjects\LEMu2p0j14\src\music\morph\ParamMorpher.java --> ftphome.ci.qut.edu.au /20060427bkupBeforesmoothing/src/music/morph ParamMorpher.java
2006.04.27 12:02 B D:\eclipseProjects\LEMu2p0j14\src\music\morph\WeightedSelection1.java --> ftphome.ci.qut.edu.au /20060427bkupBeforesmoothing/src/music/morph WeightedSelection1.java
2006.04.27 12:02 B D:\eclipseProjects\LEMu2p0j14\src\music\morph\WS_FTP.LOG --> ftphome.ci.qut.edu.au /20060427bkupBeforesmoothing/src/music/morph WS_FTP.LOG
2006.06.22 18:56 B d:\eclipseProjects\LEMu2p0j14\src\music\morph\CrossFadeVelocity.java --> ftphome.ci.qut.edu.au /20060622Bkup/src/ai/lplay/music/morph CrossFadeVelocity.java
2006.06.22 18:56 B d:\eclipseProjects\LEMu2p0j14\src\music\morph\InterpolateParams.java --> ftphome.ci.qut.edu.au /20060622Bkup/src/ai/lplay/music/morph InterpolateParams.java
2006.06.22 18:57 B d:\eclipseProjects\LEMu2p0j14\src\music\morph\MarkovMorph1.java --> ftphome.ci.qut.edu.au /20060622Bkup/src/ai/lplay/music/morph MarkovMorph1.java
2006.06.22 18:57 B d:\eclipseProjects\LEMu2p0j14\src\music\morph\MarkovMorph3.java --> ftphome.ci.qut.edu.au /20060622Bkup/src/ai/lplay/music/morph MarkovMorph3.java
2006.06.22 18:57 B d:\eclipseProjects\LEMu2p0j14\src\music\morph\Morpher.java --> ftphome.ci.qut.edu.au /20060622Bkup/src/ai/lplay/music/morph Morpher.java
2006.06.22 18:57 B d:\eclipseProjects\LEMu2p0j14\src\music\morph\MorphFactory.java --> ftphome.ci.qut.edu.au /20060622Bkup/src/ai/lplay/music/morph MorphFactory.java
2006.06.22 18:57 B d:\eclipseProjects\LEMu2p0j14\src\music\morph\ParamMorpher.java --> ftphome.ci.qut.edu.au /20060622Bkup/src/ai/lplay/music/morph ParamMorpher.java
2006.06.22 18:57 B d:\eclipseProjects\LEMu2p0j14\src\music\morph\WeightedSelection1.java --> ftphome.ci.qut.edu.au /20060622Bkup/src/ai/lplay/music/morph WeightedSelection1.java
2006.06.22 18:57 B d:\eclipseProjects\LEMu2p0j14\src\music\morph\WS_FTP.LOG --> ftphome.ci.qut.edu.au /20060622Bkup/src/ai/lplay/music/morph WS_FTP.LOG
