2006.04.27 12:02 B D:\eclipseProjects\LEMu2p0j14\src\BoolTest.java --> ftphome.ci.qut.edu.au /20060427bkupBeforesmoothing/src BoolTest.java
2006.04.27 12:02 B D:\eclipseProjects\LEMu2p0j14\src\CompareTets.java --> ftphome.ci.qut.edu.au /20060427bkupBeforesmoothing/src CompareTets.java
2006.04.27 12:02 B D:\eclipseProjects\LEMu2p0j14\src\DPTest.java --> ftphome.ci.qut.edu.au /20060427bkupBeforesmoothing/src DPTest.java
2006.04.27 12:02 B D:\eclipseProjects\LEMu2p0j14\src\GraphTest.java --> ftphome.ci.qut.edu.au /20060427bkupBeforesmoothing/src GraphTest.java
2006.04.27 12:02 B D:\eclipseProjects\LEMu2p0j14\src\GUITester.java --> ftphome.ci.qut.edu.au /20060427bkupBeforesmoothing/src GUITester.java
2006.04.27 12:02 B D:\eclipseProjects\LEMu2p0j14\src\Lemu2.java --> ftphome.ci.qut.edu.au /20060427bkupBeforesmoothing/src Lemu2.java
2006.04.27 12:02 B D:\eclipseProjects\LEMu2p0j14\src\MainFrame.java --> ftphome.ci.qut.edu.au /20060427bkupBeforesmoothing/src MainFrame.java
2006.04.27 12:02 B D:\eclipseProjects\LEMu2p0j14\src\MathTest.java --> ftphome.ci.qut.edu.au /20060427bkupBeforesmoothing/src MathTest.java
2006.04.27 12:02 B D:\eclipseProjects\LEMu2p0j14\src\MidiReadTest.java --> ftphome.ci.qut.edu.au /20060427bkupBeforesmoothing/src MidiReadTest.java
2006.04.27 12:02 B D:\eclipseProjects\LEMu2p0j14\src\MidishareTest.java --> ftphome.ci.qut.edu.au /20060427bkupBeforesmoothing/src MidishareTest.java
2006.04.27 12:02 B D:\eclipseProjects\LEMu2p0j14\src\ModTest.java --> ftphome.ci.qut.edu.au /20060427bkupBeforesmoothing/src ModTest.java
2006.04.27 12:02 B D:\eclipseProjects\LEMu2p0j14\src\MSTest.java --> ftphome.ci.qut.edu.au /20060427bkupBeforesmoothing/src MSTest.java
2006.04.27 12:02 B D:\eclipseProjects\LEMu2p0j14\src\PriorityTest.java --> ftphome.ci.qut.edu.au /20060427bkupBeforesmoothing/src PriorityTest.java
2006.04.27 12:02 B D:\eclipseProjects\LEMu2p0j14\src\ScaleTest.java --> ftphome.ci.qut.edu.au /20060427bkupBeforesmoothing/src ScaleTest.java
2006.04.27 12:02 B D:\eclipseProjects\LEMu2p0j14\src\ShowTest.java --> ftphome.ci.qut.edu.au /20060427bkupBeforesmoothing/src ShowTest.java
2006.04.27 12:02 B D:\eclipseProjects\LEMu2p0j14\src\Test.java --> ftphome.ci.qut.edu.au /20060427bkupBeforesmoothing/src Test.java
2006.04.27 12:02 B D:\eclipseProjects\LEMu2p0j14\src\TestSub.java --> ftphome.ci.qut.edu.au /20060427bkupBeforesmoothing/src TestSub.java
2006.04.27 12:02 B D:\eclipseProjects\LEMu2p0j14\src\TestSup.java --> ftphome.ci.qut.edu.au /20060427bkupBeforesmoothing/src TestSup.java
2006.04.27 12:02 B D:\eclipseProjects\LEMu2p0j14\src\TreeMapTest.java --> ftphome.ci.qut.edu.au /20060427bkupBeforesmoothing/src TreeMapTest.java
2006.04.27 12:02 B D:\eclipseProjects\LEMu2p0j14\src\TuioDemo.java --> ftphome.ci.qut.edu.au /20060427bkupBeforesmoothing/src TuioDemo.java
2006.04.27 12:02 B D:\eclipseProjects\LEMu2p0j14\src\TuioTest.java --> ftphome.ci.qut.edu.au /20060427bkupBeforesmoothing/src TuioTest.java
2006.06.07 16:36 B D:\eclipseProjects\LEMu2p0j14\src\BoolTest.java --> ftphome.ci.qut.edu.au /20060607Bkup BoolTest.java
2006.06.22 18:53 B d:\eclipseProjects\LEMu2p0j14\src\An.java --> ftphome.ci.qut.edu.au /20060622Bkup/src/ai An.java
2006.06.22 18:54 B d:\eclipseProjects\LEMu2p0j14\src\AutoEvent.java --> ftphome.ci.qut.edu.au /20060622Bkup/src/ai/lplay AutoEvent.java
