2006.02.17 12:08 B d:\eclipseProjects\Lemu2p0\APIs\jm\music\tools\AdaptiveMatrix.java --> ftphome.ci.qut.edu.au /20060216Bkup/APIs/jm/music/tools AdaptiveMatrix.java
2006.02.17 12:08 B d:\eclipseProjects\Lemu2p0\APIs\jm\music\tools\ChordAnalysis.java --> ftphome.ci.qut.edu.au /20060216Bkup/APIs/jm/music/tools ChordAnalysis.java
2006.02.17 12:09 B d:\eclipseProjects\Lemu2p0\APIs\jm\music\tools\Mod.java --> ftphome.ci.qut.edu.au /20060216Bkup/APIs/jm/music/tools Mod.java
2006.02.17 12:09 B d:\eclipseProjects\Lemu2p0\APIs\jm\music\tools\NoteListException.java --> ftphome.ci.qut.edu.au /20060216Bkup/APIs/jm/music/tools NoteListException.java
2006.02.17 12:09 B d:\eclipseProjects\Lemu2p0\APIs\jm\music\tools\PhraseAnalysis.java --> ftphome.ci.qut.edu.au /20060216Bkup/APIs/jm/music/tools PhraseAnalysis.java
2006.02.17 12:09 B d:\eclipseProjects\Lemu2p0\APIs\jm\music\tools\PhraseMatrix.java --> ftphome.ci.qut.edu.au /20060216Bkup/APIs/jm/music/tools PhraseMatrix.java
2006.02.17 12:09 B d:\eclipseProjects\Lemu2p0\APIs\jm\music\tools\Prob.java --> ftphome.ci.qut.edu.au /20060216Bkup/APIs/jm/music/tools Prob.java
2006.02.17 12:09 B d:\eclipseProjects\Lemu2p0\APIs\jm\music\tools\QuantisationException.java --> ftphome.ci.qut.edu.au /20060216Bkup/APIs/jm/music/tools QuantisationException.java
2006.02.20 21:29 B D:\eclipseProjects\Lemu2p0\APIs\jm\music\tools\AdaptiveMatrix.java --> ftphome.ci.qut.edu.au /20060220bkup/APIs/jm/music/tools AdaptiveMatrix.java
2006.02.20 21:29 B D:\eclipseProjects\Lemu2p0\APIs\jm\music\tools\ChordAnalysis.java --> ftphome.ci.qut.edu.au /20060220bkup/APIs/jm/music/tools ChordAnalysis.java
2006.02.20 21:29 B D:\eclipseProjects\Lemu2p0\APIs\jm\music\tools\Mod.java --> ftphome.ci.qut.edu.au /20060220bkup/APIs/jm/music/tools Mod.java
2006.02.20 21:29 B D:\eclipseProjects\Lemu2p0\APIs\jm\music\tools\NoteListException.java --> ftphome.ci.qut.edu.au /20060220bkup/APIs/jm/music/tools NoteListException.java
2006.02.20 21:30 B D:\eclipseProjects\Lemu2p0\APIs\jm\music\tools\PhraseAnalysis.java --> ftphome.ci.qut.edu.au /20060220bkup/APIs/jm/music/tools PhraseAnalysis.java
2006.02.20 21:30 B D:\eclipseProjects\Lemu2p0\APIs\jm\music\tools\PhraseMatrix.java --> ftphome.ci.qut.edu.au /20060220bkup/APIs/jm/music/tools PhraseMatrix.java
2006.02.20 21:30 B D:\eclipseProjects\Lemu2p0\APIs\jm\music\tools\Prob.java --> ftphome.ci.qut.edu.au /20060220bkup/APIs/jm/music/tools Prob.java
2006.02.20 21:30 B D:\eclipseProjects\Lemu2p0\APIs\jm\music\tools\QuantisationException.java --> ftphome.ci.qut.edu.au /20060220bkup/APIs/jm/music/tools QuantisationException.java
2006.02.20 21:30 B D:\eclipseProjects\Lemu2p0\APIs\jm\music\tools\WS_FTP.LOG --> ftphome.ci.qut.edu.au /20060220bkup/APIs/jm/music/tools WS_FTP.LOG
2006.04.27 12:02 B D:\eclipseProjects\LEMu2p0j14\APIs\jm\music\tools\AdaptiveMatrix.java --> ftphome.ci.qut.edu.au /20060427bkupBeforesmoothing/APIs/jm/music/tools AdaptiveMatrix.java
2006.04.27 12:02 B D:\eclipseProjects\LEMu2p0j14\APIs\jm\music\tools\ChordAnalysis.java --> ftphome.ci.qut.edu.au /20060427bkupBeforesmoothing/APIs/jm/music/tools ChordAnalysis.java
2006.04.27 12:02 B D:\eclipseProjects\LEMu2p0j14\APIs\jm\music\tools\Mod.java --> ftphome.ci.qut.edu.au /20060427bkupBeforesmoothing/APIs/jm/music/tools Mod.java
2006.04.27 12:02 B D:\eclipseProjects\LEMu2p0j14\APIs\jm\music\tools\NoteListException.java --> ftphome.ci.qut.edu.au /20060427bkupBeforesmoothing/APIs/jm/music/tools NoteListException.java
2006.04.27 12:02 B D:\eclipseProjects\LEMu2p0j14\APIs\jm\music\tools\PhraseAnalysis.java --> ftphome.ci.qut.edu.au /20060427bkupBeforesmoothing/APIs/jm/music/tools PhraseAnalysis.java
2006.04.27 12:02 B D:\eclipseProjects\LEMu2p0j14\APIs\jm\music\tools\PhraseMatrix.java --> ftphome.ci.qut.edu.au /20060427bkupBeforesmoothing/APIs/jm/music/tools PhraseMatrix.java
2006.04.27 12:02 B D:\eclipseProjects\LEMu2p0j14\APIs\jm\music\tools\Prob.java --> ftphome.ci.qut.edu.au /20060427bkupBeforesmoothing/APIs/jm/music/tools Prob.java
2006.04.27 12:02 B D:\eclipseProjects\LEMu2p0j14\APIs\jm\music\tools\QuantisationException.java --> ftphome.ci.qut.edu.au /20060427bkupBeforesmoothing/APIs/jm/music/tools QuantisationException.java
2006.04.27 12:02 B D:\eclipseProjects\LEMu2p0j14\APIs\jm\music\tools\WS_FTP.LOG --> ftphome.ci.qut.edu.au /20060427bkupBeforesmoothing/APIs/jm/music/tools WS_FTP.LOG
