2006.02.17 12:10 B d:\eclipseProjects\Lemu2p0\APIs\jmms\processor\Actuator.java --> ftphome.ci.qut.edu.au /20060216Bkup/APIs/jmms/processor Actuator.java
2006.02.17 12:10 B d:\eclipseProjects\Lemu2p0\APIs\jmms\processor\ActuatorCommander.java --> ftphome.ci.qut.edu.au /20060216Bkup/APIs/jmms/processor ActuatorCommander.java
2006.02.17 12:10 B d:\eclipseProjects\Lemu2p0\APIs\jmms\processor\ActuatorContainer.java --> ftphome.ci.qut.edu.au /20060216Bkup/APIs/jmms/processor ActuatorContainer.java
2006.02.17 12:10 B d:\eclipseProjects\Lemu2p0\APIs\jmms\processor\ActuatorContainerManager.java --> ftphome.ci.qut.edu.au /20060216Bkup/APIs/jmms/processor ActuatorContainerManager.java
2006.02.17 12:10 B d:\eclipseProjects\Lemu2p0\APIs\jmms\processor\ActuatorEvent.java --> ftphome.ci.qut.edu.au /20060216Bkup/APIs/jmms/processor ActuatorEvent.java
2006.02.17 12:10 B d:\eclipseProjects\Lemu2p0\APIs\jmms\processor\ActuatorPath.java --> ftphome.ci.qut.edu.au /20060216Bkup/APIs/jmms/processor ActuatorPath.java
2006.02.17 12:11 B d:\eclipseProjects\Lemu2p0\APIs\jmms\processor\MapperAppl.java --> ftphome.ci.qut.edu.au /20060216Bkup/APIs/jmms/processor MapperAppl.java
2006.02.17 12:11 B d:\eclipseProjects\Lemu2p0\APIs\jmms\processor\MidiInputLocation.java --> ftphome.ci.qut.edu.au /20060216Bkup/APIs/jmms/processor MidiInputLocation.java
2006.02.17 12:11 B d:\eclipseProjects\Lemu2p0\APIs\jmms\processor\MidiLocation.java --> ftphome.ci.qut.edu.au /20060216Bkup/APIs/jmms/processor MidiLocation.java
2006.02.17 12:11 B d:\eclipseProjects\Lemu2p0\APIs\jmms\processor\MidiOutputLocation.java --> ftphome.ci.qut.edu.au /20060216Bkup/APIs/jmms/processor MidiOutputLocation.java
2006.02.17 12:11 B d:\eclipseProjects\Lemu2p0\APIs\jmms\processor\MidiOutputManager.java --> ftphome.ci.qut.edu.au /20060216Bkup/APIs/jmms/processor MidiOutputManager.java
2006.02.17 12:11 B d:\eclipseProjects\Lemu2p0\APIs\jmms\processor\MidiProcessor.java --> ftphome.ci.qut.edu.au /20060216Bkup/APIs/jmms/processor MidiProcessor.java
2006.02.17 12:11 B d:\eclipseProjects\Lemu2p0\APIs\jmms\processor\Process.java --> ftphome.ci.qut.edu.au /20060216Bkup/APIs/jmms/processor Process.java
2006.02.17 12:11 B d:\eclipseProjects\Lemu2p0\APIs\jmms\processor\ProcessFactory.java --> ftphome.ci.qut.edu.au /20060216Bkup/APIs/jmms/processor ProcessFactory.java
2006.04.27 12:02 B D:\eclipseProjects\LEMu2p0j14\APIs\jmms\processor\Actuator.java --> ftphome.ci.qut.edu.au /20060427bkupBeforesmoothing/APIs/jmms/processor Actuator.java
2006.04.27 12:02 B D:\eclipseProjects\LEMu2p0j14\APIs\jmms\processor\ActuatorCommander.java --> ftphome.ci.qut.edu.au /20060427bkupBeforesmoothing/APIs/jmms/processor ActuatorCommander.java
2006.04.27 12:02 B D:\eclipseProjects\LEMu2p0j14\APIs\jmms\processor\ActuatorContainer.java --> ftphome.ci.qut.edu.au /20060427bkupBeforesmoothing/APIs/jmms/processor ActuatorContainer.java
2006.04.27 12:02 B D:\eclipseProjects\LEMu2p0j14\APIs\jmms\processor\ActuatorContainerManager.java --> ftphome.ci.qut.edu.au /20060427bkupBeforesmoothing/APIs/jmms/processor ActuatorContainerManager.java
2006.04.27 12:02 B D:\eclipseProjects\LEMu2p0j14\APIs\jmms\processor\ActuatorEvent.java --> ftphome.ci.qut.edu.au /20060427bkupBeforesmoothing/APIs/jmms/processor ActuatorEvent.java
2006.04.27 12:02 B D:\eclipseProjects\LEMu2p0j14\APIs\jmms\processor\ActuatorPath.java --> ftphome.ci.qut.edu.au /20060427bkupBeforesmoothing/APIs/jmms/processor ActuatorPath.java
2006.04.27 12:02 B D:\eclipseProjects\LEMu2p0j14\APIs\jmms\processor\MapperAppl.java --> ftphome.ci.qut.edu.au /20060427bkupBeforesmoothing/APIs/jmms/processor MapperAppl.java
2006.04.27 12:02 B D:\eclipseProjects\LEMu2p0j14\APIs\jmms\processor\MidiInputLocation.java --> ftphome.ci.qut.edu.au /20060427bkupBeforesmoothing/APIs/jmms/processor MidiInputLocation.java
2006.04.27 12:02 B D:\eclipseProjects\LEMu2p0j14\APIs\jmms\processor\MidiLocation.java --> ftphome.ci.qut.edu.au /20060427bkupBeforesmoothing/APIs/jmms/processor MidiLocation.java
2006.04.27 12:02 B D:\eclipseProjects\LEMu2p0j14\APIs\jmms\processor\MidiOutputLocation.java --> ftphome.ci.qut.edu.au /20060427bkupBeforesmoothing/APIs/jmms/processor MidiOutputLocation.java
2006.04.27 12:02 B D:\eclipseProjects\LEMu2p0j14\APIs\jmms\processor\MidiOutputManager.java --> ftphome.ci.qut.edu.au /20060427bkupBeforesmoothing/APIs/jmms/processor MidiOutputManager.java
2006.04.27 12:02 B D:\eclipseProjects\LEMu2p0j14\APIs\jmms\processor\MidiProcessor.java --> ftphome.ci.qut.edu.au /20060427bkupBeforesmoothing/APIs/jmms/processor MidiProcessor.java
2006.04.27 12:02 B D:\eclipseProjects\LEMu2p0j14\APIs\jmms\processor\Process.java --> ftphome.ci.qut.edu.au /20060427bkupBeforesmoothing/APIs/jmms/processor Process.java
2006.04.27 12:02 B D:\eclipseProjects\LEMu2p0j14\APIs\jmms\processor\ProcessFactory.java --> ftphome.ci.qut.edu.au /20060427bkupBeforesmoothing/APIs/jmms/processor ProcessFactory.java
2006.04.27 12:02 B D:\eclipseProjects\LEMu2p0j14\APIs\jmms\processor\WS_FTP.LOG --> ftphome.ci.qut.edu.au /20060427bkupBeforesmoothing/APIs/jmms/processor WS_FTP.LOG
